<?xml version="1.0" encoding="UTF-8" standalone="no"?><testsuite errors="0" failures="1" name="Create book" skipped="0" tests="6" time="22.8" timestamp="2024-05-12 12:03:00"><testcase name="As a user, I can create a book with valid inputs"/><testcase name="As a user, I cannot create a book with all empty inputs"/><testcase name="As a user, I cannot create a book with empty title"/><testcase name="As a user, I cannot create a book with empty author"/><testcase name="As a user, I cannot create a book with empty year"/><testcase name="As a user, I cannot create a book with invalid year"><failure message="expected: &lt;true&gt; but was: &lt;false&gt;" type="org.opentest4j.AssertionFailedError">expected: &lt;true&gt; but was: &lt;false&gt;</failure><system-err>expected: &lt;true&gt; but was: &lt;false&gt;
web.serenity.starter@1.0-SNAPSHOT/starter.stepdefinitions.createBookStep.showsErrorCreateMessage(createBookStep.java:33)
✽.systems show error create message "Book failed to create"(file:///Users/kayiin/Documents/A.%20Studi%20Independen/mini-project-fadillah/Web_Testing/src/test/resources/features/CreateBook.feature:46)
</system-err></testcase></testsuite>