<?xml version="1.0" encoding="UTF-8" standalone="no"?><testsuite errors="0" failures="1" name="Edit Book" skipped="0" tests="3" time="12.85" timestamp="2024-05-12 12:03:38"><testcase name="As a user, I can edit a book with valid inputs"/><testcase name="As a user, I cannot edit a book with invalid year"><failure message="expected: &lt;true&gt; but was: &lt;false&gt;" type="org.opentest4j.AssertionFailedError">expected: &lt;true&gt; but was: &lt;false&gt;</failure><system-err>expected: &lt;true&gt; but was: &lt;false&gt;
web.serenity.starter@1.0-SNAPSHOT/starter.stepdefinitions.editBookStep.errorMessageEditBook(editBookStep.java:54)
✽.systems show error message "Book edit failed"(file:///Users/kayiin/Documents/A.%20Studi%20Independen/mini-project-fadillah/Web_Testing/src/test/resources/features/EditBook.feature:23)
</system-err></testcase><testcase name="As a user, I can delete a book"/></testsuite>