<?xml version="1.0" encoding="UTF-8"?>
<testsuite xmlns:xsi="http://www.w3.org/2001/XMLSchema-instance" xsi:noNamespaceSchemaLocation="https://maven.apache.org/surefire/maven-failsafe-plugin/xsd/failsafe-test-report-3.0.xsd" version="3.0" name="starter.CucumberTestSuite" time="69.841" tests="12" errors="0" skipped="0" failures="2">
  <properties>
[...]
</properties>
  <testcase name="As a user, I can see books list by table" classname=": Book View" time="9.809">
    <system-out><![CDATA[23:15:37.742 [main] DEBUG io.cucumber.core.plugin.SerenityReporter -- Running feature from file:///Users/kayiin/Documents/A.%20Studi%20Independen/mini-project-fadillah/Web_Testing/src/test/resources/features/BookView.feature
23:15:37.899 [main] INFO  -- 

-------------------------------------------------------------------------------------
     _______. _______ .______       _______ .__   __.  __  .___________.____    ____ 
    /       ||   ____||   _  \     |   ____||  \ |  | |  | |           |\   \  /   / 
   |   (----`|  |__   |  |_)  |    |  |__   |   \|  | |  | `---|  |----` \   \/   /  
    \   \    |   __|  |      /     |   __|  |  . `  | |  |     |  |       \_    _/   
.----)   |   |  |____ |  |\  \----.|  |____ |  |\   | |  |     |  |         |  |     
|_______/    |_______|| _| `._____||_______||__| \__| |__|     |__|         |__|    
                                                                                     
 News and tutorials at https://serenity-bdd.info                                     
 Documentation at https://serenity-bdd.github.io                                     
 Test Automation Training and Coaching: https://www.serenity-dojo.com                
 Commercial Support: https://www.serenity-dojo.com/serenity-bdd-enterprise-support   
 Join the Serenity Community on Gitter: https://gitter.im/serenity-bdd/serenity-core 
-------------------------------------------------------------------------------------

23:15:37.910 [main] DEBUG net.thucydides.core.steps.StepEventBus -- Test suite started for story net.thucydides.model.domain.Story@6af629c0
23:15:37.916 [main] INFO  -- Test Suite Started: : Book View
23:15:38.133 [main] DEBUG io.cucumber.core.plugin.SerenityReporter -- Running feature from file:///Users/kayiin/Documents/A.%20Studi%20Independen/mini-project-fadillah/Web_Testing/src/test/resources/features/CreateBook.feature
23:15:38.142 [main] DEBUG net.thucydides.core.steps.StepEventBus -- Test suite started for story net.thucydides.model.domain.Story@cc9c4a0
23:15:38.142 [main] INFO  -- Test Suite Started: Create book
23:15:38.143 [main] DEBUG io.cucumber.core.plugin.SerenityReporter -- Running feature from file:///Users/kayiin/Documents/A.%20Studi%20Independen/mini-project-fadillah/Web_Testing/src/test/resources/features/EditBook.feature
23:15:38.149 [main] DEBUG net.thucydides.core.steps.StepEventBus -- Test suite started for story net.thucydides.model.domain.Story@69ed8660
23:15:38.151 [main] INFO  -- Test Suite Started: Edit Book
23:15:38.151 [main] DEBUG io.cucumber.core.plugin.SerenityReporter -- Running feature from file:///Users/kayiin/Documents/A.%20Studi%20Independen/mini-project-fadillah/Web_Testing/src/test/resources/features/BookView.feature
23:15:38.157 [main] DEBUG net.thucydides.core.steps.StepEventBus -- Test suite started for story net.thucydides.model.domain.Story@6af629c0
23:15:38.158 [main] INFO  -- Test Suite Started: : Book View

Scenario: As a user, I can see books list by table &amp#27;[90m# src/test/resources/features/BookView.feature:6&amp#27;[0m
23:15:38.314 [main] DEBUG io.cucumber.core.plugin.SerenityReporter -- Running feature from file:///Users/kayiin/Documents/A.%20Studi%20Independen/mini-project-fadillah/Web_Testing/src/test/resources/features/BookView.feature
23:15:38.666 [main] INFO  -- 
  _____   ___   ___   _____     ___   _____     _     ___   _____   ___   ___  
 |_   _| | __| / __| |_   _|   / __| |_   _|   /_\   | _ \ |_   _| | __| |   \ 
   | |   | _|  \__ \   | |     \__ \   | |    / _ \  |   /   | |   | _|  | |) |
   |_|   |___| |___/   |_|     |___/   |_|   /_/ \_\ |_|_\   |_|   |___| |___/ 

As a user, I can see books list by table(:-book-view;as-a-user--i-can-see-books-list-by-table)
--------------------------------------------------------------------------------
23:15:40.050 [main] INFO net.serenitybdd.core.webdriver.driverproviders.ChromeDriverProvider -- Starting Chrome driver instance with capabilities:
23:15:40.053 [main] INFO net.serenitybdd.core.webdriver.driverproviders.ChromeDriverProvider -- Capabilities {acceptInsecureCerts: false, browserName: chrome, goog:chromeOptions: {args: [remote-allow-origins=*], extensions: []}}
23:15:46.200 [main] DEBUG net.serenitybdd.core.photography.Darkroom -- Opening darkroom
23:15:46.202 [Darkroom Processing Line] DEBUG net.serenitybdd.core.photography.DarkroomProcessingLine -- Darkroom processing line starting up
23:15:46.661 [main] DEBUG net.serenitybdd.core.photography.Darkroom -- Send negative for processing for /Users/kayiin/Documents/A. Studi Independen/mini-project-fadillah/Web_Testing/target/site/serenity/492670d1c0455b271cf3179238cf3f2d85ea368f0f805a3d7865561feb8d8e99.png
23:15:46.662 [Darkroom Processing Line] DEBUG net.serenitybdd.core.photography.DarkroomProcessingLine -- Processing screenshot image in /var/screenshots/screenshot-8920808458424656650
23:15:46.663 [Darkroom Processing Line] DEBUG net.serenitybdd.core.photography.DarkroomProcessingLine -- Saving screenshot to /Users/kayiin/Documents/A. Studi Independen/mini-project-fadillah/Web_Testing/target/site/serenity/492670d1c0455b271cf3179238cf3f2d85ea368f0f805a3d7865561feb8d8e99.png
23:15:46.667 [main] DEBUG net.thucydides.core.steps.StepInterceptor -- STARTING STEP: BookViewStep.onTheMainPage - I am on the main page
23:15:46.903 [main] DEBUG net.serenitybdd.core.photography.Darkroom -- Send negative for processing for /Users/kayiin/Documents/A. Studi Independen/mini-project-fadillah/Web_Testing/target/site/serenity/0886ff3795765a1d8ab2caac42bbe7fba0df2206a7e04310448a9a210274caa2.png
23:15:46.903 [Darkroom Processing Line] DEBUG net.serenitybdd.core.photography.DarkroomProcessingLine -- Processing screenshot image in /var/screenshots/screenshot-5081645290318762413
23:15:46.903 [Darkroom Processing Line] DEBUG net.serenitybdd.core.photography.DarkroomProcessingLine -- Saving screenshot to /Users/kayiin/Documents/A. Studi Independen/mini-project-fadillah/Web_Testing/target/site/serenity/0886ff3795765a1d8ab2caac42bbe7fba0df2206a7e04310448a9a210274caa2.png
23:15:46.904 [main] DEBUG net.thucydides.core.steps.StepInterceptor -- STEP DONE: I am on the main page
  &amp#27;[32mGiven &amp#27;[0m&amp#27;[32mI am on the main page&amp#27;[0m                      &amp#27;[90m# starter.stepdefinitions.BookViewStep.onTheMainPage()&amp#27;[0m
23:15:46.938 [main] DEBUG net.thucydides.core.steps.StepInterceptor -- STARTING STEP: BookViewStep.clickTableButton - I click table button
23:15:47.239 [main] DEBUG net.serenitybdd.core.photography.Darkroom -- Send negative for processing for /Users/kayiin/Documents/A. Studi Independen/mini-project-fadillah/Web_Testing/target/site/serenity/53504cc5e83cc77388ee9e7729d6cced4536da272254aa4fafc2c933b8f758ad.png
23:15:47.239 [Darkroom Processing Line] DEBUG net.serenitybdd.core.photography.DarkroomProcessingLine -- Processing screenshot image in /var/screenshots/screenshot-6842976696651126071
23:15:47.239 [main] DEBUG net.thucydides.core.steps.StepInterceptor -- STEP DONE: I click table button
23:15:47.239 [Darkroom Processing Line] DEBUG net.serenitybdd.core.photography.DarkroomProcessingLine -- Saving screenshot to /Users/kayiin/Documents/A. Studi Independen/mini-project-fadillah/Web_Testing/target/site/serenity/53504cc5e83cc77388ee9e7729d6cced4536da272254aa4fafc2c933b8f758ad.png
  &amp#27;[32mWhen &amp#27;[0m&amp#27;[32mI click table button&amp#27;[0m                        &amp#27;[90m# starter.stepdefinitions.BookViewStep.clickTableButton()&amp#27;[0m
23:15:47.264 [main] DEBUG net.thucydides.core.steps.StepInterceptor -- STARTING STEP: BookViewStep.bookListByTable - I see books list by table
23:15:47.687 [main] DEBUG net.serenitybdd.core.photography.Darkroom -- Send negative for processing for /Users/kayiin/Documents/A. Studi Independen/mini-project-fadillah/Web_Testing/target/site/serenity/1d036f65b728d87e442484df85a51a76f543ed511a3866e1363f0c40c2bdcf45.png
23:15:47.687 [Darkroom Processing Line] DEBUG net.serenitybdd.core.photography.DarkroomProcessingLine -- Processing screenshot image in /var/screenshots/screenshot-17684903776767042074
23:15:47.687 [Darkroom Processing Line] DEBUG net.serenitybdd.core.photography.DarkroomProcessingLine -- Saving screenshot to /Users/kayiin/Documents/A. Studi Independen/mini-project-fadillah/Web_Testing/target/site/serenity/1d036f65b728d87e442484df85a51a76f543ed511a3866e1363f0c40c2bdcf45.png
23:15:47.687 [main] DEBUG net.thucydides.core.steps.StepInterceptor -- STEP DONE: I see books list by table
  &amp#27;[32mThen &amp#27;[0m&amp#27;[32mI see books list by table&amp#27;[0m                   &amp#27;[90m# starter.stepdefinitions.BookViewStep.bookListByTable()&amp#27;[0m
23:15:47.698 [main] INFO  -- 
  _____   ___   ___   _____     ___     _     ___   ___   ___   ___  
 |_   _| | __| / __| |_   _|   | _ \   /_\   / __| / __| | __| |   \ 
   | |   | _|  \__ \   | |     |  _/  / _ \  \__ \ \__ \ | _|  | |) |
   |_|   |___| |___/   |_|     |_|   /_/ \_\ |___/ |___/ |___| |___/ 

As a user, I can see books list by table
----------------------------------------------------------------------
]]></system-out>
    <system-err><![CDATA[Mei 13, 2024 11:15:45 PM org.openqa.selenium.devtools.CdpVersionFinder findNearestMatch
WARNING: Unable to find an exact match for CDP version 124, returning the closest version; found: 122; Please update to a Selenium version that supports CDP version 124
]]></system-err>
  </testcase>
  <testcase name="As a user, I can see books list by card" classname=": Book View" time="4.138">
    <system-out><![CDATA[
Scenario: As a user, I can see books list by card &amp#27;[90m# src/test/resources/features/BookView.feature:11&amp#27;[0m
23:15:47.991 [main] DEBUG io.cucumber.core.plugin.SerenityReporter -- Running feature from file:///Users/kayiin/Documents/A.%20Studi%20Independen/mini-project-fadillah/Web_Testing/src/test/resources/features/BookView.feature
23:15:48.018 [main] INFO  -- 
  _____   ___   ___   _____     ___   _____     _     ___   _____   ___   ___  
 |_   _| | __| / __| |_   _|   / __| |_   _|   /_\   | _ \ |_   _| | __| |   \ 
   | |   | _|  \__ \   | |     \__ \   | |    / _ \  |   /   | |   | _|  | |) |
   |_|   |___| |___/   |_|     |___/   |_|   /_/ \_\ |_|_\   |_|   |___| |___/ 

As a user, I can see books list by card(:-book-view;as-a-user--i-can-see-books-list-by-card)
--------------------------------------------------------------------------------
23:15:48.202 [main] INFO net.serenitybdd.core.webdriver.driverproviders.ChromeDriverProvider -- Starting Chrome driver instance with capabilities:
23:15:48.203 [main] INFO net.serenitybdd.core.webdriver.driverproviders.ChromeDriverProvider -- Capabilities {acceptInsecureCerts: false, browserName: chrome, goog:chromeOptions: {args: [remote-allow-origins=*], extensions: []}}
23:15:50.946 [main] DEBUG net.serenitybdd.core.photography.Darkroom -- Send negative for processing for /Users/kayiin/Documents/A. Studi Independen/mini-project-fadillah/Web_Testing/target/site/serenity/574bad1e158668d8c3715b17fa8390bf99a68544ecd1c16037699ad939263664.png
23:15:50.946 [Darkroom Processing Line] DEBUG net.serenitybdd.core.photography.DarkroomProcessingLine -- Processing screenshot image in /var/screenshots/screenshot-7235539301576604734
23:15:50.947 [Darkroom Processing Line] DEBUG net.serenitybdd.core.photography.DarkroomProcessingLine -- Saving screenshot to /Users/kayiin/Documents/A. Studi Independen/mini-project-fadillah/Web_Testing/target/site/serenity/574bad1e158668d8c3715b17fa8390bf99a68544ecd1c16037699ad939263664.png
23:15:50.947 [main] DEBUG net.thucydides.core.steps.StepInterceptor -- STARTING STEP: BookViewStep.onTheMainPage - I am on the main page
23:15:51.178 [main] DEBUG net.serenitybdd.core.photography.Darkroom -- Send negative for processing for /Users/kayiin/Documents/A. Studi Independen/mini-project-fadillah/Web_Testing/target/site/serenity/c6c74e7dd9281a226223f83a84541c38797b068110c54491b669684916b7bcde.png
23:15:51.178 [Darkroom Processing Line] DEBUG net.serenitybdd.core.photography.DarkroomProcessingLine -- Processing screenshot image in /var/screenshots/screenshot-6558971648470140289
23:15:51.179 [main] DEBUG net.thucydides.core.steps.StepInterceptor -- STEP DONE: I am on the main page
23:15:51.179 [Darkroom Processing Line] DEBUG net.serenitybdd.core.photography.DarkroomProcessingLine -- Saving screenshot to /Users/kayiin/Documents/A. Studi Independen/mini-project-fadillah/Web_Testing/target/site/serenity/c6c74e7dd9281a226223f83a84541c38797b068110c54491b669684916b7bcde.png
  &amp#27;[32mGiven &amp#27;[0m&amp#27;[32mI am on the main page&amp#27;[0m                     &amp#27;[90m# starter.stepdefinitions.BookViewStep.onTheMainPage()&amp#27;[0m
23:15:51.211 [main] DEBUG net.thucydides.core.steps.StepInterceptor -- STARTING STEP: BookViewStep.clickCardButton - I click card button
23:15:51.628 [main] DEBUG net.serenitybdd.core.photography.Darkroom -- Send negative for processing for /Users/kayiin/Documents/A. Studi Independen/mini-project-fadillah/Web_Testing/target/site/serenity/79a1d8f4d21e2f8081f6491c959fb0e1a8ea1fd9f494a8a1c831ea12c721ca06.png
23:15:51.629 [Darkroom Processing Line] DEBUG net.serenitybdd.core.photography.DarkroomProcessingLine -- Processing screenshot image in /var/screenshots/screenshot-4294620916861041462
23:15:51.630 [Darkroom Processing Line] DEBUG net.serenitybdd.core.photography.DarkroomProcessingLine -- Saving screenshot to /Users/kayiin/Documents/A. Studi Independen/mini-project-fadillah/Web_Testing/target/site/serenity/79a1d8f4d21e2f8081f6491c959fb0e1a8ea1fd9f494a8a1c831ea12c721ca06.png
23:15:51.630 [main] DEBUG net.thucydides.core.steps.StepInterceptor -- STEP DONE: I click card button
  &amp#27;[32mWhen &amp#27;[0m&amp#27;[32mI click card button&amp#27;[0m                        &amp#27;[90m# starter.stepdefinitions.BookViewStep.clickCardButton()&amp#27;[0m
23:15:51.671 [main] DEBUG net.thucydides.core.steps.StepInterceptor -- STARTING STEP: BookViewStep.cardBookList - I see books list by card
23:15:51.914 [main] DEBUG net.serenitybdd.core.photography.Darkroom -- Send negative for processing for /Users/kayiin/Documents/A. Studi Independen/mini-project-fadillah/Web_Testing/target/site/serenity/8ff6aad58bcd7ad5817ea932aa8dc395870d50550a175dc46df42c5b9cded698.png
23:15:51.915 [Darkroom Processing Line] DEBUG net.serenitybdd.core.photography.DarkroomProcessingLine -- Processing screenshot image in /var/screenshots/screenshot-770720280417325220
23:15:51.915 [main] DEBUG net.thucydides.core.steps.StepInterceptor -- STEP DONE: I see books list by card
23:15:51.915 [Darkroom Processing Line] DEBUG net.serenitybdd.core.photography.DarkroomProcessingLine -- Saving screenshot to /Users/kayiin/Documents/A. Studi Independen/mini-project-fadillah/Web_Testing/target/site/serenity/8ff6aad58bcd7ad5817ea932aa8dc395870d50550a175dc46df42c5b9cded698.png
  &amp#27;[32mThen &amp#27;[0m&amp#27;[32mI see books list by card&amp#27;[0m                   &amp#27;[90m# starter.stepdefinitions.BookViewStep.cardBookList()&amp#27;[0m
23:15:51.926 [main] INFO  -- 
  _____   ___   ___   _____     ___     _     ___   ___   ___   ___  
 |_   _| | __| / __| |_   _|   | _ \   /_\   / __| / __| | __| |   \ 
   | |   | _|  \__ \   | |     |  _/  / _ \  \__ \ \__ \ | _|  | |) |
   |_|   |___| |___/   |_|     |_|   /_/ \_\ |___/ |___/ |___| |___/ 

As a user, I can see books list by card
----------------------------------------------------------------------
]]></system-out>
    <system-err><![CDATA[Mei 13, 2024 11:15:49 PM org.openqa.selenium.devtools.CdpVersionFinder findNearestMatch
WARNING: Unable to find an exact match for CDP version 124, returning the closest version; found: 122; Please update to a Selenium version that supports CDP version 124
]]></system-err>
  </testcase>
  <testcase name="As a user, I can see detail of book" classname=": Book View" time="6.028">
    <system-out><![CDATA[
Scenario: As a user, I can see detail of book &amp#27;[90m# src/test/resources/features/BookView.feature:16&amp#27;[0m
23:15:52.122 [main] DEBUG io.cucumber.core.plugin.SerenityReporter -- Running feature from file:///Users/kayiin/Documents/A.%20Studi%20Independen/mini-project-fadillah/Web_Testing/src/test/resources/features/BookView.feature
23:15:52.126 [main] INFO  -- 
  _____   ___   ___   _____     ___   _____     _     ___   _____   ___   ___  
 |_   _| | __| / __| |_   _|   / __| |_   _|   /_\   | _ \ |_   _| | __| |   \ 
   | |   | _|  \__ \   | |     \__ \   | |    / _ \  |   /   | |   | _|  | |) |
   |_|   |___| |___/   |_|     |___/   |_|   /_/ \_\ |_|_\   |_|   |___| |___/ 

As a user, I can see detail of book(:-book-view;as-a-user--i-can-see-detail-of-book)
--------------------------------------------------------------------------------
23:15:52.251 [main] INFO net.serenitybdd.core.webdriver.driverproviders.ChromeDriverProvider -- Starting Chrome driver instance with capabilities:
23:15:52.252 [main] INFO net.serenitybdd.core.webdriver.driverproviders.ChromeDriverProvider -- Capabilities {acceptInsecureCerts: false, browserName: chrome, goog:chromeOptions: {args: [remote-allow-origins=*], extensions: []}}
23:15:56.426 [main] DEBUG net.serenitybdd.core.photography.Darkroom -- Send negative for processing for /Users/kayiin/Documents/A. Studi Independen/mini-project-fadillah/Web_Testing/target/site/serenity/6eb0bf17bd3393bcb7dc834182f7792611ab6c89d19aba3f1259f9e7557075de.png
23:15:56.427 [Darkroom Processing Line] DEBUG net.serenitybdd.core.photography.DarkroomProcessingLine -- Processing screenshot image in /var/screenshots/screenshot-3918354784617374022
23:15:56.427 [Darkroom Processing Line] DEBUG net.serenitybdd.core.photography.DarkroomProcessingLine -- Saving screenshot to /Users/kayiin/Documents/A. Studi Independen/mini-project-fadillah/Web_Testing/target/site/serenity/6eb0bf17bd3393bcb7dc834182f7792611ab6c89d19aba3f1259f9e7557075de.png
23:15:56.427 [main] DEBUG net.thucydides.core.steps.StepInterceptor -- STARTING STEP: BookViewStep.onTheMainPage - I am on the main page
23:15:56.474 [main] DEBUG net.thucydides.core.steps.StepInterceptor -- STEP DONE: I am on the main page
  &amp#27;[32mGiven &amp#27;[0m&amp#27;[32mI am on the main page&amp#27;[0m                 &amp#27;[90m# starter.stepdefinitions.BookViewStep.onTheMainPage()&amp#27;[0m
23:15:56.614 [main] DEBUG net.serenitybdd.core.photography.Darkroom -- Send negative for processing for /Users/kayiin/Documents/A. Studi Independen/mini-project-fadillah/Web_Testing/target/site/serenity/53d918eec267fb57da35b4104e84c826c8a80b443edd5a83b63114e33d263208.png
23:15:56.614 [Darkroom Processing Line] DEBUG net.serenitybdd.core.photography.DarkroomProcessingLine -- Processing screenshot image in /var/screenshots/screenshot-1850319462727535596
23:15:56.614 [Darkroom Processing Line] DEBUG net.serenitybdd.core.photography.DarkroomProcessingLine -- Saving screenshot to /Users/kayiin/Documents/A. Studi Independen/mini-project-fadillah/Web_Testing/target/site/serenity/53d918eec267fb57da35b4104e84c826c8a80b443edd5a83b63114e33d263208.png
23:15:56.626 [main] DEBUG net.thucydides.core.steps.StepInterceptor -- STARTING STEP: BookViewStep.clickDetailIcon - I click detail icon
23:15:57.606 [main] DEBUG net.serenitybdd.core.photography.Darkroom -- Send negative for processing for /Users/kayiin/Documents/A. Studi Independen/mini-project-fadillah/Web_Testing/target/site/serenity/319bde16ff937e1fe2ac726464a1c507f255820908953cc6956a11c0569ba30d.png
23:15:57.606 [main] DEBUG net.thucydides.core.steps.StepInterceptor -- STEP DONE: I click detail icon
23:15:57.606 [Darkroom Processing Line] DEBUG net.serenitybdd.core.photography.DarkroomProcessingLine -- Processing screenshot image in /var/screenshots/screenshot-9243027284225795622
23:15:57.606 [Darkroom Processing Line] DEBUG net.serenitybdd.core.photography.DarkroomProcessingLine -- Saving screenshot to /Users/kayiin/Documents/A. Studi Independen/mini-project-fadillah/Web_Testing/target/site/serenity/319bde16ff937e1fe2ac726464a1c507f255820908953cc6956a11c0569ba30d.png
  &amp#27;[32mWhen &amp#27;[0m&amp#27;[32mI click detail icon&amp#27;[0m                    &amp#27;[90m# starter.stepdefinitions.BookViewStep.clickDetailIcon()&amp#27;[0m
23:15:57.624 [main] DEBUG net.thucydides.core.steps.StepInterceptor -- STARTING STEP: BookViewStep.detailBook - I see a detail of book
23:15:57.963 [main] DEBUG net.serenitybdd.core.photography.Darkroom -- Send negative for processing for /Users/kayiin/Documents/A. Studi Independen/mini-project-fadillah/Web_Testing/target/site/serenity/494b09f7ade8a8a14d6486c95b2156c4260491eef9d1ac16c6542768c503c687.png
23:15:57.963 [Darkroom Processing Line] DEBUG net.serenitybdd.core.photography.DarkroomProcessingLine -- Processing screenshot image in /var/screenshots/screenshot-8213685599686279717
23:15:57.963 [main] DEBUG net.thucydides.core.steps.StepInterceptor -- STEP DONE: I see a detail of book
23:15:57.963 [Darkroom Processing Line] DEBUG net.serenitybdd.core.photography.DarkroomProcessingLine -- Saving screenshot to /Users/kayiin/Documents/A. Studi Independen/mini-project-fadillah/Web_Testing/target/site/serenity/494b09f7ade8a8a14d6486c95b2156c4260491eef9d1ac16c6542768c503c687.png
  &amp#27;[32mThen &amp#27;[0m&amp#27;[32mI see a detail of book&amp#27;[0m                 &amp#27;[90m# starter.stepdefinitions.BookViewStep.detailBook()&amp#27;[0m
23:15:57.969 [main] INFO  -- 
  _____   ___   ___   _____     ___     _     ___   ___   ___   ___  
 |_   _| | __| / __| |_   _|   | _ \   /_\   / __| / __| | __| |   \ 
   | |   | _|  \__ \   | |     |  _/  / _ \  \__ \ \__ \ | _|  | |) |
   |_|   |___| |___/   |_|     |_|   /_/ \_\ |___/ |___/ |___| |___/ 

As a user, I can see detail of book
----------------------------------------------------------------------
]]></system-out>
    <system-err><![CDATA[Mei 13, 2024 11:15:53 PM org.openqa.selenium.devtools.CdpVersionFinder findNearestMatch
WARNING: Unable to find an exact match for CDP version 124, returning the closest version; found: 122; Please update to a Selenium version that supports CDP version 124
]]></system-err>
  </testcase>
  <testcase name="As a user, I can create a book with valid inputs" classname="Create book" time="6.528">
    <system-out><![CDATA[23:15:58.143 [main] DEBUG io.cucumber.core.plugin.SerenityReporter -- Running feature from file:///Users/kayiin/Documents/A.%20Studi%20Independen/mini-project-fadillah/Web_Testing/src/test/resources/features/CreateBook.feature
23:15:58.149 [main] DEBUG net.thucydides.core.steps.StepEventBus -- Test suite started for story net.thucydides.model.domain.Story@cc9c4a0
23:15:58.149 [main] INFO  -- Test Suite Started: Create book

Scenario: As a user, I can create a book with valid inputs             &amp#27;[90m# src/test/resources/features/CreateBook.feature:10&amp#27;[0m
23:15:58.168 [main] DEBUG io.cucumber.core.plugin.SerenityReporter -- Running feature from file:///Users/kayiin/Documents/A.%20Studi%20Independen/mini-project-fadillah/Web_Testing/src/test/resources/features/CreateBook.feature
23:15:58.173 [main] INFO  -- 
  _____   ___   ___   _____     ___   _____     _     ___   _____   ___   ___  
 |_   _| | __| / __| |_   _|   / __| |_   _|   /_\   | _ \ |_   _| | __| |   \ 
   | |   | _|  \__ \   | |     \__ \   | |    / _ \  |   /   | |   | _|  | |) |
   |_|   |___| |___/   |_|     |___/   |_|   /_/ \_\ |_|_\   |_|   |___| |___/ 

As a user, I can create a book with valid inputs(create-book;as-a-user--i-can-create-a-book-with-valid-inputs)
--------------------------------------------------------------------------------
23:15:58.262 [main] INFO net.serenitybdd.core.webdriver.driverproviders.ChromeDriverProvider -- Starting Chrome driver instance with capabilities:
23:15:58.263 [main] INFO net.serenitybdd.core.webdriver.driverproviders.ChromeDriverProvider -- Capabilities {acceptInsecureCerts: false, browserName: chrome, goog:chromeOptions: {args: [remote-allow-origins=*], extensions: []}}
23:16:00.620 [main] DEBUG net.serenitybdd.core.photography.Darkroom -- Opening darkroom
23:16:00.620 [Darkroom Processing Line] DEBUG net.serenitybdd.core.photography.DarkroomProcessingLine -- Darkroom processing line starting up
23:16:01.130 [main] DEBUG net.serenitybdd.core.photography.Darkroom -- Send negative for processing for /Users/kayiin/Documents/A. Studi Independen/mini-project-fadillah/Web_Testing/target/site/serenity/e7b047532ade69e693c8c94bf98f28b7d6f3280e8d7c39fe6af3b8dcae28dce9.png
23:16:01.130 [Darkroom Processing Line] DEBUG net.serenitybdd.core.photography.DarkroomProcessingLine -- Processing screenshot image in /var/screenshots/screenshot-8695733161659543981
23:16:01.130 [Darkroom Processing Line] DEBUG net.serenitybdd.core.photography.DarkroomProcessingLine -- Saving screenshot to /Users/kayiin/Documents/A. Studi Independen/mini-project-fadillah/Web_Testing/target/site/serenity/e7b047532ade69e693c8c94bf98f28b7d6f3280e8d7c39fe6af3b8dcae28dce9.png
23:16:01.130 [main] DEBUG net.thucydides.core.steps.StepInterceptor -- STARTING STEP: BookViewStep.onTheMainPage - I am on the main page
23:16:01.346 [main] DEBUG net.serenitybdd.core.photography.Darkroom -- Send negative for processing for /Users/kayiin/Documents/A. Studi Independen/mini-project-fadillah/Web_Testing/target/site/serenity/ced6b5250e24e78744aff156d93951545d357600b363f2301c22b15a14cf05ab.png
23:16:01.346 [Darkroom Processing Line] DEBUG net.serenitybdd.core.photography.DarkroomProcessingLine -- Processing screenshot image in /var/screenshots/screenshot-10280478720525724791
23:16:01.347 [Darkroom Processing Line] DEBUG net.serenitybdd.core.photography.DarkroomProcessingLine -- Saving screenshot to /Users/kayiin/Documents/A. Studi Independen/mini-project-fadillah/Web_Testing/target/site/serenity/ced6b5250e24e78744aff156d93951545d357600b363f2301c22b15a14cf05ab.png
23:16:01.347 [main] DEBUG net.thucydides.core.steps.StepInterceptor -- STEP DONE: I am on the main page
  &amp#27;[32mGiven &amp#27;[0m&amp#27;[32mI am on the main page&amp#27;[0m                                          &amp#27;[90m# starter.stepdefinitions.BookViewStep.onTheMainPage()&amp#27;[0m
23:16:01.855 [main] DEBUG net.serenitybdd.core.photography.Darkroom -- Send negative for processing for /Users/kayiin/Documents/A. Studi Independen/mini-project-fadillah/Web_Testing/target/site/serenity/f8f2f4349568f490e2465e0f2f28ceb97427765b86f119b7b09ab90ee5baa849.png
23:16:01.856 [Darkroom Processing Line] DEBUG net.serenitybdd.core.photography.DarkroomProcessingLine -- Processing screenshot image in /var/screenshots/screenshot-15210269771691319740
23:16:01.856 [Darkroom Processing Line] DEBUG net.serenitybdd.core.photography.DarkroomProcessingLine -- Saving screenshot to /Users/kayiin/Documents/A. Studi Independen/mini-project-fadillah/Web_Testing/target/site/serenity/f8f2f4349568f490e2465e0f2f28ceb97427765b86f119b7b09ab90ee5baa849.png
23:16:01.856 [main] DEBUG net.thucydides.core.steps.StepInterceptor -- STARTING STEP: createBookStep.clickPlusButton - clickPlusButton
23:16:02.164 [main] DEBUG net.serenitybdd.core.photography.Darkroom -- Send negative for processing for /Users/kayiin/Documents/A. Studi Independen/mini-project-fadillah/Web_Testing/target/site/serenity/0d3e9915564b8506dbc8422b3efa811607676c2cd1b8f7c60987d81216ddb2de.png
23:16:02.165 [main] DEBUG net.thucydides.core.steps.StepInterceptor -- STEP DONE: clickPlusButton
  &amp#27;[32mWhen &amp#27;[0m&amp#27;[32mI click plus button&amp#27;[0m                                             &amp#27;[90m# starter.stepdefinitions.createBookStep.clickPlusButton()&amp#27;[0m
23:16:02.167 [Darkroom Processing Line] DEBUG net.serenitybdd.core.photography.DarkroomProcessingLine -- Processing screenshot image in /var/screenshots/screenshot-11247874306704522802
23:16:02.167 [Darkroom Processing Line] DEBUG net.serenitybdd.core.photography.DarkroomProcessingLine -- Saving screenshot to /Users/kayiin/Documents/A. Studi Independen/mini-project-fadillah/Web_Testing/target/site/serenity/0d3e9915564b8506dbc8422b3efa811607676c2cd1b8f7c60987d81216ddb2de.png
  &amp#27;[32mAnd &amp#27;[0m&amp#27;[32mI input valid title&amp#27;[0m                                              &amp#27;[90m# starter.stepdefinitions.editBookStep.inputValidTitle()&amp#27;[0m
23:16:02.612 [main] DEBUG net.serenitybdd.core.photography.Darkroom -- Send negative for processing for /Users/kayiin/Documents/A. Studi Independen/mini-project-fadillah/Web_Testing/target/site/serenity/b935924383439d255472d134511caaacfc92aea999c7a737f2937b844417f463.png
23:16:02.612 [Darkroom Processing Line] DEBUG net.serenitybdd.core.photography.DarkroomProcessingLine -- Processing screenshot image in /var/screenshots/screenshot-2972644267389047898
23:16:02.612 [Darkroom Processing Line] DEBUG net.serenitybdd.core.photography.DarkroomProcessingLine -- Saving screenshot to /Users/kayiin/Documents/A. Studi Independen/mini-project-fadillah/Web_Testing/target/site/serenity/b935924383439d255472d134511caaacfc92aea999c7a737f2937b844417f463.png
  &amp#27;[32mAnd &amp#27;[0m&amp#27;[32mI input valid author&amp#27;[0m                                             &amp#27;[90m# starter.stepdefinitions.editBookStep.inputValidAuthor()&amp#27;[0m
23:16:02.846 [main] DEBUG net.serenitybdd.core.photography.Darkroom -- Send negative for processing for /Users/kayiin/Documents/A. Studi Independen/mini-project-fadillah/Web_Testing/target/site/serenity/13bf5bb7c1654a0c0c78f0230e6a9bd98f34ce4df192cd177ba9ff72f8f927cf.png
23:16:02.847 [Darkroom Processing Line] DEBUG net.serenitybdd.core.photography.DarkroomProcessingLine -- Processing screenshot image in /var/screenshots/screenshot-16462457007938694006
23:16:02.847 [Darkroom Processing Line] DEBUG net.serenitybdd.core.photography.DarkroomProcessingLine -- Saving screenshot to /Users/kayiin/Documents/A. Studi Independen/mini-project-fadillah/Web_Testing/target/site/serenity/13bf5bb7c1654a0c0c78f0230e6a9bd98f34ce4df192cd177ba9ff72f8f927cf.png
  &amp#27;[32mAnd &amp#27;[0m&amp#27;[32mI input valid year&amp#27;[0m                                               &amp#27;[90m# starter.stepdefinitions.editBookStep.inputValidYear()&amp#27;[0m
23:16:03.080 [main] DEBUG net.serenitybdd.core.photography.Darkroom -- Send negative for processing for /Users/kayiin/Documents/A. Studi Independen/mini-project-fadillah/Web_Testing/target/site/serenity/4bfb719b50d6b6b54c48163c57c4b3a16080e2e28ab0ec7d46dcc3507f81ab2f.png
23:16:03.081 [Darkroom Processing Line] DEBUG net.serenitybdd.core.photography.DarkroomProcessingLine -- Processing screenshot image in /var/screenshots/screenshot-1347024661555393117
23:16:03.081 [Darkroom Processing Line] DEBUG net.serenitybdd.core.photography.DarkroomProcessingLine -- Saving screenshot to /Users/kayiin/Documents/A. Studi Independen/mini-project-fadillah/Web_Testing/target/site/serenity/4bfb719b50d6b6b54c48163c57c4b3a16080e2e28ab0ec7d46dcc3507f81ab2f.png
23:16:03.091 [main] DEBUG net.thucydides.core.steps.StepInterceptor -- STARTING STEP: createBookStep.clickSaveButton - clickSaveButton
23:16:03.368 [main] DEBUG net.serenitybdd.core.photography.Darkroom -- Send negative for processing for /Users/kayiin/Documents/A. Studi Independen/mini-project-fadillah/Web_Testing/target/site/serenity/03f430e460c0f5e7b04ba69c70a8f8916d187d21902f275c217063001cbffa1e.png
23:16:03.368 [main] DEBUG net.thucydides.core.steps.StepInterceptor -- STEP DONE: clickSaveButton
23:16:03.368 [Darkroom Processing Line] DEBUG net.serenitybdd.core.photography.DarkroomProcessingLine -- Processing screenshot image in /var/screenshots/screenshot-11958625712893522919
  &amp#27;[32mAnd &amp#27;[0m&amp#27;[32mI click save book button&amp#27;[0m                                         &amp#27;[90m# starter.stepdefinitions.createBookStep.clickSaveButton()&amp#27;[0m
23:16:03.368 [Darkroom Processing Line] DEBUG net.serenitybdd.core.photography.DarkroomProcessingLine -- Saving screenshot to /Users/kayiin/Documents/A. Studi Independen/mini-project-fadillah/Web_Testing/target/site/serenity/03f430e460c0f5e7b04ba69c70a8f8916d187d21902f275c217063001cbffa1e.png
23:16:03.384 [main] DEBUG net.thucydides.core.steps.StepInterceptor -- STARTING STEP: createBookStep.showsSuccessCreateMessage - showsSuccessCreateMessage
23:16:03.912 [main] DEBUG net.serenitybdd.core.photography.Darkroom -- Send negative for processing for /Users/kayiin/Documents/A. Studi Independen/mini-project-fadillah/Web_Testing/target/site/serenity/d837b60ac082a678a4bc5737d44bedaaaf57a6b094e3620758ac1870d4132458.png
23:16:03.912 [main] DEBUG net.thucydides.core.steps.StepInterceptor -- STEP DONE: showsSuccessCreateMessage
23:16:03.912 [Darkroom Processing Line] DEBUG net.serenitybdd.core.photography.DarkroomProcessingLine -- Processing screenshot image in /var/screenshots/screenshot-14268814521872968794
23:16:03.912 [Darkroom Processing Line] DEBUG net.serenitybdd.core.photography.DarkroomProcessingLine -- Saving screenshot to /Users/kayiin/Documents/A. Studi Independen/mini-project-fadillah/Web_Testing/target/site/serenity/d837b60ac082a678a4bc5737d44bedaaaf57a6b094e3620758ac1870d4132458.png
23:16:03.932 [main] DEBUG net.thucydides.core.steps.StepInterceptor -- STARTING STEP: createBookStep.showsSuccessCreateMessage - validateSuccessCreateMessage
23:16:04.129 [main] DEBUG net.serenitybdd.core.photography.Darkroom -- Send negative for processing for /Users/kayiin/Documents/A. Studi Independen/mini-project-fadillah/Web_Testing/target/site/serenity/206ebfb8ccd3a5d9d588d967159f15446d370153761f9fbd9efa9b6db62803da.png
23:16:04.129 [Darkroom Processing Line] DEBUG net.serenitybdd.core.photography.DarkroomProcessingLine -- Processing screenshot image in /var/screenshots/screenshot-54426159472179595
23:16:04.129 [Darkroom Processing Line] DEBUG net.serenitybdd.core.photography.DarkroomProcessingLine -- Saving screenshot to /Users/kayiin/Documents/A. Studi Independen/mini-project-fadillah/Web_Testing/target/site/serenity/206ebfb8ccd3a5d9d588d967159f15446d370153761f9fbd9efa9b6db62803da.png
23:16:04.130 [main] DEBUG net.thucydides.core.steps.StepInterceptor -- STEP DONE: validateSuccessCreateMessage
  &amp#27;[32mThen &amp#27;[0m&amp#27;[32msystem shows success create message &amp#27;[0m&amp#27;[32m&amp#27;[1m"Book created successfully"&amp#27;[0m &amp#27;[90m# starter.stepdefinitions.createBookStep.showsSuccessCreateMessage(java.lang.String)&amp#27;[0m
23:16:04.452 [main] DEBUG net.serenitybdd.core.photography.Darkroom -- Send negative for processing for /Users/kayiin/Documents/A. Studi Independen/mini-project-fadillah/Web_Testing/target/site/serenity/59306db1882b9393a9f82437626c204cfe52a74eb0931a3b6bfaf8f13744d609.png
23:16:04.452 [Darkroom Processing Line] DEBUG net.serenitybdd.core.photography.DarkroomProcessingLine -- Processing screenshot image in /var/screenshots/screenshot-16583764422972471872
23:16:04.452 [Darkroom Processing Line] DEBUG net.serenitybdd.core.photography.DarkroomProcessingLine -- Saving screenshot to /Users/kayiin/Documents/A. Studi Independen/mini-project-fadillah/Web_Testing/target/site/serenity/59306db1882b9393a9f82437626c204cfe52a74eb0931a3b6bfaf8f13744d609.png
23:16:04.452 [main] DEBUG net.thucydides.core.steps.StepInterceptor -- STARTING STEP: BookViewStep.onTheMainPage - I am on the main page
23:16:04.486 [main] DEBUG net.thucydides.core.steps.StepInterceptor -- STEP DONE: I am on the main page
  &amp#27;[32mAnd &amp#27;[0m&amp#27;[32mI am on the main page&amp#27;[0m                                            &amp#27;[90m# starter.stepdefinitions.BookViewStep.onTheMainPage()&amp#27;[0m
23:16:04.498 [main] INFO  -- 
  _____   ___   ___   _____     ___     _     ___   ___   ___   ___  
 |_   _| | __| / __| |_   _|   | _ \   /_\   / __| / __| | __| |   \ 
   | |   | _|  \__ \   | |     |  _/  / _ \  \__ \ \__ \ | _|  | |) |
   |_|   |___| |___/   |_|     |_|   /_/ \_\ |___/ |___/ |___| |___/ 

As a user, I can create a book with valid inputs
----------------------------------------------------------------------
]]></system-out>
    <system-err><![CDATA[Mei 13, 2024 11:15:59 PM org.openqa.selenium.devtools.CdpVersionFinder findNearestMatch
WARNING: Unable to find an exact match for CDP version 124, returning the closest version; found: 122; Please update to a Selenium version that supports CDP version 124
]]></system-err>
  </testcase>
  <testcase name="As a user, I cannot create a book with all empty inputs" classname="Create book" time="5.908">
    <system-out><![CDATA[
Scenario: As a user, I cannot create a book with all empty inputs &amp#27;[90m# src/test/resources/features/CreateBook.feature:18&amp#27;[0m
23:16:04.704 [main] DEBUG io.cucumber.core.plugin.SerenityReporter -- Running feature from file:///Users/kayiin/Documents/A.%20Studi%20Independen/mini-project-fadillah/Web_Testing/src/test/resources/features/CreateBook.feature
23:16:04.712 [main] INFO  -- 
  _____   ___   ___   _____     ___   _____     _     ___   _____   ___   ___  
 |_   _| | __| / __| |_   _|   / __| |_   _|   /_\   | _ \ |_   _| | __| |   \ 
   | |   | _|  \__ \   | |     \__ \   | |    / _ \  |   /   | |   | _|  | |) |
   |_|   |___| |___/   |_|     |___/   |_|   /_/ \_\ |_|_\   |_|   |___| |___/ 

As a user, I cannot create a book with all empty inputs(create-book;as-a-user--i-cannot-create-a-book-with-all-empty-inputs)
--------------------------------------------------------------------------------
23:16:04.827 [main] INFO net.serenitybdd.core.webdriver.driverproviders.ChromeDriverProvider -- Starting Chrome driver instance with capabilities:
23:16:04.827 [main] INFO net.serenitybdd.core.webdriver.driverproviders.ChromeDriverProvider -- Capabilities {acceptInsecureCerts: false, browserName: chrome, goog:chromeOptions: {args: [remote-allow-origins=*], extensions: []}}
23:16:08.933 [main] DEBUG net.serenitybdd.core.photography.Darkroom -- Send negative for processing for /Users/kayiin/Documents/A. Studi Independen/mini-project-fadillah/Web_Testing/target/site/serenity/83d088f2ec8e9cdaddd889f9b0692cad05475b4813f989c851e9e20316c46c85.png
23:16:08.933 [Darkroom Processing Line] DEBUG net.serenitybdd.core.photography.DarkroomProcessingLine -- Processing screenshot image in /var/screenshots/screenshot-12215949895138899490
23:16:08.933 [Darkroom Processing Line] DEBUG net.serenitybdd.core.photography.DarkroomProcessingLine -- Saving screenshot to /Users/kayiin/Documents/A. Studi Independen/mini-project-fadillah/Web_Testing/target/site/serenity/83d088f2ec8e9cdaddd889f9b0692cad05475b4813f989c851e9e20316c46c85.png
23:16:08.934 [main] DEBUG net.thucydides.core.steps.StepInterceptor -- STARTING STEP: BookViewStep.onTheMainPage - I am on the main page
23:16:09.112 [main] DEBUG net.serenitybdd.core.photography.Darkroom -- Send negative for processing for /Users/kayiin/Documents/A. Studi Independen/mini-project-fadillah/Web_Testing/target/site/serenity/b327c448cdeeea6e91d41d69e5c6da831192d2673d2812b7da49f65575ff03c9.png
23:16:09.112 [Darkroom Processing Line] DEBUG net.serenitybdd.core.photography.DarkroomProcessingLine -- Processing screenshot image in /var/screenshots/screenshot-691170648882234623
23:16:09.113 [main] DEBUG net.thucydides.core.steps.StepInterceptor -- STEP DONE: I am on the main page
23:16:09.113 [Darkroom Processing Line] DEBUG net.serenitybdd.core.photography.DarkroomProcessingLine -- Saving screenshot to /Users/kayiin/Documents/A. Studi Independen/mini-project-fadillah/Web_Testing/target/site/serenity/b327c448cdeeea6e91d41d69e5c6da831192d2673d2812b7da49f65575ff03c9.png
  &amp#27;[32mGiven &amp#27;[0m&amp#27;[32mI am on the main page&amp#27;[0m                                     &amp#27;[90m# starter.stepdefinitions.BookViewStep.onTheMainPage()&amp#27;[0m
23:16:09.150 [main] DEBUG net.thucydides.core.steps.StepInterceptor -- STARTING STEP: createBookStep.clickPlusButton - clickPlusButton
23:16:09.428 [main] DEBUG net.serenitybdd.core.photography.Darkroom -- Send negative for processing for /Users/kayiin/Documents/A. Studi Independen/mini-project-fadillah/Web_Testing/target/site/serenity/0d3e9915564b8506dbc8422b3efa811607676c2cd1b8f7c60987d81216ddb2de.png
23:16:09.429 [main] DEBUG net.thucydides.core.steps.StepInterceptor -- STEP DONE: clickPlusButton
  &amp#27;[32mWhen &amp#27;[0m&amp#27;[32mI click plus button&amp#27;[0m                                        &amp#27;[90m# starter.stepdefinitions.createBookStep.clickPlusButton()&amp#27;[0m
23:16:09.443 [main] DEBUG net.thucydides.core.steps.StepInterceptor -- STARTING STEP: createBookStep.clickSaveButton - clickSaveButton
23:16:09.680 [main] DEBUG net.serenitybdd.core.photography.Darkroom -- Send negative for processing for /Users/kayiin/Documents/A. Studi Independen/mini-project-fadillah/Web_Testing/target/site/serenity/833d7a0790dce5d498a3b9dc5708c212a06e8024ee193690bf5553d4663c6817.png
23:16:09.681 [Darkroom Processing Line] DEBUG net.serenitybdd.core.photography.DarkroomProcessingLine -- Processing screenshot image in /var/screenshots/screenshot-2352204984341438884
23:16:09.681 [Darkroom Processing Line] DEBUG net.serenitybdd.core.photography.DarkroomProcessingLine -- Saving screenshot to /Users/kayiin/Documents/A. Studi Independen/mini-project-fadillah/Web_Testing/target/site/serenity/833d7a0790dce5d498a3b9dc5708c212a06e8024ee193690bf5553d4663c6817.png
23:16:09.681 [main] DEBUG net.thucydides.core.steps.StepInterceptor -- STEP DONE: clickSaveButton
  &amp#27;[32mAnd &amp#27;[0m&amp#27;[32mI click save book button&amp#27;[0m                                    &amp#27;[90m# starter.stepdefinitions.createBookStep.clickSaveButton()&amp#27;[0m
23:16:09.697 [main] DEBUG net.thucydides.core.steps.StepInterceptor -- STARTING STEP: createBookStep.showsErrorCreateMessage - showsErrorCreateMessage
23:16:09.938 [main] DEBUG net.serenitybdd.core.photography.Darkroom -- Send negative for processing for /Users/kayiin/Documents/A. Studi Independen/mini-project-fadillah/Web_Testing/target/site/serenity/159d8791056e9a8c980ffb93441afb724d23030aaf0845909523bccea703a5f2.png
23:16:09.938 [Darkroom Processing Line] DEBUG net.serenitybdd.core.photography.DarkroomProcessingLine -- Processing screenshot image in /var/screenshots/screenshot-15198856796081184601
23:16:09.938 [main] DEBUG net.thucydides.core.steps.StepInterceptor -- STEP DONE: showsErrorCreateMessage
23:16:09.938 [Darkroom Processing Line] DEBUG net.serenitybdd.core.photography.DarkroomProcessingLine -- Saving screenshot to /Users/kayiin/Documents/A. Studi Independen/mini-project-fadillah/Web_Testing/target/site/serenity/159d8791056e9a8c980ffb93441afb724d23030aaf0845909523bccea703a5f2.png
23:16:09.946 [main] DEBUG net.thucydides.core.steps.StepInterceptor -- STARTING STEP: createBookStep.showsErrorCreateMessage - validateErrorCreateMessage
23:16:09.985 [main] DEBUG net.thucydides.core.steps.StepInterceptor -- STEP DONE: validateErrorCreateMessage
  &amp#27;[32mThen &amp#27;[0m&amp#27;[32msystems show error create message &amp#27;[0m&amp#27;[32m&amp#27;[1m"Book failed to create"&amp#27;[0m  &amp#27;[90m# starter.stepdefinitions.createBookStep.showsErrorCreateMessage(java.lang.String)&amp#27;[0m
23:16:10.078 [main] DEBUG net.serenitybdd.core.photography.Darkroom -- Send negative for processing for /Users/kayiin/Documents/A. Studi Independen/mini-project-fadillah/Web_Testing/target/site/serenity/243125325950c0acb6a9a29b73affb273b255311ed8b24ab5656d614fbe8d435.png
23:16:10.079 [Darkroom Processing Line] DEBUG net.serenitybdd.core.photography.DarkroomProcessingLine -- Processing screenshot image in /var/screenshots/screenshot-13039307149987080920
23:16:10.079 [Darkroom Processing Line] DEBUG net.serenitybdd.core.photography.DarkroomProcessingLine -- Saving screenshot to /Users/kayiin/Documents/A. Studi Independen/mini-project-fadillah/Web_Testing/target/site/serenity/243125325950c0acb6a9a29b73affb273b255311ed8b24ab5656d614fbe8d435.png
23:16:10.382 [main] DEBUG net.serenitybdd.core.photography.Darkroom -- Send negative for processing for /Users/kayiin/Documents/A. Studi Independen/mini-project-fadillah/Web_Testing/target/site/serenity/03a0b74ef0c14f586d29842b8a1655d7bee32e0c64b39eb7a29c38a4bb0574b5.png
23:16:10.382 [Darkroom Processing Line] DEBUG net.serenitybdd.core.photography.DarkroomProcessingLine -- Processing screenshot image in /var/screenshots/screenshot-11594504384808566438
23:16:10.383 [main] DEBUG net.thucydides.core.steps.StepInterceptor -- STARTING STEP: BookViewStep.onTheMainPage - I am on the main page
23:16:10.383 [Darkroom Processing Line] DEBUG net.serenitybdd.core.photography.DarkroomProcessingLine -- Saving screenshot to /Users/kayiin/Documents/A. Studi Independen/mini-project-fadillah/Web_Testing/target/site/serenity/03a0b74ef0c14f586d29842b8a1655d7bee32e0c64b39eb7a29c38a4bb0574b5.png
23:16:10.413 [main] DEBUG net.thucydides.core.steps.StepInterceptor -- STEP DONE: I am on the main page
  &amp#27;[32mAnd &amp#27;[0m&amp#27;[32mI am on the main page&amp#27;[0m                                       &amp#27;[90m# starter.stepdefinitions.BookViewStep.onTheMainPage()&amp#27;[0m
23:16:10.419 [main] INFO  -- 
  _____   ___   ___   _____     ___     _     ___   ___   ___   ___  
 |_   _| | __| / __| |_   _|   | _ \   /_\   / __| / __| | __| |   \ 
   | |   | _|  \__ \   | |     |  _/  / _ \  \__ \ \__ \ | _|  | |) |
   |_|   |___| |___/   |_|     |_|   /_/ \_\ |___/ |___/ |___| |___/ 

As a user, I cannot create a book with all empty inputs
----------------------------------------------------------------------
]]></system-out>
    <system-err><![CDATA[Mei 13, 2024 11:16:06 PM org.openqa.selenium.devtools.CdpVersionFinder findNearestMatch
WARNING: Unable to find an exact match for CDP version 124, returning the closest version; found: 122; Please update to a Selenium version that supports CDP version 124
]]></system-err>
  </testcase>
  <testcase name="As a user, I cannot create a book with empty title" classname="Create book" time="4.537">
    <system-out><![CDATA[
Scenario: As a user, I cannot create a book with empty title     &amp#27;[90m# src/test/resources/features/CreateBook.feature:23&amp#27;[0m
23:16:10.622 [main] DEBUG io.cucumber.core.plugin.SerenityReporter -- Running feature from file:///Users/kayiin/Documents/A.%20Studi%20Independen/mini-project-fadillah/Web_Testing/src/test/resources/features/CreateBook.feature
23:16:10.628 [main] INFO  -- 
  _____   ___   ___   _____     ___   _____     _     ___   _____   ___   ___  
 |_   _| | __| / __| |_   _|   / __| |_   _|   /_\   | _ \ |_   _| | __| |   \ 
   | |   | _|  \__ \   | |     \__ \   | |    / _ \  |   /   | |   | _|  | |) |
   |_|   |___| |___/   |_|     |___/   |_|   /_/ \_\ |_|_\   |_|   |___| |___/ 

As a user, I cannot create a book with empty title(create-book;as-a-user--i-cannot-create-a-book-with-empty-title)
--------------------------------------------------------------------------------
23:16:10.736 [main] INFO net.serenitybdd.core.webdriver.driverproviders.ChromeDriverProvider -- Starting Chrome driver instance with capabilities:
23:16:10.736 [main] INFO net.serenitybdd.core.webdriver.driverproviders.ChromeDriverProvider -- Capabilities {acceptInsecureCerts: false, browserName: chrome, goog:chromeOptions: {args: [remote-allow-origins=*], extensions: []}}
23:16:13.330 [main] DEBUG net.serenitybdd.core.photography.Darkroom -- Send negative for processing for /Users/kayiin/Documents/A. Studi Independen/mini-project-fadillah/Web_Testing/target/site/serenity/263afbbaa1f9b63b946ced5c77ff768d33f4b8d39abae486e81ab03a9065eec3.png
23:16:13.331 [main] DEBUG net.thucydides.core.steps.StepInterceptor -- STARTING STEP: BookViewStep.onTheMainPage - I am on the main page
23:16:13.331 [Darkroom Processing Line] DEBUG net.serenitybdd.core.photography.DarkroomProcessingLine -- Processing screenshot image in /var/screenshots/screenshot-7212974925662582446
23:16:13.331 [Darkroom Processing Line] DEBUG net.serenitybdd.core.photography.DarkroomProcessingLine -- Saving screenshot to /Users/kayiin/Documents/A. Studi Independen/mini-project-fadillah/Web_Testing/target/site/serenity/263afbbaa1f9b63b946ced5c77ff768d33f4b8d39abae486e81ab03a9065eec3.png
23:16:13.378 [main] DEBUG net.thucydides.core.steps.StepInterceptor -- STEP DONE: I am on the main page
  &amp#27;[32mGiven &amp#27;[0m&amp#27;[32mI am on the main page&amp#27;[0m                                    &amp#27;[90m# starter.stepdefinitions.BookViewStep.onTheMainPage()&amp#27;[0m
23:16:13.496 [main] DEBUG net.serenitybdd.core.photography.Darkroom -- Send negative for processing for /Users/kayiin/Documents/A. Studi Independen/mini-project-fadillah/Web_Testing/target/site/serenity/b2f39b6296559151242e7bde7e38bb996db506204d8f83f18098c836f1703525.png
23:16:13.496 [Darkroom Processing Line] DEBUG net.serenitybdd.core.photography.DarkroomProcessingLine -- Processing screenshot image in /var/screenshots/screenshot-219285345181211008
23:16:13.496 [Darkroom Processing Line] DEBUG net.serenitybdd.core.photography.DarkroomProcessingLine -- Saving screenshot to /Users/kayiin/Documents/A. Studi Independen/mini-project-fadillah/Web_Testing/target/site/serenity/b2f39b6296559151242e7bde7e38bb996db506204d8f83f18098c836f1703525.png
23:16:13.523 [main] DEBUG net.thucydides.core.steps.StepInterceptor -- STARTING STEP: createBookStep.clickPlusButton - clickPlusButton
23:16:13.846 [main] DEBUG net.serenitybdd.core.photography.Darkroom -- Send negative for processing for /Users/kayiin/Documents/A. Studi Independen/mini-project-fadillah/Web_Testing/target/site/serenity/0d3e9915564b8506dbc8422b3efa811607676c2cd1b8f7c60987d81216ddb2de.png
23:16:13.847 [main] DEBUG net.thucydides.core.steps.StepInterceptor -- STEP DONE: clickPlusButton
  &amp#27;[32mWhen &amp#27;[0m&amp#27;[32mI click plus button&amp#27;[0m                                       &amp#27;[90m# starter.stepdefinitions.createBookStep.clickPlusButton()&amp#27;[0m
  &amp#27;[32mAnd &amp#27;[0m&amp#27;[32mI input valid author&amp#27;[0m                                       &amp#27;[90m# starter.stepdefinitions.editBookStep.inputValidAuthor()&amp#27;[0m
23:16:14.198 [main] DEBUG net.serenitybdd.core.photography.Darkroom -- Send negative for processing for /Users/kayiin/Documents/A. Studi Independen/mini-project-fadillah/Web_Testing/target/site/serenity/d6aeffd17f8970e8d0c4dbddf695511cdbd886cfb0c4d3349ca11ffb1d5e458d.png
23:16:14.198 [Darkroom Processing Line] DEBUG net.serenitybdd.core.photography.DarkroomProcessingLine -- Processing screenshot image in /var/screenshots/screenshot-13577442677361291845
23:16:14.198 [Darkroom Processing Line] DEBUG net.serenitybdd.core.photography.DarkroomProcessingLine -- Saving screenshot to /Users/kayiin/Documents/A. Studi Independen/mini-project-fadillah/Web_Testing/target/site/serenity/d6aeffd17f8970e8d0c4dbddf695511cdbd886cfb0c4d3349ca11ffb1d5e458d.png
  &amp#27;[32mAnd &amp#27;[0m&amp#27;[32mI input valid year&amp#27;[0m                                         &amp#27;[90m# starter.stepdefinitions.editBookStep.inputValidYear()&amp#27;[0m
23:16:14.411 [main] DEBUG net.serenitybdd.core.photography.Darkroom -- Send negative for processing for /Users/kayiin/Documents/A. Studi Independen/mini-project-fadillah/Web_Testing/target/site/serenity/3d8181e9166f6f8684109dca5b6a933dab71b0c893e91ec3b6959726d7e4941e.png
23:16:14.412 [Darkroom Processing Line] DEBUG net.serenitybdd.core.photography.DarkroomProcessingLine -- Processing screenshot image in /var/screenshots/screenshot-13511611056048633754
23:16:14.412 [Darkroom Processing Line] DEBUG net.serenitybdd.core.photography.DarkroomProcessingLine -- Saving screenshot to /Users/kayiin/Documents/A. Studi Independen/mini-project-fadillah/Web_Testing/target/site/serenity/3d8181e9166f6f8684109dca5b6a933dab71b0c893e91ec3b6959726d7e4941e.png
23:16:14.424 [main] DEBUG net.thucydides.core.steps.StepInterceptor -- STARTING STEP: createBookStep.clickSaveButton - clickSaveButton
23:16:14.650 [main] DEBUG net.serenitybdd.core.photography.Darkroom -- Send negative for processing for /Users/kayiin/Documents/A. Studi Independen/mini-project-fadillah/Web_Testing/target/site/serenity/caaa3ed8eddd34a3f2d921c99833f9cd375a363f89e9e3342ee612b276fd0d78.png
23:16:14.651 [Darkroom Processing Line] DEBUG net.serenitybdd.core.photography.DarkroomProcessingLine -- Processing screenshot image in /var/screenshots/screenshot-17462970279755677287
23:16:14.651 [main] DEBUG net.thucydides.core.steps.StepInterceptor -- STEP DONE: clickSaveButton
23:16:14.651 [Darkroom Processing Line] DEBUG net.serenitybdd.core.photography.DarkroomProcessingLine -- Saving screenshot to /Users/kayiin/Documents/A. Studi Independen/mini-project-fadillah/Web_Testing/target/site/serenity/caaa3ed8eddd34a3f2d921c99833f9cd375a363f89e9e3342ee612b276fd0d78.png
  &amp#27;[32mAnd &amp#27;[0m&amp#27;[32mI click save book button&amp#27;[0m                                   &amp#27;[90m# starter.stepdefinitions.createBookStep.clickSaveButton()&amp#27;[0m
23:16:14.676 [main] DEBUG net.thucydides.core.steps.StepInterceptor -- STARTING STEP: createBookStep.showsErrorCreateMessage - showsErrorCreateMessage
23:16:14.917 [main] DEBUG net.serenitybdd.core.photography.Darkroom -- Send negative for processing for /Users/kayiin/Documents/A. Studi Independen/mini-project-fadillah/Web_Testing/target/site/serenity/556c4c42fe5f0d1d8d58b200f276d3862f5f47a0c27fc627d588c316c7349042.png
23:16:14.917 [main] DEBUG net.thucydides.core.steps.StepInterceptor -- STEP DONE: showsErrorCreateMessage
23:16:14.918 [Darkroom Processing Line] DEBUG net.serenitybdd.core.photography.DarkroomProcessingLine -- Processing screenshot image in /var/screenshots/screenshot-14549530282843088757
23:16:14.918 [Darkroom Processing Line] DEBUG net.serenitybdd.core.photography.DarkroomProcessingLine -- Saving screenshot to /Users/kayiin/Documents/A. Studi Independen/mini-project-fadillah/Web_Testing/target/site/serenity/556c4c42fe5f0d1d8d58b200f276d3862f5f47a0c27fc627d588c316c7349042.png
23:16:14.925 [main] DEBUG net.thucydides.core.steps.StepInterceptor -- STARTING STEP: createBookStep.showsErrorCreateMessage - validateErrorCreateMessage
23:16:14.960 [main] DEBUG net.thucydides.core.steps.StepInterceptor -- STEP DONE: validateErrorCreateMessage
  &amp#27;[32mThen &amp#27;[0m&amp#27;[32msystems show error create message &amp#27;[0m&amp#27;[32m&amp#27;[1m"Book failed to create"&amp#27;[0m &amp#27;[90m# starter.stepdefinitions.createBookStep.showsErrorCreateMessage(java.lang.String)&amp#27;[0m
23:16:14.965 [main] INFO  -- 
  _____   ___   ___   _____     ___     _     ___   ___   ___   ___  
 |_   _| | __| / __| |_   _|   | _ \   /_\   / __| / __| | __| |   \ 
   | |   | _|  \__ \   | |     |  _/  / _ \  \__ \ \__ \ | _|  | |) |
   |_|   |___| |___/   |_|     |_|   /_/ \_\ |___/ |___/ |___| |___/ 

As a user, I cannot create a book with empty title
----------------------------------------------------------------------
]]></system-out>
    <system-err><![CDATA[Mei 13, 2024 11:16:12 PM org.openqa.selenium.devtools.CdpVersionFinder findNearestMatch
WARNING: Unable to find an exact match for CDP version 124, returning the closest version; found: 122; Please update to a Selenium version that supports CDP version 124
]]></system-err>
  </testcase>
  <testcase name="As a user, I cannot create a book with empty author" classname="Create book" time="4.511">
    <system-out><![CDATA[
Scenario: As a user, I cannot create a book with empty author    &amp#27;[90m# src/test/resources/features/CreateBook.feature:29&amp#27;[0m
23:16:15.129 [main] DEBUG io.cucumber.core.plugin.SerenityReporter -- Running feature from file:///Users/kayiin/Documents/A.%20Studi%20Independen/mini-project-fadillah/Web_Testing/src/test/resources/features/CreateBook.feature
23:16:15.135 [main] INFO  -- 
  _____   ___   ___   _____     ___   _____     _     ___   _____   ___   ___  
 |_   _| | __| / __| |_   _|   / __| |_   _|   /_\   | _ \ |_   _| | __| |   \ 
   | |   | _|  \__ \   | |     \__ \   | |    / _ \  |   /   | |   | _|  | |) |
   |_|   |___| |___/   |_|     |___/   |_|   /_/ \_\ |_|_\   |_|   |___| |___/ 

As a user, I cannot create a book with empty author(create-book;as-a-user--i-cannot-create-a-book-with-empty-author)
--------------------------------------------------------------------------------
23:16:15.220 [main] INFO net.serenitybdd.core.webdriver.driverproviders.ChromeDriverProvider -- Starting Chrome driver instance with capabilities:
23:16:15.221 [main] INFO net.serenitybdd.core.webdriver.driverproviders.ChromeDriverProvider -- Capabilities {acceptInsecureCerts: false, browserName: chrome, goog:chromeOptions: {args: [remote-allow-origins=*], extensions: []}}
23:16:17.777 [main] DEBUG net.serenitybdd.core.photography.Darkroom -- Send negative for processing for /Users/kayiin/Documents/A. Studi Independen/mini-project-fadillah/Web_Testing/target/site/serenity/2c42b069f1d44ebe55262fc2ba18dafd32db42455223df8febd43f56b1042a42.png
23:16:17.777 [Darkroom Processing Line] DEBUG net.serenitybdd.core.photography.DarkroomProcessingLine -- Processing screenshot image in /var/screenshots/screenshot-17132915697095006229
23:16:17.777 [main] DEBUG net.thucydides.core.steps.StepInterceptor -- STARTING STEP: BookViewStep.onTheMainPage - I am on the main page
23:16:17.777 [Darkroom Processing Line] DEBUG net.serenitybdd.core.photography.DarkroomProcessingLine -- Saving screenshot to /Users/kayiin/Documents/A. Studi Independen/mini-project-fadillah/Web_Testing/target/site/serenity/2c42b069f1d44ebe55262fc2ba18dafd32db42455223df8febd43f56b1042a42.png
23:16:17.823 [main] DEBUG net.thucydides.core.steps.StepInterceptor -- STEP DONE: I am on the main page
  &amp#27;[32mGiven &amp#27;[0m&amp#27;[32mI am on the main page&amp#27;[0m                                    &amp#27;[90m# starter.stepdefinitions.BookViewStep.onTheMainPage()&amp#27;[0m
23:16:17.980 [main] DEBUG net.serenitybdd.core.photography.Darkroom -- Send negative for processing for /Users/kayiin/Documents/A. Studi Independen/mini-project-fadillah/Web_Testing/target/site/serenity/c8219f05bb8fb5b32541dc6a513620ca98e5f5036e31b112a5dfa5846fdf8010.png
23:16:17.980 [Darkroom Processing Line] DEBUG net.serenitybdd.core.photography.DarkroomProcessingLine -- Processing screenshot image in /var/screenshots/screenshot-2519920225801725094
23:16:17.980 [Darkroom Processing Line] DEBUG net.serenitybdd.core.photography.DarkroomProcessingLine -- Saving screenshot to /Users/kayiin/Documents/A. Studi Independen/mini-project-fadillah/Web_Testing/target/site/serenity/c8219f05bb8fb5b32541dc6a513620ca98e5f5036e31b112a5dfa5846fdf8010.png
23:16:18.017 [main] DEBUG net.thucydides.core.steps.StepInterceptor -- STARTING STEP: createBookStep.clickPlusButton - clickPlusButton
23:16:18.301 [main] DEBUG net.serenitybdd.core.photography.Darkroom -- Send negative for processing for /Users/kayiin/Documents/A. Studi Independen/mini-project-fadillah/Web_Testing/target/site/serenity/0d3e9915564b8506dbc8422b3efa811607676c2cd1b8f7c60987d81216ddb2de.png
23:16:18.301 [main] DEBUG net.thucydides.core.steps.StepInterceptor -- STEP DONE: clickPlusButton
  &amp#27;[32mWhen &amp#27;[0m&amp#27;[32mI click plus button&amp#27;[0m                                       &amp#27;[90m# starter.stepdefinitions.createBookStep.clickPlusButton()&amp#27;[0m
  &amp#27;[32mAnd &amp#27;[0m&amp#27;[32mI input valid title&amp#27;[0m                                        &amp#27;[90m# starter.stepdefinitions.editBookStep.inputValidTitle()&amp#27;[0m
23:16:18.646 [main] DEBUG net.serenitybdd.core.photography.Darkroom -- Send negative for processing for /Users/kayiin/Documents/A. Studi Independen/mini-project-fadillah/Web_Testing/target/site/serenity/b935924383439d255472d134511caaacfc92aea999c7a737f2937b844417f463.png
  &amp#27;[32mAnd &amp#27;[0m&amp#27;[32mI input valid year&amp#27;[0m                                         &amp#27;[90m# starter.stepdefinitions.editBookStep.inputValidYear()&amp#27;[0m
23:16:18.865 [main] DEBUG net.serenitybdd.core.photography.Darkroom -- Send negative for processing for /Users/kayiin/Documents/A. Studi Independen/mini-project-fadillah/Web_Testing/target/site/serenity/c9e16f19259c73d23c5483bc6b7e8443c61acda44cb44ba306bb0108ff39ae0c.png
23:16:18.866 [Darkroom Processing Line] DEBUG net.serenitybdd.core.photography.DarkroomProcessingLine -- Processing screenshot image in /var/screenshots/screenshot-3488075430306464638
23:16:18.866 [Darkroom Processing Line] DEBUG net.serenitybdd.core.photography.DarkroomProcessingLine -- Saving screenshot to /Users/kayiin/Documents/A. Studi Independen/mini-project-fadillah/Web_Testing/target/site/serenity/c9e16f19259c73d23c5483bc6b7e8443c61acda44cb44ba306bb0108ff39ae0c.png
23:16:18.877 [main] DEBUG net.thucydides.core.steps.StepInterceptor -- STARTING STEP: createBookStep.clickSaveButton - clickSaveButton
23:16:19.127 [main] DEBUG net.serenitybdd.core.photography.Darkroom -- Send negative for processing for /Users/kayiin/Documents/A. Studi Independen/mini-project-fadillah/Web_Testing/target/site/serenity/c7ed5cdbb0a0014036a407c68e260092e4fb3b57d5dba7ccf90e174ffe05460a.png
23:16:19.128 [Darkroom Processing Line] DEBUG net.serenitybdd.core.photography.DarkroomProcessingLine -- Processing screenshot image in /var/screenshots/screenshot-7728437639796423553
23:16:19.128 [Darkroom Processing Line] DEBUG net.serenitybdd.core.photography.DarkroomProcessingLine -- Saving screenshot to /Users/kayiin/Documents/A. Studi Independen/mini-project-fadillah/Web_Testing/target/site/serenity/c7ed5cdbb0a0014036a407c68e260092e4fb3b57d5dba7ccf90e174ffe05460a.png
23:16:19.128 [main] DEBUG net.thucydides.core.steps.StepInterceptor -- STEP DONE: clickSaveButton
  &amp#27;[32mAnd &amp#27;[0m&amp#27;[32mI click save book button&amp#27;[0m                                   &amp#27;[90m# starter.stepdefinitions.createBookStep.clickSaveButton()&amp#27;[0m
23:16:19.153 [main] DEBUG net.thucydides.core.steps.StepInterceptor -- STARTING STEP: createBookStep.showsErrorCreateMessage - showsErrorCreateMessage
23:16:19.368 [main] DEBUG net.serenitybdd.core.photography.Darkroom -- Send negative for processing for /Users/kayiin/Documents/A. Studi Independen/mini-project-fadillah/Web_Testing/target/site/serenity/a9db318b5e3b95d1f7232b37469a458fd40763aa38c7620ef43eaa4bc8bb92e1.png
23:16:19.368 [Darkroom Processing Line] DEBUG net.serenitybdd.core.photography.DarkroomProcessingLine -- Processing screenshot image in /var/screenshots/screenshot-1274606836480879550
23:16:19.368 [main] DEBUG net.thucydides.core.steps.StepInterceptor -- STEP DONE: showsErrorCreateMessage
23:16:19.369 [Darkroom Processing Line] DEBUG net.serenitybdd.core.photography.DarkroomProcessingLine -- Saving screenshot to /Users/kayiin/Documents/A. Studi Independen/mini-project-fadillah/Web_Testing/target/site/serenity/a9db318b5e3b95d1f7232b37469a458fd40763aa38c7620ef43eaa4bc8bb92e1.png
23:16:19.376 [main] DEBUG net.thucydides.core.steps.StepInterceptor -- STARTING STEP: createBookStep.showsErrorCreateMessage - validateErrorCreateMessage
23:16:19.413 [main] DEBUG net.thucydides.core.steps.StepInterceptor -- STEP DONE: validateErrorCreateMessage
  &amp#27;[32mThen &amp#27;[0m&amp#27;[32msystems show error create message &amp#27;[0m&amp#27;[32m&amp#27;[1m"Book failed to create"&amp#27;[0m &amp#27;[90m# starter.stepdefinitions.createBookStep.showsErrorCreateMessage(java.lang.String)&amp#27;[0m
23:16:19.515 [main] DEBUG net.serenitybdd.core.photography.Darkroom -- Send negative for processing for /Users/kayiin/Documents/A. Studi Independen/mini-project-fadillah/Web_Testing/target/site/serenity/798e6f37f90fde8258053ccb8b187bdfe01e802581972b99a14bee8968863f08.png
23:16:19.515 [Darkroom Processing Line] DEBUG net.serenitybdd.core.photography.DarkroomProcessingLine -- Processing screenshot image in /var/screenshots/screenshot-7657721977981959855
23:16:19.515 [Darkroom Processing Line] DEBUG net.serenitybdd.core.photography.DarkroomProcessingLine -- Saving screenshot to /Users/kayiin/Documents/A. Studi Independen/mini-project-fadillah/Web_Testing/target/site/serenity/798e6f37f90fde8258053ccb8b187bdfe01e802581972b99a14bee8968863f08.png
23:16:19.516 [main] INFO  -- 
  _____   ___   ___   _____     ___     _     ___   ___   ___   ___  
 |_   _| | __| / __| |_   _|   | _ \   /_\   / __| / __| | __| |   \ 
   | |   | _|  \__ \   | |     |  _/  / _ \  \__ \ \__ \ | _|  | |) |
   |_|   |___| |___/   |_|     |_|   /_/ \_\ |___/ |___/ |___| |___/ 

As a user, I cannot create a book with empty author
----------------------------------------------------------------------
]]></system-out>
    <system-err><![CDATA[Mei 13, 2024 11:16:16 PM org.openqa.selenium.devtools.CdpVersionFinder findNearestMatch
WARNING: Unable to find an exact match for CDP version 124, returning the closest version; found: 122; Please update to a Selenium version that supports CDP version 124
]]></system-err>
  </testcase>
  <testcase name="As a user, I cannot create a book with empty year" classname="Create book" time="4.513">
    <system-out><![CDATA[
Scenario: As a user, I cannot create a book with empty year      &amp#27;[90m# src/test/resources/features/CreateBook.feature:35&amp#27;[0m
23:16:19.641 [main] DEBUG io.cucumber.core.plugin.SerenityReporter -- Running feature from file:///Users/kayiin/Documents/A.%20Studi%20Independen/mini-project-fadillah/Web_Testing/src/test/resources/features/CreateBook.feature
23:16:19.643 [main] INFO  -- 
  _____   ___   ___   _____     ___   _____     _     ___   _____   ___   ___  
 |_   _| | __| / __| |_   _|   / __| |_   _|   /_\   | _ \ |_   _| | __| |   \ 
   | |   | _|  \__ \   | |     \__ \   | |    / _ \  |   /   | |   | _|  | |) |
   |_|   |___| |___/   |_|     |___/   |_|   /_/ \_\ |_|_\   |_|   |___| |___/ 

As a user, I cannot create a book with empty year(create-book;as-a-user--i-cannot-create-a-book-with-empty-year)
--------------------------------------------------------------------------------
23:16:19.741 [main] INFO net.serenitybdd.core.webdriver.driverproviders.ChromeDriverProvider -- Starting Chrome driver instance with capabilities:
23:16:19.742 [main] INFO net.serenitybdd.core.webdriver.driverproviders.ChromeDriverProvider -- Capabilities {acceptInsecureCerts: false, browserName: chrome, goog:chromeOptions: {args: [remote-allow-origins=*], extensions: []}}
23:16:22.270 [main] DEBUG net.serenitybdd.core.photography.Darkroom -- Send negative for processing for /Users/kayiin/Documents/A. Studi Independen/mini-project-fadillah/Web_Testing/target/site/serenity/4a09db277f6ac7a9c8f180515ba57d1b940a5ef0de8072b2f31cfee15b374873.png
23:16:22.270 [Darkroom Processing Line] DEBUG net.serenitybdd.core.photography.DarkroomProcessingLine -- Processing screenshot image in /var/screenshots/screenshot-17226123496146837219
23:16:22.270 [Darkroom Processing Line] DEBUG net.serenitybdd.core.photography.DarkroomProcessingLine -- Saving screenshot to /Users/kayiin/Documents/A. Studi Independen/mini-project-fadillah/Web_Testing/target/site/serenity/4a09db277f6ac7a9c8f180515ba57d1b940a5ef0de8072b2f31cfee15b374873.png
23:16:22.270 [main] DEBUG net.thucydides.core.steps.StepInterceptor -- STARTING STEP: BookViewStep.onTheMainPage - I am on the main page
23:16:22.316 [main] DEBUG net.thucydides.core.steps.StepInterceptor -- STEP DONE: I am on the main page
  &amp#27;[32mGiven &amp#27;[0m&amp#27;[32mI am on the main page&amp#27;[0m                                    &amp#27;[90m# starter.stepdefinitions.BookViewStep.onTheMainPage()&amp#27;[0m
23:16:22.471 [main] DEBUG net.serenitybdd.core.photography.Darkroom -- Send negative for processing for /Users/kayiin/Documents/A. Studi Independen/mini-project-fadillah/Web_Testing/target/site/serenity/3fb499c924ec45faf654a2634db09e3fddcc80ba2dc9e83a7d39d647d7a0b9ae.png
23:16:22.472 [Darkroom Processing Line] DEBUG net.serenitybdd.core.photography.DarkroomProcessingLine -- Processing screenshot image in /var/screenshots/screenshot-9302623616484947603
23:16:22.472 [Darkroom Processing Line] DEBUG net.serenitybdd.core.photography.DarkroomProcessingLine -- Saving screenshot to /Users/kayiin/Documents/A. Studi Independen/mini-project-fadillah/Web_Testing/target/site/serenity/3fb499c924ec45faf654a2634db09e3fddcc80ba2dc9e83a7d39d647d7a0b9ae.png
23:16:22.509 [main] DEBUG net.thucydides.core.steps.StepInterceptor -- STARTING STEP: createBookStep.clickPlusButton - clickPlusButton
23:16:22.820 [main] DEBUG net.serenitybdd.core.photography.Darkroom -- Send negative for processing for /Users/kayiin/Documents/A. Studi Independen/mini-project-fadillah/Web_Testing/target/site/serenity/0d3e9915564b8506dbc8422b3efa811607676c2cd1b8f7c60987d81216ddb2de.png
23:16:22.820 [main] DEBUG net.thucydides.core.steps.StepInterceptor -- STEP DONE: clickPlusButton
  &amp#27;[32mWhen &amp#27;[0m&amp#27;[32mI click plus button&amp#27;[0m                                       &amp#27;[90m# starter.stepdefinitions.createBookStep.clickPlusButton()&amp#27;[0m
  &amp#27;[32mAnd &amp#27;[0m&amp#27;[32mI input valid title&amp#27;[0m                                        &amp#27;[90m# starter.stepdefinitions.editBookStep.inputValidTitle()&amp#27;[0m
23:16:23.211 [main] DEBUG net.serenitybdd.core.photography.Darkroom -- Send negative for processing for /Users/kayiin/Documents/A. Studi Independen/mini-project-fadillah/Web_Testing/target/site/serenity/b935924383439d255472d134511caaacfc92aea999c7a737f2937b844417f463.png
  &amp#27;[32mAnd &amp#27;[0m&amp#27;[32mI input valid author&amp#27;[0m                                       &amp#27;[90m# starter.stepdefinitions.editBookStep.inputValidAuthor()&amp#27;[0m
23:16:23.446 [main] DEBUG net.serenitybdd.core.photography.Darkroom -- Send negative for processing for /Users/kayiin/Documents/A. Studi Independen/mini-project-fadillah/Web_Testing/target/site/serenity/13bf5bb7c1654a0c0c78f0230e6a9bd98f34ce4df192cd177ba9ff72f8f927cf.png
23:16:23.455 [main] DEBUG net.thucydides.core.steps.StepInterceptor -- STARTING STEP: createBookStep.clickSaveButton - clickSaveButton
23:16:23.669 [main] DEBUG net.serenitybdd.core.photography.Darkroom -- Send negative for processing for /Users/kayiin/Documents/A. Studi Independen/mini-project-fadillah/Web_Testing/target/site/serenity/9ed64b18828db674690f798d2fdb553a17e34159dc3b14a19b969800606a6af0.png
23:16:23.669 [Darkroom Processing Line] DEBUG net.serenitybdd.core.photography.DarkroomProcessingLine -- Processing screenshot image in /var/screenshots/screenshot-4970646825043017171
23:16:23.669 [Darkroom Processing Line] DEBUG net.serenitybdd.core.photography.DarkroomProcessingLine -- Saving screenshot to /Users/kayiin/Documents/A. Studi Independen/mini-project-fadillah/Web_Testing/target/site/serenity/9ed64b18828db674690f798d2fdb553a17e34159dc3b14a19b969800606a6af0.png
23:16:23.669 [main] DEBUG net.thucydides.core.steps.StepInterceptor -- STEP DONE: clickSaveButton
  &amp#27;[32mAnd &amp#27;[0m&amp#27;[32mI click save book button&amp#27;[0m                                   &amp#27;[90m# starter.stepdefinitions.createBookStep.clickSaveButton()&amp#27;[0m
23:16:23.683 [main] DEBUG net.thucydides.core.steps.StepInterceptor -- STARTING STEP: createBookStep.showsErrorCreateMessage - showsErrorCreateMessage
23:16:23.934 [main] DEBUG net.serenitybdd.core.photography.Darkroom -- Send negative for processing for /Users/kayiin/Documents/A. Studi Independen/mini-project-fadillah/Web_Testing/target/site/serenity/f1cd6b898e26a5a440ad5192173b8345154324a1110128445147fac042b931b4.png
23:16:23.935 [main] DEBUG net.thucydides.core.steps.StepInterceptor -- STEP DONE: showsErrorCreateMessage
23:16:23.935 [Darkroom Processing Line] DEBUG net.serenitybdd.core.photography.DarkroomProcessingLine -- Processing screenshot image in /var/screenshots/screenshot-14257467168870201649
23:16:23.935 [Darkroom Processing Line] DEBUG net.serenitybdd.core.photography.DarkroomProcessingLine -- Saving screenshot to /Users/kayiin/Documents/A. Studi Independen/mini-project-fadillah/Web_Testing/target/site/serenity/f1cd6b898e26a5a440ad5192173b8345154324a1110128445147fac042b931b4.png
23:16:23.942 [main] DEBUG net.thucydides.core.steps.StepInterceptor -- STARTING STEP: createBookStep.showsErrorCreateMessage - validateErrorCreateMessage
23:16:23.977 [main] DEBUG net.thucydides.core.steps.StepInterceptor -- STEP DONE: validateErrorCreateMessage
  &amp#27;[32mThen &amp#27;[0m&amp#27;[32msystems show error create message &amp#27;[0m&amp#27;[32m&amp#27;[1m"Book failed to create"&amp#27;[0m &amp#27;[90m# starter.stepdefinitions.createBookStep.showsErrorCreateMessage(java.lang.String)&amp#27;[0m
23:16:23.983 [main] INFO  -- 
  _____   ___   ___   _____     ___     _     ___   ___   ___   ___  
 |_   _| | __| / __| |_   _|   | _ \   /_\   / __| / __| | __| |   \ 
   | |   | _|  \__ \   | |     |  _/  / _ \  \__ \ \__ \ | _|  | |) |
   |_|   |___| |___/   |_|     |_|   /_/ \_\ |___/ |___/ |___| |___/ 

As a user, I cannot create a book with empty year
----------------------------------------------------------------------
]]></system-out>
    <system-err><![CDATA[Mei 13, 2024 11:16:21 PM org.openqa.selenium.devtools.CdpVersionFinder findNearestMatch
WARNING: Unable to find an exact match for CDP version 124, returning the closest version; found: 122; Please update to a Selenium version that supports CDP version 124
]]></system-err>
  </testcase>
  <testcase name="As a user, I cannot create a book with invalid year" classname="Create book" time="5.571">
    <failure type="org.opentest4j.AssertionFailedError"><![CDATA[org.opentest4j.AssertionFailedError: expected: <true> but was: <false>
]]></failure>
    <system-out><![CDATA[
Scenario: As a user, I cannot create a book with invalid year    &amp#27;[90m# src/test/resources/features/CreateBook.feature:41&amp#27;[0m
23:16:24.153 [main] DEBUG io.cucumber.core.plugin.SerenityReporter -- Running feature from file:///Users/kayiin/Documents/A.%20Studi%20Independen/mini-project-fadillah/Web_Testing/src/test/resources/features/CreateBook.feature
23:16:24.155 [main] INFO  -- 
  _____   ___   ___   _____     ___   _____     _     ___   _____   ___   ___  
 |_   _| | __| / __| |_   _|   / __| |_   _|   /_\   | _ \ |_   _| | __| |   \ 
   | |   | _|  \__ \   | |     \__ \   | |    / _ \  |   /   | |   | _|  | |) |
   |_|   |___| |___/   |_|     |___/   |_|   /_/ \_\ |_|_\   |_|   |___| |___/ 

As a user, I cannot create a book with invalid year(create-book;as-a-user--i-cannot-create-a-book-with-invalid-year)
--------------------------------------------------------------------------------
23:16:24.255 [main] INFO net.serenitybdd.core.webdriver.driverproviders.ChromeDriverProvider -- Starting Chrome driver instance with capabilities:
23:16:24.255 [main] INFO net.serenitybdd.core.webdriver.driverproviders.ChromeDriverProvider -- Capabilities {acceptInsecureCerts: false, browserName: chrome, goog:chromeOptions: {args: [remote-allow-origins=*], extensions: []}}
23:16:26.845 [main] DEBUG net.serenitybdd.core.photography.Darkroom -- Send negative for processing for /Users/kayiin/Documents/A. Studi Independen/mini-project-fadillah/Web_Testing/target/site/serenity/259586676a6e669ed27d23fe15c8a5f71dec8a5b3af237a5a41fbebe652cd760.png
23:16:26.846 [Darkroom Processing Line] DEBUG net.serenitybdd.core.photography.DarkroomProcessingLine -- Processing screenshot image in /var/screenshots/screenshot-16128109654307020384
23:16:26.846 [Darkroom Processing Line] DEBUG net.serenitybdd.core.photography.DarkroomProcessingLine -- Saving screenshot to /Users/kayiin/Documents/A. Studi Independen/mini-project-fadillah/Web_Testing/target/site/serenity/259586676a6e669ed27d23fe15c8a5f71dec8a5b3af237a5a41fbebe652cd760.png
23:16:26.846 [main] DEBUG net.thucydides.core.steps.StepInterceptor -- STARTING STEP: BookViewStep.onTheMainPage - I am on the main page
23:16:26.887 [main] DEBUG net.thucydides.core.steps.StepInterceptor -- STEP DONE: I am on the main page
  &amp#27;[32mGiven &amp#27;[0m&amp#27;[32mI am on the main page&amp#27;[0m                                    &amp#27;[90m# starter.stepdefinitions.BookViewStep.onTheMainPage()&amp#27;[0m
23:16:27.038 [main] DEBUG net.serenitybdd.core.photography.Darkroom -- Send negative for processing for /Users/kayiin/Documents/A. Studi Independen/mini-project-fadillah/Web_Testing/target/site/serenity/45d5e81a4973cab5fe5d8c46e9d82cdc7b9ed7fa38ce7a4b1d9f606c8e9225c6.png
23:16:27.038 [Darkroom Processing Line] DEBUG net.serenitybdd.core.photography.DarkroomProcessingLine -- Processing screenshot image in /var/screenshots/screenshot-17343796161184095943
23:16:27.039 [Darkroom Processing Line] DEBUG net.serenitybdd.core.photography.DarkroomProcessingLine -- Saving screenshot to /Users/kayiin/Documents/A. Studi Independen/mini-project-fadillah/Web_Testing/target/site/serenity/45d5e81a4973cab5fe5d8c46e9d82cdc7b9ed7fa38ce7a4b1d9f606c8e9225c6.png
23:16:27.067 [main] DEBUG net.thucydides.core.steps.StepInterceptor -- STARTING STEP: createBookStep.clickPlusButton - clickPlusButton
23:16:27.341 [main] DEBUG net.serenitybdd.core.photography.Darkroom -- Send negative for processing for /Users/kayiin/Documents/A. Studi Independen/mini-project-fadillah/Web_Testing/target/site/serenity/0d3e9915564b8506dbc8422b3efa811607676c2cd1b8f7c60987d81216ddb2de.png
23:16:27.341 [main] DEBUG net.thucydides.core.steps.StepInterceptor -- STEP DONE: clickPlusButton
  &amp#27;[32mWhen &amp#27;[0m&amp#27;[32mI click plus button&amp#27;[0m                                       &amp#27;[90m# starter.stepdefinitions.createBookStep.clickPlusButton()&amp#27;[0m
  &amp#27;[32mAnd &amp#27;[0m&amp#27;[32mI input valid title&amp#27;[0m                                        &amp#27;[90m# starter.stepdefinitions.editBookStep.inputValidTitle()&amp#27;[0m
23:16:27.706 [main] DEBUG net.serenitybdd.core.photography.Darkroom -- Send negative for processing for /Users/kayiin/Documents/A. Studi Independen/mini-project-fadillah/Web_Testing/target/site/serenity/b935924383439d255472d134511caaacfc92aea999c7a737f2937b844417f463.png
  &amp#27;[32mAnd &amp#27;[0m&amp#27;[32mI input valid author&amp#27;[0m                                       &amp#27;[90m# starter.stepdefinitions.editBookStep.inputValidAuthor()&amp#27;[0m
23:16:27.967 [main] DEBUG net.serenitybdd.core.photography.Darkroom -- Send negative for processing for /Users/kayiin/Documents/A. Studi Independen/mini-project-fadillah/Web_Testing/target/site/serenity/13bf5bb7c1654a0c0c78f0230e6a9bd98f34ce4df192cd177ba9ff72f8f927cf.png
  &amp#27;[32mAnd &amp#27;[0m&amp#27;[32mI input invalid year&amp#27;[0m                                       &amp#27;[90m# starter.stepdefinitions.editBookStep.inputInvalidYear()&amp#27;[0m
23:16:28.181 [main] DEBUG net.serenitybdd.core.photography.Darkroom -- Send negative for processing for /Users/kayiin/Documents/A. Studi Independen/mini-project-fadillah/Web_Testing/target/site/serenity/9f45577806b607c6f3e787cba0b8148e96c605e4edf527b9b611f68d868d9de4.png
23:16:28.181 [Darkroom Processing Line] DEBUG net.serenitybdd.core.photography.DarkroomProcessingLine -- Processing screenshot image in /var/screenshots/screenshot-10026027055771895095
23:16:28.181 [Darkroom Processing Line] DEBUG net.serenitybdd.core.photography.DarkroomProcessingLine -- Saving screenshot to /Users/kayiin/Documents/A. Studi Independen/mini-project-fadillah/Web_Testing/target/site/serenity/9f45577806b607c6f3e787cba0b8148e96c605e4edf527b9b611f68d868d9de4.png
[...]
  &amp#27;[32mAnd &amp#27;[0m&amp#27;[32mI click edit book button&amp#27;[0m                           &amp#27;[90m# starter.stepdefinitions.editBookStep.clickEditBookButton()&amp#27;[0m
23:16:34.679 [main] DEBUG net.serenitybdd.core.photography.Darkroom -- Send negative for processing for /Users/kayiin/Documents/A. Studi Independen/mini-project-fadillah/Web_Testing/target/site/serenity/0fbf3c87dc3546f9f2e86973b89dc42efe64bbc7b362b47b083fa69b17773fab.png
23:16:34.679 [Darkroom Processing Line] DEBUG net.serenitybdd.core.photography.DarkroomProcessingLine -- Processing screenshot image in /var/screenshots/screenshot-14326243439541099703
23:16:34.679 [Darkroom Processing Line] DEBUG net.serenitybdd.core.photography.DarkroomProcessingLine -- Saving screenshot to /Users/kayiin/Documents/A. Studi Independen/mini-project-fadillah/Web_Testing/target/site/serenity/0fbf3c87dc3546f9f2e86973b89dc42efe64bbc7b362b47b083fa69b17773fab.png
  &amp#27;[32mThen &amp#27;[0m&amp#27;[32mthe new detail is showed&amp#27;[0m                          &amp#27;[90m# starter.stepdefinitions.editBookStep.newDetailIsShowed()&amp#27;[0m
23:16:34.721 [main] INFO  -- 
  _____   ___   ___   _____     ___     _     ___   ___   ___   ___  
 |_   _| | __| / __| |_   _|   | _ \   /_\   / __| / __| | __| |   \ 
   | |   | _|  \__ \   | |     |  _/  / _ \  \__ \ \__ \ | _|  | |) |
   |_|   |___| |___/   |_|     |_|   /_/ \_\ |___/ |___/ |___| |___/ 

As a user, I can edit a book with valid inputs
----------------------------------------------------------------------
]]></system-out>
    <system-err><![CDATA[Mei 13, 2024 11:16:31 PM org.openqa.selenium.devtools.CdpVersionFinder findNearestMatch
WARNING: Unable to find an exact match for CDP version 124, returning the closest version; found: 122; Please update to a Selenium version that supports CDP version 124
]]></system-err>
  </testcase>
  <testcase name="As a user, I cannot edit a book with invalid year" classname="Edit Book" time="7.016">
    <failure type="org.opentest4j.AssertionFailedError"><![CDATA[org.opentest4j.AssertionFailedError: expected: <true> but was: <false>
]]></failure>
    <system-out><![CDATA[
Scenario: As a user, I cannot edit a book with invalid year &amp#27;[90m# src/test/resources/features/EditBook.feature:17&amp#27;[0m
23:16:34.908 [main] DEBUG io.cucumber.core.plugin.SerenityReporter -- Running feature from file:///Users/kayiin/Documents/A.%20Studi%20Independen/mini-project-fadillah/Web_Testing/src/test/resources/features/EditBook.feature
23:16:34.910 [main] INFO  -- 
  _____   ___   ___   _____     ___   _____     _     ___   _____   ___   ___  
 |_   _| | __| / __| |_   _|   / __| |_   _|   /_\   | _ \ |_   _| | __| |   \ 
   | |   | _|  \__ \   | |     \__ \   | |    / _ \  |   /   | |   | _|  | |) |
   |_|   |___| |___/   |_|     |___/   |_|   /_/ \_\ |_|_\   |_|   |___| |___/ 

As a user, I cannot edit a book with invalid year(edit-book;as-a-user--i-cannot-edit-a-book-with-invalid-year)
--------------------------------------------------------------------------------
23:16:34.984 [main] INFO net.serenitybdd.core.webdriver.driverproviders.ChromeDriverProvider -- Starting Chrome driver instance with capabilities:
23:16:34.984 [main] INFO net.serenitybdd.core.webdriver.driverproviders.ChromeDriverProvider -- Capabilities {acceptInsecureCerts: false, browserName: chrome, goog:chromeOptions: {args: [remote-allow-origins=*], extensions: []}}
23:16:38.643 [main] DEBUG net.serenitybdd.core.photography.Darkroom -- Send negative for processing for /Users/kayiin/Documents/A. Studi Independen/mini-project-fadillah/Web_Testing/target/site/serenity/2cdc8592ed272324d031624a1cadbed97e6947094d6b9e73166ccd53de969885.png
23:16:38.644 [Darkroom Processing Line] DEBUG net.serenitybdd.core.photography.DarkroomProcessingLine -- Processing screenshot image in /var/screenshots/screenshot-13648722335338792740
23:16:38.644 [main] DEBUG net.thucydides.core.steps.StepInterceptor -- STARTING STEP: BookViewStep.onTheMainPage - I am on the main page
23:16:38.644 [Darkroom Processing Line] DEBUG net.serenitybdd.core.photography.DarkroomProcessingLine -- Saving screenshot to /Users/kayiin/Documents/A. Studi Independen/mini-project-fadillah/Web_Testing/target/site/serenity/2cdc8592ed272324d031624a1cadbed97e6947094d6b9e73166ccd53de969885.png
23:16:38.690 [main] DEBUG net.thucydides.core.steps.StepInterceptor -- STEP DONE: I am on the main page
  &amp#27;[32mGiven &amp#27;[0m&amp#27;[32mI am on the main page&amp#27;[0m                               &amp#27;[90m# starter.stepdefinitions.BookViewStep.onTheMainPage()&amp#27;[0m
23:16:38.835 [main] DEBUG net.serenitybdd.core.photography.Darkroom -- Send negative for processing for /Users/kayiin/Documents/A. Studi Independen/mini-project-fadillah/Web_Testing/target/site/serenity/45d5e81a4973cab5fe5d8c46e9d82cdc7b9ed7fa38ce7a4b1d9f606c8e9225c6.png
23:16:38.863 [main] DEBUG net.thucydides.core.steps.StepInterceptor -- STARTING STEP: editBookStep.clickEditIcon - I click edit icon
23:16:39.469 [main] DEBUG net.serenitybdd.core.photography.Darkroom -- Send negative for processing for /Users/kayiin/Documents/A. Studi Independen/mini-project-fadillah/Web_Testing/target/site/serenity/98c7e7fee82c73d98e33549b449e22d88c382b0f3956a00e333a633da1f5ddcc.png
23:16:39.469 [main] DEBUG net.thucydides.core.steps.StepInterceptor -- STEP DONE: I click edit icon
23:16:39.469 [Darkroom Processing Line] DEBUG net.serenitybdd.core.photography.DarkroomProcessingLine -- Processing screenshot image in /var/screenshots/screenshot-17864995757518644820
23:16:39.469 [Darkroom Processing Line] DEBUG net.serenitybdd.core.photography.DarkroomProcessingLine -- Saving screenshot to /Users/kayiin/Documents/A. Studi Independen/mini-project-fadillah/Web_Testing/target/site/serenity/98c7e7fee82c73d98e33549b449e22d88c382b0f3956a00e333a633da1f5ddcc.png
  &amp#27;[32mWhen &amp#27;[0m&amp#27;[32mI click edit icon&amp#27;[0m                                    &amp#27;[90m# starter.stepdefinitions.editBookStep.clickEditIcon()&amp#27;[0m
23:16:39.795 [main] DEBUG net.serenitybdd.core.photography.Darkroom -- Send negative for processing for /Users/kayiin/Documents/A. Studi Independen/mini-project-fadillah/Web_Testing/target/site/serenity/49b9927d6937b395365dcba40f03c4da73a37d3fc1472847ff3478acc596901c.png
  &amp#27;[32mAnd &amp#27;[0m&amp#27;[32mI input valid title&amp#27;[0m                                   &amp#27;[90m# starter.stepdefinitions.editBookStep.inputValidTitle()&amp#27;[0m
23:16:40.153 [main] DEBUG net.serenitybdd.core.photography.Darkroom -- Send negative for processing for /Users/kayiin/Documents/A. Studi Independen/mini-project-fadillah/Web_Testing/target/site/serenity/e49c6c2466f480cde1ac2318a9d10edee370dcf017a41fc4b54b49fa7d3e9c08.png
  &amp#27;[32mAnd &amp#27;[0m&amp#27;[32mI input valid author&amp#27;[0m                                  &amp#27;[90m# starter.stepdefinitions.editBookStep.inputValidAuthor()&amp#27;[0m
23:16:40.444 [main] DEBUG net.serenitybdd.core.photography.Darkroom -- Send negative for processing for /Users/kayiin/Documents/A. Studi Independen/mini-project-fadillah/Web_Testing/target/site/serenity/95acf3d7fbe63639bd743678ca40487867ae5162f9a0f665976982b28b792e7e.png
  &amp#27;[32mAnd &amp#27;[0m&amp#27;[32mI input invalid year&amp#27;[0m                                  &amp#27;[90m# starter.stepdefinitions.editBookStep.inputInvalidYear()&amp#27;[0m
23:16:40.681 [main] DEBUG net.serenitybdd.core.photography.Darkroom -- Send negative for processing for /Users/kayiin/Documents/A. Studi Independen/mini-project-fadillah/Web_Testing/target/site/serenity/2c96f004ad8f97ba6b0e905b532368106d969458c29d06a1182cc3098035b102.png
23:16:40.681 [Darkroom Processing Line] DEBUG net.serenitybdd.core.photography.DarkroomProcessingLine -- Processing screenshot image in /var/screenshots/screenshot-6711994689369508720
23:16:40.681 [Darkroom Processing Line] DEBUG net.serenitybdd.core.photography.DarkroomProcessingLine -- Saving screenshot to /Users/kayiin/Documents/A. Studi Independen/mini-project-fadillah/Web_Testing/target/site/serenity/2c96f004ad8f97ba6b0e905b532368106d969458c29d06a1182cc3098035b102.png
  &amp#27;[32mAnd &amp#27;[0m&amp#27;[32mI click edit book button&amp#27;[0m                              &amp#27;[90m# starter.stepdefinitions.editBookStep.clickEditBookButton()&amp#27;[0m
23:16:40.948 [main] DEBUG net.serenitybdd.core.photography.Darkroom -- Send negative for processing for /Users/kayiin/Documents/A. Studi Independen/mini-project-fadillah/Web_Testing/target/site/serenity/6f77c32f279b744047a4ee8f9d116ef786d418770cb14865c12d5705ec41f4f0.png
23:16:40.948 [Darkroom Processing Line] DEBUG net.serenitybdd.core.photography.DarkroomProcessingLine -- Processing screenshot image in /var/screenshots/screenshot-14182919333172756965
23:16:40.948 [Darkroom Processing Line] DEBUG net.serenitybdd.core.photography.DarkroomProcessingLine -- Saving screenshot to /Users/kayiin/Documents/A. Studi Independen/mini-project-fadillah/Web_Testing/target/site/serenity/6f77c32f279b744047a4ee8f9d116ef786d418770cb14865c12d5705ec41f4f0.png
  &amp#27;[31mThen &amp#27;[0m&amp#27;[31msystems show error message &amp#27;[0m&amp#27;[31m&amp#27;[1m"Book edit failed"&amp#27;[0m        &amp#27;[90m# starter.stepdefinitions.editBookStep.errorMessageEditBook(java.lang.String)&amp#27;[0m
      &amp#27;[31morg.opentest4j.AssertionFailedError: expected: <true> but was: <false>
	at org.junit.jupiter.api.AssertionFailureBuilder.build(AssertionFailureBuilder.java:151)
	at org.junit.jupiter.api.AssertionFailureBuilder.buildAndThrow(AssertionFailureBuilder.java:132)
	at org.junit.jupiter.api.AssertTrue.failNotTrue(AssertTrue.java:63)
	at org.junit.jupiter.api.AssertTrue.assertTrue(AssertTrue.java:36)
	at org.junit.jupiter.api.AssertTrue.assertTrue(AssertTrue.java:31)
	at org.junit.jupiter.api.Assertions.assertTrue(Assertions.java:180)
	at web.serenity.starter@1.0-SNAPSHOT/starter.stepdefinitions.editBookStep.errorMessageEditBook(editBookStep.java:54)
	at ✽.systems show error message "Book edit failed"(file:///Users/kayiin/Documents/A.%20Studi%20Independen/mini-project-fadillah/Web_Testing/src/test/resources/features/EditBook.feature:23)
&amp#27;[0m
23:16:41.704 [main] DEBUG net.serenitybdd.core.photography.Darkroom -- Send negative for processing for /Users/kayiin/Documents/A. Studi Independen/mini-project-fadillah/Web_Testing/target/site/serenity/8069498390367ccedf40bfb18ccb3667b4b09d5887365512eae52d66376e2b51.png
23:16:41.704 [Darkroom Processing Line] DEBUG net.serenitybdd.core.photography.DarkroomProcessingLine -- Processing screenshot image in /var/screenshots/screenshot-582782113114825437
23:16:41.704 [Darkroom Processing Line] DEBUG net.serenitybdd.core.photography.DarkroomProcessingLine -- Saving screenshot to /Users/kayiin/Documents/A. Studi Independen/mini-project-fadillah/Web_Testing/target/site/serenity/8069498390367ccedf40bfb18ccb3667b4b09d5887365512eae52d66376e2b51.png
23:16:41.730 [main] ERROR  -- 
  _____   ___   ___   _____     ___     _     ___   _      ___   ___  
 |_   _| | __| / __| |_   _|   | __|   /_\   |_ _| | |    | __| |   \ 
   | |   | _|  \__ \   | |     | _|   / _ \   | |  | |__  | _|  | |) |
   |_|   |___| |___/   |_|     |_|   /_/ \_\ |___| |____| |___| |___/ 

As a user, I cannot edit a book with invalid year
-----------------------------------------------------------------------
23:16:41.730 [main] DEBUG  -- RELATED ISSUES: 
23:16:41.730 [main] ERROR  --     Test failed at step: Then systems show error message "Book edit failed"
23:16:41.730 [main] ERROR  --     expected: <true> but was: <false>
]]></system-out>
    <system-err><![CDATA[Mei 13, 2024 11:16:36 PM org.openqa.selenium.devtools.CdpVersionFinder findNearestMatch
WARNING: Unable to find an exact match for CDP version 124, returning the closest version; found: 122; Please update to a Selenium version that supports CDP version 124
]]></system-err>
  </testcase>
  <testcase name="As a user, I can delete a book" classname="Edit Book" time="5.164">
    <system-out><![CDATA[
Scenario: As a user, I can delete a book                        &amp#27;[90m# src/test/resources/features/EditBook.feature:25&amp#27;[0m
23:16:41.925 [main] DEBUG io.cucumber.core.plugin.SerenityReporter -- Running feature from file:///Users/kayiin/Documents/A.%20Studi%20Independen/mini-project-fadillah/Web_Testing/src/test/resources/features/EditBook.feature
23:16:41.927 [main] INFO  -- 
  _____   ___   ___   _____     ___   _____     _     ___   _____   ___   ___  
 |_   _| | __| / __| |_   _|   / __| |_   _|   /_\   | _ \ |_   _| | __| |   \ 
   | |   | _|  \__ \   | |     \__ \   | |    / _ \  |   /   | |   | _|  | |) |
   |_|   |___| |___/   |_|     |___/   |_|   /_/ \_\ |_|_\   |_|   |___| |___/ 

As a user, I can delete a book(edit-book;as-a-user--i-can-delete-a-book)
--------------------------------------------------------------------------------
23:16:42.014 [main] INFO net.serenitybdd.core.webdriver.driverproviders.ChromeDriverProvider -- Starting Chrome driver instance with capabilities:
23:16:42.015 [main] INFO net.serenitybdd.core.webdriver.driverproviders.ChromeDriverProvider -- Capabilities {acceptInsecureCerts: false, browserName: chrome, goog:chromeOptions: {args: [remote-allow-origins=*], extensions: []}}
23:16:44.758 [main] DEBUG net.serenitybdd.core.photography.Darkroom -- Send negative for processing for /Users/kayiin/Documents/A. Studi Independen/mini-project-fadillah/Web_Testing/target/site/serenity/1e4951599f070d593fc209726efca425b01badbf7426ee499ea1b58deaac4d05.png
23:16:44.761 [main] DEBUG net.thucydides.core.steps.StepInterceptor -- STARTING STEP: BookViewStep.onTheMainPage - I am on the main page
23:16:44.763 [Darkroom Processing Line] DEBUG net.serenitybdd.core.photography.DarkroomProcessingLine -- Processing screenshot image in /var/screenshots/screenshot-1527505323446649539
23:16:44.763 [Darkroom Processing Line] DEBUG net.serenitybdd.core.photography.DarkroomProcessingLine -- Saving screenshot to /Users/kayiin/Documents/A. Studi Independen/mini-project-fadillah/Web_Testing/target/site/serenity/1e4951599f070d593fc209726efca425b01badbf7426ee499ea1b58deaac4d05.png
23:16:44.957 [main] DEBUG net.serenitybdd.core.photography.Darkroom -- Send negative for processing for /Users/kayiin/Documents/A. Studi Independen/mini-project-fadillah/Web_Testing/target/site/serenity/981e3d4b67856e9ae0ce336a70298b4157e3fea36077b6bf942c4d8251edf215.png
23:16:44.958 [Darkroom Processing Line] DEBUG net.serenitybdd.core.photography.DarkroomProcessingLine -- Processing screenshot image in /var/screenshots/screenshot-3173135800833954433
23:16:44.958 [Darkroom Processing Line] DEBUG net.serenitybdd.core.photography.DarkroomProcessingLine -- Saving screenshot to /Users/kayiin/Documents/A. Studi Independen/mini-project-fadillah/Web_Testing/target/site/serenity/981e3d4b67856e9ae0ce336a70298b4157e3fea36077b6bf942c4d8251edf215.png
23:16:44.958 [main] DEBUG net.thucydides.core.steps.StepInterceptor -- STEP DONE: I am on the main page
  &amp#27;[32mGiven &amp#27;[0m&amp#27;[32mI am on the main page&amp#27;[0m                                   &amp#27;[90m# starter.stepdefinitions.BookViewStep.onTheMainPage()&amp#27;[0m
23:16:45.164 [main] DEBUG net.serenitybdd.core.photography.Darkroom -- Send negative for processing for /Users/kayiin/Documents/A. Studi Independen/mini-project-fadillah/Web_Testing/target/site/serenity/d1786d69751f218d3a15df962b286244ff09602ad7e9d4430c79d7e9ad9c313a.png
23:16:45.164 [Darkroom Processing Line] DEBUG net.serenitybdd.core.photography.DarkroomProcessingLine -- Processing screenshot image in /var/screenshots/screenshot-3810293832680058537
23:16:45.164 [Darkroom Processing Line] DEBUG net.serenitybdd.core.photography.DarkroomProcessingLine -- Saving screenshot to /Users/kayiin/Documents/A. Studi Independen/mini-project-fadillah/Web_Testing/target/site/serenity/d1786d69751f218d3a15df962b286244ff09602ad7e9d4430c79d7e9ad9c313a.png
23:16:45.164 [main] DEBUG net.thucydides.core.steps.StepInterceptor -- STARTING STEP: editBookStep.clickDeleteIcon - I click delete icon
23:16:46.002 [main] DEBUG net.serenitybdd.core.photography.Darkroom -- Send negative for processing for /Users/kayiin/Documents/A. Studi Independen/mini-project-fadillah/Web_Testing/target/site/serenity/2522064ee314cfdfac5d6686cba4f1ce2c8377fe0d9636b4229aadde6f6fb421.png
23:16:46.002 [Darkroom Processing Line] DEBUG net.serenitybdd.core.photography.DarkroomProcessingLine -- Processing screenshot image in /var/screenshots/screenshot-4940324007540729781
23:16:46.002 [main] DEBUG net.thucydides.core.steps.StepInterceptor -- STEP DONE: I click delete icon
23:16:46.002 [Darkroom Processing Line] DEBUG net.serenitybdd.core.photography.DarkroomProcessingLine -- Saving screenshot to /Users/kayiin/Documents/A. Studi Independen/mini-project-fadillah/Web_Testing/target/site/serenity/2522064ee314cfdfac5d6686cba4f1ce2c8377fe0d9636b4229aadde6f6fb421.png
  &amp#27;[32mWhen &amp#27;[0m&amp#27;[32mI click delete icon&amp#27;[0m                                      &amp#27;[90m# starter.stepdefinitions.editBookStep.clickDeleteIcon()&amp#27;[0m
  &amp#27;[32mAnd &amp#27;[0m&amp#27;[32mI click yes button&amp#27;[0m                                        &amp#27;[90m# starter.stepdefinitions.editBookStep.clickYesButton()&amp#27;[0m
23:16:46.260 [main] DEBUG net.serenitybdd.core.photography.Darkroom -- Send negative for processing for /Users/kayiin/Documents/A. Studi Independen/mini-project-fadillah/Web_Testing/target/site/serenity/da8facaa74689339755c245314025e5ce933cf815d7d6dfc98fc1e2bf4258944.png
23:16:46.260 [Darkroom Processing Line] DEBUG net.serenitybdd.core.photography.DarkroomProcessingLine -- Processing screenshot image in /var/screenshots/screenshot-462664825548688266
23:16:46.260 [Darkroom Processing Line] DEBUG net.serenitybdd.core.photography.DarkroomProcessingLine -- Saving screenshot to /Users/kayiin/Documents/A. Studi Independen/mini-project-fadillah/Web_Testing/target/site/serenity/da8facaa74689339755c245314025e5ce933cf815d7d6dfc98fc1e2bf4258944.png
  &amp#27;[32mThen &amp#27;[0m&amp#27;[32msystem shows success message &amp#27;[0m&amp#27;[32m&amp#27;[1m"book deleted successfully"&amp#27;[0m &amp#27;[90m# starter.stepdefinitions.editBookStep.showsSuccessMessage(java.lang.String)&amp#27;[0m
23:16:46.899 [main] DEBUG net.serenitybdd.core.photography.Darkroom -- Send negative for processing for /Users/kayiin/Documents/A. Studi Independen/mini-project-fadillah/Web_Testing/target/site/serenity/0a07bceab17a0a8420357439fd0c86363b1693adb5fc7cd7e7081f1f1afe51f9.png
23:16:46.899 [Darkroom Processing Line] DEBUG net.serenitybdd.core.photography.DarkroomProcessingLine -- Processing screenshot image in /var/screenshots/screenshot-7377432070301784738
23:16:46.899 [Darkroom Processing Line] DEBUG net.serenitybdd.core.photography.DarkroomProcessingLine -- Saving screenshot to /Users/kayiin/Documents/A. Studi Independen/mini-project-fadillah/Web_Testing/target/site/serenity/0a07bceab17a0a8420357439fd0c86363b1693adb5fc7cd7e7081f1f1afe51f9.png
23:16:46.901 [main] INFO  -- 
  _____   ___   ___   _____     ___     _     ___   ___   ___   ___  
 |_   _| | __| / __| |_   _|   | _ \   /_\   / __| / __| | __| |   \ 
   | |   | _|  \__ \   | |     |  _/  / _ \  \__ \ \__ \ | _|  | |) |
   |_|   |___| |___/   |_|     |_|   /_/ \_\ |___/ |___/ |___| |___/ 

As a user, I can delete a book
----------------------------------------------------------------------
]]></system-out>
    <system-err><![CDATA[Mei 13, 2024 11:16:43 PM org.openqa.selenium.devtools.CdpVersionFinder findNearestMatch
WARNING: Unable to find an exact match for CDP version 124, returning the closest version; found: 122; Please update to a Selenium version that supports CDP version 124
]]></system-err>
  </testcase>
</testsuite>