<?xml version="1.0" encoding="UTF-8"?>
<testsuite xmlns:xsi="http://www.w3.org/2001/XMLSchema-instance" xsi:noNamespaceSchemaLocation="https://maven.apache.org/surefire/maven-failsafe-plugin/xsd/failsafe-test-report-3.0.xsd" version="3.0" name="starter.CucumberTestSuite" time="100.041" tests="12" errors="0" skipped="0" failures="2">
  <properties>
[...]
</properties>
  <testcase name="As a user, I can see books list by table" classname=": Book View" time="23.542">
    <system-out><![CDATA[12:02:21.520 [main] DEBUG io.cucumber.core.plugin.SerenityReporter -- Running feature from file:///Users/kayiin/Documents/A.%20Studi%20Independen/mini-project-fadillah/Web_Testing/src/test/resources/features/BookView.feature
12:02:21.877 [main] INFO  -- 

-------------------------------------------------------------------------------------
     _______. _______ .______       _______ .__   __.  __  .___________.____    ____ 
    /       ||   ____||   _  \     |   ____||  \ |  | |  | |           |\   \  /   / 
   |   (----`|  |__   |  |_)  |    |  |__   |   \|  | |  | `---|  |----` \   \/   /  
    \   \    |   __|  |      /     |   __|  |  . `  | |  |     |  |       \_    _/   
.----)   |   |  |____ |  |\  \----.|  |____ |  |\   | |  |     |  |         |  |     
|_______/    |_______|| _| `._____||_______||__| \__| |__|     |__|         |__|    
                                                                                     
 News and tutorials at https://serenity-bdd.info                                     
 Documentation at https://serenity-bdd.github.io                                     
 Test Automation Training and Coaching: https://www.serenity-dojo.com                
 Commercial Support: https://www.serenity-dojo.com/serenity-bdd-enterprise-support   
 Join the Serenity Community on Gitter: https://gitter.im/serenity-bdd/serenity-core 
-------------------------------------------------------------------------------------

12:02:21.891 [main] DEBUG net.thucydides.core.steps.StepEventBus -- Test suite started for story net.thucydides.model.domain.Story@6af629c0
12:02:21.901 [main] INFO  -- Test Suite Started: : Book View
12:02:22.491 [main] DEBUG io.cucumber.core.plugin.SerenityReporter -- Running feature from file:///Users/kayiin/Documents/A.%20Studi%20Independen/mini-project-fadillah/Web_Testing/src/test/resources/features/CreateBook.feature
12:02:22.531 [main] DEBUG net.thucydides.core.steps.StepEventBus -- Test suite started for story net.thucydides.model.domain.Story@cc9c4a0
12:02:22.537 [main] INFO  -- Test Suite Started: Create book
12:02:22.542 [main] DEBUG io.cucumber.core.plugin.SerenityReporter -- Running feature from file:///Users/kayiin/Documents/A.%20Studi%20Independen/mini-project-fadillah/Web_Testing/src/test/resources/features/EditBook.feature
12:02:22.584 [main] DEBUG net.thucydides.core.steps.StepEventBus -- Test suite started for story net.thucydides.model.domain.Story@69ed8660
12:02:22.585 [main] INFO  -- Test Suite Started: Edit Book
12:02:22.587 [main] DEBUG io.cucumber.core.plugin.SerenityReporter -- Running feature from file:///Users/kayiin/Documents/A.%20Studi%20Independen/mini-project-fadillah/Web_Testing/src/test/resources/features/BookView.feature
12:02:22.601 [main] DEBUG net.thucydides.core.steps.StepEventBus -- Test suite started for story net.thucydides.model.domain.Story@6af629c0
12:02:22.621 [main] INFO  -- Test Suite Started: : Book View

Scenario: As a user, I can see books list by table &amp#27;[90m# src/test/resources/features/BookView.feature:6&amp#27;[0m
12:02:23.541 [main] DEBUG io.cucumber.core.plugin.SerenityReporter -- Running feature from file:///Users/kayiin/Documents/A.%20Studi%20Independen/mini-project-fadillah/Web_Testing/src/test/resources/features/BookView.feature
12:02:24.586 [main] INFO  -- 
  _____   ___   ___   _____     ___   _____     _     ___   _____   ___   ___  
 |_   _| | __| / __| |_   _|   / __| |_   _|   /_\   | _ \ |_   _| | __| |   \ 
   | |   | _|  \__ \   | |     \__ \   | |    / _ \  |   /   | |   | _|  | |) |
   |_|   |___| |___/   |_|     |___/   |_|   /_/ \_\ |_|_\   |_|   |___| |___/ 

As a user, I can see books list by table(:-book-view;as-a-user--i-can-see-books-list-by-table)
--------------------------------------------------------------------------------
12:02:29.521 [main] INFO net.serenitybdd.core.webdriver.driverproviders.ChromeDriverProvider -- Starting Chrome driver instance with capabilities:
12:02:29.537 [main] INFO net.serenitybdd.core.webdriver.driverproviders.ChromeDriverProvider -- Capabilities {acceptInsecureCerts: false, browserName: chrome, goog:chromeOptions: {args: [remote-allow-origins=*], extensions: []}}
12:02:43.912 [main] DEBUG net.serenitybdd.core.photography.Darkroom -- Opening darkroom
12:02:43.913 [Darkroom Processing Line] DEBUG net.serenitybdd.core.photography.DarkroomProcessingLine -- Darkroom processing line starting up
12:02:44.424 [main] DEBUG net.serenitybdd.core.photography.Darkroom -- Send negative for processing for /Users/kayiin/Documents/A. Studi Independen/mini-project-fadillah/Web_Testing/target/site/serenity/9ba4e3c1a192fb94fb1b4fd584f3cc401557631197df56e3dbdd5ea05d1213c8.png
12:02:44.425 [Darkroom Processing Line] DEBUG net.serenitybdd.core.photography.DarkroomProcessingLine -- Processing screenshot image in /var/screenshots/screenshot-7895368901346217215
12:02:44.426 [Darkroom Processing Line] DEBUG net.serenitybdd.core.photography.DarkroomProcessingLine -- Saving screenshot to /Users/kayiin/Documents/A. Studi Independen/mini-project-fadillah/Web_Testing/target/site/serenity/9ba4e3c1a192fb94fb1b4fd584f3cc401557631197df56e3dbdd5ea05d1213c8.png
12:02:44.429 [main] DEBUG net.thucydides.core.steps.StepInterceptor -- STARTING STEP: BookViewStep.onTheMainPage - I am on the main page
12:02:44.791 [main] DEBUG net.serenitybdd.core.photography.Darkroom -- Send negative for processing for /Users/kayiin/Documents/A. Studi Independen/mini-project-fadillah/Web_Testing/target/site/serenity/c31e291c77e66e45bb8cea7040e36ea18633671634144e08b20aace53e6c1774.png
12:02:44.791 [Darkroom Processing Line] DEBUG net.serenitybdd.core.photography.DarkroomProcessingLine -- Processing screenshot image in /var/screenshots/screenshot-11259424014017536318
12:02:44.791 [Darkroom Processing Line] DEBUG net.serenitybdd.core.photography.DarkroomProcessingLine -- Saving screenshot to /Users/kayiin/Documents/A. Studi Independen/mini-project-fadillah/Web_Testing/target/site/serenity/c31e291c77e66e45bb8cea7040e36ea18633671634144e08b20aace53e6c1774.png
12:02:44.792 [main] DEBUG net.thucydides.core.steps.StepInterceptor -- STEP DONE: I am on the main page
  &amp#27;[32mGiven &amp#27;[0m&amp#27;[32mI am on the main page&amp#27;[0m                      &amp#27;[90m# starter.stepdefinitions.BookViewStep.onTheMainPage()&amp#27;[0m
12:02:45.127 [main] DEBUG net.serenitybdd.core.photography.Darkroom -- Send negative for processing for /Users/kayiin/Documents/A. Studi Independen/mini-project-fadillah/Web_Testing/target/site/serenity/60af2753c4146134e725b14d3b4d9b44fe3de9626db3a98721385f3d2ce41229.png
12:02:45.128 [Darkroom Processing Line] DEBUG net.serenitybdd.core.photography.DarkroomProcessingLine -- Processing screenshot image in /var/screenshots/screenshot-13039179817318300424
12:02:45.128 [Darkroom Processing Line] DEBUG net.serenitybdd.core.photography.DarkroomProcessingLine -- Saving screenshot to /Users/kayiin/Documents/A. Studi Independen/mini-project-fadillah/Web_Testing/target/site/serenity/60af2753c4146134e725b14d3b4d9b44fe3de9626db3a98721385f3d2ce41229.png
12:02:45.129 [main] DEBUG net.thucydides.core.steps.StepInterceptor -- STARTING STEP: BookViewStep.clickTableButton - I click table button
12:02:45.611 [main] DEBUG net.serenitybdd.core.photography.Darkroom -- Send negative for processing for /Users/kayiin/Documents/A. Studi Independen/mini-project-fadillah/Web_Testing/target/site/serenity/2bebcc5387cef4f91d1b5da7d02d1db85a6ae23aedb6548c1b17ac76ba597401.png
12:02:45.612 [Darkroom Processing Line] DEBUG net.serenitybdd.core.photography.DarkroomProcessingLine -- Processing screenshot image in /var/screenshots/screenshot-12188193373634537033
12:02:45.612 [Darkroom Processing Line] DEBUG net.serenitybdd.core.photography.DarkroomProcessingLine -- Saving screenshot to /Users/kayiin/Documents/A. Studi Independen/mini-project-fadillah/Web_Testing/target/site/serenity/2bebcc5387cef4f91d1b5da7d02d1db85a6ae23aedb6548c1b17ac76ba597401.png
12:02:45.612 [main] DEBUG net.thucydides.core.steps.StepInterceptor -- STEP DONE: I click table button
  &amp#27;[32mWhen &amp#27;[0m&amp#27;[32mI click table button&amp#27;[0m                        &amp#27;[90m# starter.stepdefinitions.BookViewStep.clickTableButton()&amp#27;[0m
12:02:45.649 [main] DEBUG net.thucydides.core.steps.StepInterceptor -- STARTING STEP: BookViewStep.bookListByTable - I see books list by table
12:02:45.841 [main] DEBUG net.serenitybdd.core.photography.Darkroom -- Send negative for processing for /Users/kayiin/Documents/A. Studi Independen/mini-project-fadillah/Web_Testing/target/site/serenity/2bebcc5387cef4f91d1b5da7d02d1db85a6ae23aedb6548c1b17ac76ba597401.png
12:02:45.842 [main] DEBUG net.thucydides.core.steps.StepInterceptor -- STEP DONE: I see books list by table
  &amp#27;[32mThen &amp#27;[0m&amp#27;[32mI see books list by table&amp#27;[0m                   &amp#27;[90m# starter.stepdefinitions.BookViewStep.bookListByTable()&amp#27;[0m
12:02:45.855 [main] INFO  -- 
  _____   ___   ___   _____     ___     _     ___   ___   ___   ___  
 |_   _| | __| / __| |_   _|   | _ \   /_\   / __| / __| | __| |   \ 
   | |   | _|  \__ \   | |     |  _/  / _ \  \__ \ \__ \ | _|  | |) |
   |_|   |___| |___/   |_|     |_|   /_/ \_\ |___/ |___/ |___| |___/ 

As a user, I can see books list by table
----------------------------------------------------------------------
]]></system-out>
    <system-err><![CDATA[Mei 12, 2024 12:02:41 PM org.openqa.selenium.devtools.CdpVersionFinder findNearestMatch
WARNING: Unable to find an exact match for CDP version 124, returning the closest version; found: 122; Please update to a Selenium version that supports CDP version 124
]]></system-err>
  </testcase>
  <testcase name="As a user, I can see books list by card" classname=": Book View" time="6.336">
    <system-out><![CDATA[
Scenario: As a user, I can see books list by card &amp#27;[90m# src/test/resources/features/BookView.feature:11&amp#27;[0m
12:02:46.249 [main] DEBUG io.cucumber.core.plugin.SerenityReporter -- Running feature from file:///Users/kayiin/Documents/A.%20Studi%20Independen/mini-project-fadillah/Web_Testing/src/test/resources/features/BookView.feature
12:02:46.260 [main] INFO  -- 
  _____   ___   ___   _____     ___   _____     _     ___   _____   ___   ___  
 |_   _| | __| / __| |_   _|   / __| |_   _|   /_\   | _ \ |_   _| | __| |   \ 
   | |   | _|  \__ \   | |     \__ \   | |    / _ \  |   /   | |   | _|  | |) |
   |_|   |___| |___/   |_|     |___/   |_|   /_/ \_\ |_|_\   |_|   |___| |___/ 

As a user, I can see books list by card(:-book-view;as-a-user--i-can-see-books-list-by-card)
--------------------------------------------------------------------------------
12:02:46.662 [main] INFO net.serenitybdd.core.webdriver.driverproviders.ChromeDriverProvider -- Starting Chrome driver instance with capabilities:
12:02:46.663 [main] INFO net.serenitybdd.core.webdriver.driverproviders.ChromeDriverProvider -- Capabilities {acceptInsecureCerts: false, browserName: chrome, goog:chromeOptions: {args: [remote-allow-origins=*], extensions: []}}
12:02:50.598 [main] DEBUG net.serenitybdd.core.photography.Darkroom -- Send negative for processing for /Users/kayiin/Documents/A. Studi Independen/mini-project-fadillah/Web_Testing/target/site/serenity/d16856bbfd414643dea2c24ac1805aca739ba75d2b9559479551e9f38dc7a405.png
12:02:50.599 [main] DEBUG net.thucydides.core.steps.StepInterceptor -- STARTING STEP: BookViewStep.onTheMainPage - I am on the main page
12:02:50.602 [Darkroom Processing Line] DEBUG net.serenitybdd.core.photography.DarkroomProcessingLine -- Processing screenshot image in /var/screenshots/screenshot-12615674735978347845
12:02:50.602 [Darkroom Processing Line] DEBUG net.serenitybdd.core.photography.DarkroomProcessingLine -- Saving screenshot to /Users/kayiin/Documents/A. Studi Independen/mini-project-fadillah/Web_Testing/target/site/serenity/d16856bbfd414643dea2c24ac1805aca739ba75d2b9559479551e9f38dc7a405.png
12:02:50.828 [main] DEBUG net.serenitybdd.core.photography.Darkroom -- Send negative for processing for /Users/kayiin/Documents/A. Studi Independen/mini-project-fadillah/Web_Testing/target/site/serenity/e9f8944f587848d4325c79e7f67c7184b2d40c11a03b675c618ae4692c649fae.png
12:02:50.828 [main] DEBUG net.thucydides.core.steps.StepInterceptor -- STEP DONE: I am on the main page
12:02:50.828 [Darkroom Processing Line] DEBUG net.serenitybdd.core.photography.DarkroomProcessingLine -- Processing screenshot image in /var/screenshots/screenshot-11296952528480291827
12:02:50.828 [Darkroom Processing Line] DEBUG net.serenitybdd.core.photography.DarkroomProcessingLine -- Saving screenshot to /Users/kayiin/Documents/A. Studi Independen/mini-project-fadillah/Web_Testing/target/site/serenity/e9f8944f587848d4325c79e7f67c7184b2d40c11a03b675c618ae4692c649fae.png
  &amp#27;[32mGiven &amp#27;[0m&amp#27;[32mI am on the main page&amp#27;[0m                     &amp#27;[90m# starter.stepdefinitions.BookViewStep.onTheMainPage()&amp#27;[0m
12:02:50.859 [main] DEBUG net.thucydides.core.steps.StepInterceptor -- STARTING STEP: BookViewStep.clickCardButton - I click card button
12:02:51.749 [main] DEBUG net.serenitybdd.core.photography.Darkroom -- Send negative for processing for /Users/kayiin/Documents/A. Studi Independen/mini-project-fadillah/Web_Testing/target/site/serenity/f0e21a099ba4124807841435e0a9b823e7771b0b1e4c76d8eb3c1edd2460cb16.png
12:02:51.749 [Darkroom Processing Line] DEBUG net.serenitybdd.core.photography.DarkroomProcessingLine -- Processing screenshot image in /var/screenshots/screenshot-17487756577119138889
12:02:51.749 [Darkroom Processing Line] DEBUG net.serenitybdd.core.photography.DarkroomProcessingLine -- Saving screenshot to /Users/kayiin/Documents/A. Studi Independen/mini-project-fadillah/Web_Testing/target/site/serenity/f0e21a099ba4124807841435e0a9b823e7771b0b1e4c76d8eb3c1edd2460cb16.png
12:02:51.749 [main] DEBUG net.thucydides.core.steps.StepInterceptor -- STEP DONE: I click card button
  &amp#27;[32mWhen &amp#27;[0m&amp#27;[32mI click card button&amp#27;[0m                        &amp#27;[90m# starter.stepdefinitions.BookViewStep.clickCardButton()&amp#27;[0m
12:02:51.795 [main] DEBUG net.thucydides.core.steps.StepInterceptor -- STARTING STEP: BookViewStep.cardBookList - I see books list by card
12:02:52.096 [main] DEBUG net.serenitybdd.core.photography.Darkroom -- Send negative for processing for /Users/kayiin/Documents/A. Studi Independen/mini-project-fadillah/Web_Testing/target/site/serenity/f0e21a099ba4124807841435e0a9b823e7771b0b1e4c76d8eb3c1edd2460cb16.png
12:02:52.098 [main] DEBUG net.thucydides.core.steps.StepInterceptor -- STEP DONE: I see books list by card
  &amp#27;[32mThen &amp#27;[0m&amp#27;[32mI see books list by card&amp#27;[0m                   &amp#27;[90m# starter.stepdefinitions.BookViewStep.cardBookList()&amp#27;[0m
12:02:52.112 [main] INFO  -- 
  _____   ___   ___   _____     ___     _     ___   ___   ___   ___  
 |_   _| | __| / __| |_   _|   | _ \   /_\   / __| / __| | __| |   \ 
   | |   | _|  \__ \   | |     |  _/  / _ \  \__ \ \__ \ | _|  | |) |
   |_|   |___| |___/   |_|     |_|   /_/ \_\ |___/ |___/ |___| |___/ 

As a user, I can see books list by card
----------------------------------------------------------------------
]]></system-out>
    <system-err><![CDATA[Mei 12, 2024 12:02:49 PM org.openqa.selenium.devtools.CdpVersionFinder findNearestMatch
WARNING: Unable to find an exact match for CDP version 124, returning the closest version; found: 122; Please update to a Selenium version that supports CDP version 124
]]></system-err>
  </testcase>
  <testcase name="As a user, I can see detail of book" classname=": Book View" time="7.801">
    <system-out><![CDATA[
Scenario: As a user, I can see detail of book &amp#27;[90m# src/test/resources/features/BookView.feature:16&amp#27;[0m
12:02:52.538 [main] DEBUG io.cucumber.core.plugin.SerenityReporter -- Running feature from file:///Users/kayiin/Documents/A.%20Studi%20Independen/mini-project-fadillah/Web_Testing/src/test/resources/features/BookView.feature
12:02:52.543 [main] INFO  -- 
  _____   ___   ___   _____     ___   _____     _     ___   _____   ___   ___  
 |_   _| | __| / __| |_   _|   / __| |_   _|   /_\   | _ \ |_   _| | __| |   \ 
   | |   | _|  \__ \   | |     \__ \   | |    / _ \  |   /   | |   | _|  | |) |
   |_|   |___| |___/   |_|     |___/   |_|   /_/ \_\ |_|_\   |_|   |___| |___/ 

As a user, I can see detail of book(:-book-view;as-a-user--i-can-see-detail-of-book)
--------------------------------------------------------------------------------
12:02:53.004 [main] INFO net.serenitybdd.core.webdriver.driverproviders.ChromeDriverProvider -- Starting Chrome driver instance with capabilities:
12:02:53.005 [main] INFO net.serenitybdd.core.webdriver.driverproviders.ChromeDriverProvider -- Capabilities {acceptInsecureCerts: false, browserName: chrome, goog:chromeOptions: {args: [remote-allow-origins=*], extensions: []}}
12:02:58.403 [main] DEBUG net.serenitybdd.core.photography.Darkroom -- Send negative for processing for /Users/kayiin/Documents/A. Studi Independen/mini-project-fadillah/Web_Testing/target/site/serenity/c719c69e6a5dff90852c28c650cd9636f5cdd295f132ae6acf688fc4aba6f772.png
12:02:58.404 [Darkroom Processing Line] DEBUG net.serenitybdd.core.photography.DarkroomProcessingLine -- Processing screenshot image in /var/screenshots/screenshot-17818449994608982539
12:02:58.404 [Darkroom Processing Line] DEBUG net.serenitybdd.core.photography.DarkroomProcessingLine -- Saving screenshot to /Users/kayiin/Documents/A. Studi Independen/mini-project-fadillah/Web_Testing/target/site/serenity/c719c69e6a5dff90852c28c650cd9636f5cdd295f132ae6acf688fc4aba6f772.png
12:02:58.405 [main] DEBUG net.thucydides.core.steps.StepInterceptor -- STARTING STEP: BookViewStep.onTheMainPage - I am on the main page
12:02:58.665 [main] DEBUG net.serenitybdd.core.photography.Darkroom -- Send negative for processing for /Users/kayiin/Documents/A. Studi Independen/mini-project-fadillah/Web_Testing/target/site/serenity/83d318a116e67d2491359587be0940d46a066ab3a0eaf7a813f4bc78ec5fed67.png
12:02:58.665 [main] DEBUG net.thucydides.core.steps.StepInterceptor -- STEP DONE: I am on the main page
12:02:58.665 [Darkroom Processing Line] DEBUG net.serenitybdd.core.photography.DarkroomProcessingLine -- Processing screenshot image in /var/screenshots/screenshot-16932308646235823259
  &amp#27;[32mGiven &amp#27;[0m&amp#27;[32mI am on the main page&amp#27;[0m                 &amp#27;[90m# starter.stepdefinitions.BookViewStep.onTheMainPage()&amp#27;[0m
12:02:58.666 [Darkroom Processing Line] DEBUG net.serenitybdd.core.photography.DarkroomProcessingLine -- Saving screenshot to /Users/kayiin/Documents/A. Studi Independen/mini-project-fadillah/Web_Testing/target/site/serenity/83d318a116e67d2491359587be0940d46a066ab3a0eaf7a813f4bc78ec5fed67.png
12:02:58.693 [main] DEBUG net.thucydides.core.steps.StepInterceptor -- STARTING STEP: BookViewStep.clickDetailIcon - I click detail icon
12:02:59.601 [main] DEBUG net.serenitybdd.core.photography.Darkroom -- Send negative for processing for /Users/kayiin/Documents/A. Studi Independen/mini-project-fadillah/Web_Testing/target/site/serenity/ad48fa051895bcbd3acb05731152c35afbe727216b72fdf7bb300a9430ed6148.png
12:02:59.601 [Darkroom Processing Line] DEBUG net.serenitybdd.core.photography.DarkroomProcessingLine -- Processing screenshot image in /var/screenshots/screenshot-9311967390438462264
12:02:59.601 [main] DEBUG net.thucydides.core.steps.StepInterceptor -- STEP DONE: I click detail icon
12:02:59.601 [Darkroom Processing Line] DEBUG net.serenitybdd.core.photography.DarkroomProcessingLine -- Saving screenshot to /Users/kayiin/Documents/A. Studi Independen/mini-project-fadillah/Web_Testing/target/site/serenity/ad48fa051895bcbd3acb05731152c35afbe727216b72fdf7bb300a9430ed6148.png
  &amp#27;[32mWhen &amp#27;[0m&amp#27;[32mI click detail icon&amp#27;[0m                    &amp#27;[90m# starter.stepdefinitions.BookViewStep.clickDetailIcon()&amp#27;[0m
12:02:59.621 [main] DEBUG net.thucydides.core.steps.StepInterceptor -- STARTING STEP: BookViewStep.detailBook - I see a detail of book
12:03:00.091 [main] DEBUG net.serenitybdd.core.photography.Darkroom -- Send negative for processing for /Users/kayiin/Documents/A. Studi Independen/mini-project-fadillah/Web_Testing/target/site/serenity/8f838eb1f69d82016f98d389faf9faf7d3e52a993bff858358722a887961b994.png
12:03:00.091 [Darkroom Processing Line] DEBUG net.serenitybdd.core.photography.DarkroomProcessingLine -- Processing screenshot image in /var/screenshots/screenshot-10989313097673520286
12:03:00.091 [main] DEBUG net.thucydides.core.steps.StepInterceptor -- STEP DONE: I see a detail of book
  &amp#27;[32mThen &amp#27;[0m&amp#27;[32mI see a detail of book&amp#27;[0m                 &amp#27;[90m# starter.stepdefinitions.BookViewStep.detailBook()&amp#27;[0m
12:03:00.091 [Darkroom Processing Line] DEBUG net.serenitybdd.core.photography.DarkroomProcessingLine -- Saving screenshot to /Users/kayiin/Documents/A. Studi Independen/mini-project-fadillah/Web_Testing/target/site/serenity/8f838eb1f69d82016f98d389faf9faf7d3e52a993bff858358722a887961b994.png
12:03:00.100 [main] INFO  -- 
  _____   ___   ___   _____     ___     _     ___   ___   ___   ___  
 |_   _| | __| / __| |_   _|   | _ \   /_\   / __| / __| | __| |   \ 
   | |   | _|  \__ \   | |     |  _/  / _ \  \__ \ \__ \ | _|  | |) |
   |_|   |___| |___/   |_|     |_|   /_/ \_\ |___/ |___/ |___| |___/ 

As a user, I can see detail of book
----------------------------------------------------------------------
]]></system-out>
    <system-err><![CDATA[Mei 12, 2024 12:02:55 PM org.openqa.selenium.devtools.CdpVersionFinder findNearestMatch
WARNING: Unable to find an exact match for CDP version 124, returning the closest version; found: 122; Please update to a Selenium version that supports CDP version 124
]]></system-err>
  </testcase>
  <testcase name="As a user, I can create a book with valid inputs" classname="Create book" time="7.755">
    <system-out><![CDATA[12:03:00.330 [main] DEBUG io.cucumber.core.plugin.SerenityReporter -- Running feature from file:///Users/kayiin/Documents/A.%20Studi%20Independen/mini-project-fadillah/Web_Testing/src/test/resources/features/CreateBook.feature
12:03:00.339 [main] DEBUG net.thucydides.core.steps.StepEventBus -- Test suite started for story net.thucydides.model.domain.Story@cc9c4a0
12:03:00.339 [main] INFO  -- Test Suite Started: Create book

Scenario: As a user, I can create a book with valid inputs             &amp#27;[90m# src/test/resources/features/CreateBook.feature:10&amp#27;[0m
12:03:00.367 [main] DEBUG io.cucumber.core.plugin.SerenityReporter -- Running feature from file:///Users/kayiin/Documents/A.%20Studi%20Independen/mini-project-fadillah/Web_Testing/src/test/resources/features/CreateBook.feature
12:03:00.374 [main] INFO  -- 
  _____   ___   ___   _____     ___   _____     _     ___   _____   ___   ___  
 |_   _| | __| / __| |_   _|   / __| |_   _|   /_\   | _ \ |_   _| | __| |   \ 
   | |   | _|  \__ \   | |     \__ \   | |    / _ \  |   /   | |   | _|  | |) |
   |_|   |___| |___/   |_|     |___/   |_|   /_/ \_\ |_|_\   |_|   |___| |___/ 

As a user, I can create a book with valid inputs(create-book;as-a-user--i-can-create-a-book-with-valid-inputs)
--------------------------------------------------------------------------------
12:03:00.521 [main] INFO net.serenitybdd.core.webdriver.driverproviders.ChromeDriverProvider -- Starting Chrome driver instance with capabilities:
12:03:00.523 [main] INFO net.serenitybdd.core.webdriver.driverproviders.ChromeDriverProvider -- Capabilities {acceptInsecureCerts: false, browserName: chrome, goog:chromeOptions: {args: [remote-allow-origins=*], extensions: []}}
12:03:03.892 [main] DEBUG net.serenitybdd.core.photography.Darkroom -- Opening darkroom
12:03:03.892 [Darkroom Processing Line] DEBUG net.serenitybdd.core.photography.DarkroomProcessingLine -- Darkroom processing line starting up
12:03:04.034 [main] DEBUG net.serenitybdd.core.photography.Darkroom -- Send negative for processing for /Users/kayiin/Documents/A. Studi Independen/mini-project-fadillah/Web_Testing/target/site/serenity/8c018e4d1e3fa550de139159fb9eaf873117c9a591d1ab73e0f3a51b9b763253.png
12:03:04.034 [Darkroom Processing Line] DEBUG net.serenitybdd.core.photography.DarkroomProcessingLine -- Processing screenshot image in /var/screenshots/screenshot-12093626667231760572
12:03:04.035 [Darkroom Processing Line] DEBUG net.serenitybdd.core.photography.DarkroomProcessingLine -- Saving screenshot to /Users/kayiin/Documents/A. Studi Independen/mini-project-fadillah/Web_Testing/target/site/serenity/8c018e4d1e3fa550de139159fb9eaf873117c9a591d1ab73e0f3a51b9b763253.png
12:03:04.035 [main] DEBUG net.thucydides.core.steps.StepInterceptor -- STARTING STEP: BookViewStep.onTheMainPage - I am on the main page
12:03:04.236 [main] DEBUG net.serenitybdd.core.photography.Darkroom -- Send negative for processing for /Users/kayiin/Documents/A. Studi Independen/mini-project-fadillah/Web_Testing/target/site/serenity/be6a43327dc115a8f199b96b05c1089840e7866f766828b4f366bac08a664f05.png
12:03:04.237 [Darkroom Processing Line] DEBUG net.serenitybdd.core.photography.DarkroomProcessingLine -- Processing screenshot image in /var/screenshots/screenshot-5612885619275379899
12:03:04.237 [main] DEBUG net.thucydides.core.steps.StepInterceptor -- STEP DONE: I am on the main page
12:03:04.237 [Darkroom Processing Line] DEBUG net.serenitybdd.core.photography.DarkroomProcessingLine -- Saving screenshot to /Users/kayiin/Documents/A. Studi Independen/mini-project-fadillah/Web_Testing/target/site/serenity/be6a43327dc115a8f199b96b05c1089840e7866f766828b4f366bac08a664f05.png
  &amp#27;[32mGiven &amp#27;[0m&amp#27;[32mI am on the main page&amp#27;[0m                                          &amp#27;[90m# starter.stepdefinitions.BookViewStep.onTheMainPage()&amp#27;[0m
12:03:04.681 [main] DEBUG net.serenitybdd.core.photography.Darkroom -- Send negative for processing for /Users/kayiin/Documents/A. Studi Independen/mini-project-fadillah/Web_Testing/target/site/serenity/c31e291c77e66e45bb8cea7040e36ea18633671634144e08b20aace53e6c1774.png
12:03:04.682 [main] DEBUG net.thucydides.core.steps.StepInterceptor -- STARTING STEP: createBookStep.clickPlusButton - clickPlusButton
12:03:05.015 [main] DEBUG net.serenitybdd.core.photography.Darkroom -- Send negative for processing for /Users/kayiin/Documents/A. Studi Independen/mini-project-fadillah/Web_Testing/target/site/serenity/eaca7eee008b661a4e0a8e36c8af8804c7f97284a6ff8aba5d27912c8175cbca.png
12:03:05.015 [main] DEBUG net.thucydides.core.steps.StepInterceptor -- STEP DONE: clickPlusButton
12:03:05.015 [Darkroom Processing Line] DEBUG net.serenitybdd.core.photography.DarkroomProcessingLine -- Processing screenshot image in /var/screenshots/screenshot-13326308140183303014
  &amp#27;[32mWhen &amp#27;[0m&amp#27;[32mI click plus button&amp#27;[0m                                             &amp#27;[90m# starter.stepdefinitions.createBookStep.clickPlusButton()&amp#27;[0m
12:03:05.016 [Darkroom Processing Line] DEBUG net.serenitybdd.core.photography.DarkroomProcessingLine -- Saving screenshot to /Users/kayiin/Documents/A. Studi Independen/mini-project-fadillah/Web_Testing/target/site/serenity/eaca7eee008b661a4e0a8e36c8af8804c7f97284a6ff8aba5d27912c8175cbca.png
  &amp#27;[32mAnd &amp#27;[0m&amp#27;[32mI input valid title&amp#27;[0m                                              &amp#27;[90m# starter.stepdefinitions.editBookStep.inputValidTitle()&amp#27;[0m
12:03:05.500 [main] DEBUG net.serenitybdd.core.photography.Darkroom -- Send negative for processing for /Users/kayiin/Documents/A. Studi Independen/mini-project-fadillah/Web_Testing/target/site/serenity/43831c0dd852067167002a7764381801aa88e5a367ebbb865b28ac9561cbe864.png
12:03:05.501 [Darkroom Processing Line] DEBUG net.serenitybdd.core.photography.DarkroomProcessingLine -- Processing screenshot image in /var/screenshots/screenshot-12920270196062298635
12:03:05.507 [Darkroom Processing Line] DEBUG net.serenitybdd.core.photography.DarkroomProcessingLine -- Saving screenshot to /Users/kayiin/Documents/A. Studi Independen/mini-project-fadillah/Web_Testing/target/site/serenity/43831c0dd852067167002a7764381801aa88e5a367ebbb865b28ac9561cbe864.png
  &amp#27;[32mAnd &amp#27;[0m&amp#27;[32mI input valid author&amp#27;[0m                                             &amp#27;[90m# starter.stepdefinitions.editBookStep.inputValidAuthor()&amp#27;[0m
12:03:05.840 [main] DEBUG net.serenitybdd.core.photography.Darkroom -- Send negative for processing for /Users/kayiin/Documents/A. Studi Independen/mini-project-fadillah/Web_Testing/target/site/serenity/6901594107cb5dc34b50e023981f9ac5e91c7f72f2e34795d7c49f081f7fe6d5.png
12:03:05.840 [Darkroom Processing Line] DEBUG net.serenitybdd.core.photography.DarkroomProcessingLine -- Processing screenshot image in /var/screenshots/screenshot-7495555881756878358
12:03:05.841 [Darkroom Processing Line] DEBUG net.serenitybdd.core.photography.DarkroomProcessingLine -- Saving screenshot to /Users/kayiin/Documents/A. Studi Independen/mini-project-fadillah/Web_Testing/target/site/serenity/6901594107cb5dc34b50e023981f9ac5e91c7f72f2e34795d7c49f081f7fe6d5.png
  &amp#27;[32mAnd &amp#27;[0m&amp#27;[32mI input valid year&amp#27;[0m                                               &amp#27;[90m# starter.stepdefinitions.editBookStep.inputValidYear()&amp#27;[0m
12:03:06.082 [main] DEBUG net.serenitybdd.core.photography.Darkroom -- Send negative for processing for /Users/kayiin/Documents/A. Studi Independen/mini-project-fadillah/Web_Testing/target/site/serenity/72f7c93cc33299c4f58df32443d5aeb051ad4248ec60c6ccdfd056dfb4247ed4.png
12:03:06.082 [Darkroom Processing Line] DEBUG net.serenitybdd.core.photography.DarkroomProcessingLine -- Processing screenshot image in /var/screenshots/screenshot-8040826444367510497
12:03:06.082 [Darkroom Processing Line] DEBUG net.serenitybdd.core.photography.DarkroomProcessingLine -- Saving screenshot to /Users/kayiin/Documents/A. Studi Independen/mini-project-fadillah/Web_Testing/target/site/serenity/72f7c93cc33299c4f58df32443d5aeb051ad4248ec60c6ccdfd056dfb4247ed4.png
12:03:06.092 [main] DEBUG net.thucydides.core.steps.StepInterceptor -- STARTING STEP: createBookStep.clickSaveButton - clickSaveButton
12:03:06.344 [main] DEBUG net.serenitybdd.core.photography.Darkroom -- Send negative for processing for /Users/kayiin/Documents/A. Studi Independen/mini-project-fadillah/Web_Testing/target/site/serenity/9379a14eb1302980c404a7e6c8294a64cd3d93730906712251a53cc5f0434e39.png
12:03:06.344 [Darkroom Processing Line] DEBUG net.serenitybdd.core.photography.DarkroomProcessingLine -- Processing screenshot image in /var/screenshots/screenshot-5060760455464879511
12:03:06.344 [Darkroom Processing Line] DEBUG net.serenitybdd.core.photography.DarkroomProcessingLine -- Saving screenshot to /Users/kayiin/Documents/A. Studi Independen/mini-project-fadillah/Web_Testing/target/site/serenity/9379a14eb1302980c404a7e6c8294a64cd3d93730906712251a53cc5f0434e39.png
12:03:06.344 [main] DEBUG net.thucydides.core.steps.StepInterceptor -- STEP DONE: clickSaveButton
  &amp#27;[32mAnd &amp#27;[0m&amp#27;[32mI click save book button&amp#27;[0m                                         &amp#27;[90m# starter.stepdefinitions.createBookStep.clickSaveButton()&amp#27;[0m
12:03:06.359 [main] DEBUG net.thucydides.core.steps.StepInterceptor -- STARTING STEP: createBookStep.showsSuccessCreateMessage - showsSuccessCreateMessage
12:03:07.121 [main] DEBUG net.serenitybdd.core.photography.Darkroom -- Send negative for processing for /Users/kayiin/Documents/A. Studi Independen/mini-project-fadillah/Web_Testing/target/site/serenity/a4705f2ccbecb66292c3e11bfe27065ddd56d7bc82002ddef0bf6f575eeb49ec.png
12:03:07.122 [Darkroom Processing Line] DEBUG net.serenitybdd.core.photography.DarkroomProcessingLine -- Processing screenshot image in /var/screenshots/screenshot-14456866986930827011
12:03:07.122 [main] DEBUG net.thucydides.core.steps.StepInterceptor -- STEP DONE: showsSuccessCreateMessage
12:03:07.122 [Darkroom Processing Line] DEBUG net.serenitybdd.core.photography.DarkroomProcessingLine -- Saving screenshot to /Users/kayiin/Documents/A. Studi Independen/mini-project-fadillah/Web_Testing/target/site/serenity/a4705f2ccbecb66292c3e11bfe27065ddd56d7bc82002ddef0bf6f575eeb49ec.png
12:03:07.135 [main] DEBUG net.thucydides.core.steps.StepInterceptor -- STARTING STEP: createBookStep.showsSuccessCreateMessage - validateSuccessCreateMessage
12:03:07.424 [main] DEBUG net.serenitybdd.core.photography.Darkroom -- Send negative for processing for /Users/kayiin/Documents/A. Studi Independen/mini-project-fadillah/Web_Testing/target/site/serenity/4e3d0636b5bd64c51625c92d70fbef398c8b08fd931400d9107a0a8aba282e15.png
12:03:07.425 [Darkroom Processing Line] DEBUG net.serenitybdd.core.photography.DarkroomProcessingLine -- Processing screenshot image in /var/screenshots/screenshot-8696609155929890557
12:03:07.425 [main] DEBUG net.thucydides.core.steps.StepInterceptor -- STEP DONE: validateSuccessCreateMessage
12:03:07.426 [Darkroom Processing Line] DEBUG net.serenitybdd.core.photography.DarkroomProcessingLine -- Saving screenshot to /Users/kayiin/Documents/A. Studi Independen/mini-project-fadillah/Web_Testing/target/site/serenity/4e3d0636b5bd64c51625c92d70fbef398c8b08fd931400d9107a0a8aba282e15.png
  &amp#27;[32mThen &amp#27;[0m&amp#27;[32msystem shows success create message &amp#27;[0m&amp#27;[32m&amp#27;[1m"Book created successfully"&amp#27;[0m &amp#27;[90m# starter.stepdefinitions.createBookStep.showsSuccessCreateMessage(java.lang.String)&amp#27;[0m
12:03:07.805 [main] DEBUG net.serenitybdd.core.photography.Darkroom -- Send negative for processing for /Users/kayiin/Documents/A. Studi Independen/mini-project-fadillah/Web_Testing/target/site/serenity/feb9f57b920d0a7831eaa44f744ad85d7242ebf4a0ec3bac41067d758698649e.png
12:03:07.805 [Darkroom Processing Line] DEBUG net.serenitybdd.core.photography.DarkroomProcessingLine -- Processing screenshot image in /var/screenshots/screenshot-4396172743725241499
12:03:07.806 [Darkroom Processing Line] DEBUG net.serenitybdd.core.photography.DarkroomProcessingLine -- Saving screenshot to /Users/kayiin/Documents/A. Studi Independen/mini-project-fadillah/Web_Testing/target/site/serenity/feb9f57b920d0a7831eaa44f744ad85d7242ebf4a0ec3bac41067d758698649e.png
12:03:07.806 [main] DEBUG net.thucydides.core.steps.StepInterceptor -- STARTING STEP: BookViewStep.onTheMainPage - I am on the main page
12:03:07.838 [main] DEBUG net.thucydides.core.steps.StepInterceptor -- STEP DONE: I am on the main page
  &amp#27;[32mAnd &amp#27;[0m&amp#27;[32mI am on the main page&amp#27;[0m                                            &amp#27;[90m# starter.stepdefinitions.BookViewStep.onTheMainPage()&amp#27;[0m
12:03:07.844 [main] INFO  -- 
  _____   ___   ___   _____     ___     _     ___   ___   ___   ___  
 |_   _| | __| / __| |_   _|   | _ \   /_\   / __| / __| | __| |   \ 
   | |   | _|  \__ \   | |     |  _/  / _ \  \__ \ \__ \ | _|  | |) |
   |_|   |___| |___/   |_|     |_|   /_/ \_\ |___/ |___/ |___| |___/ 

As a user, I can create a book with valid inputs
----------------------------------------------------------------------
]]></system-out>
    <system-err><![CDATA[Mei 12, 2024 12:03:02 PM org.openqa.selenium.devtools.CdpVersionFinder findNearestMatch
WARNING: Unable to find an exact match for CDP version 124, returning the closest version; found: 122; Please update to a Selenium version that supports CDP version 124
]]></system-err>
  </testcase>
  <testcase name="As a user, I cannot create a book with all empty inputs" classname="Create book" time="5.874">
    <system-out><![CDATA[
Scenario: As a user, I cannot create a book with all empty inputs &amp#27;[90m# src/test/resources/features/CreateBook.feature:18&amp#27;[0m
12:03:08.106 [main] DEBUG io.cucumber.core.plugin.SerenityReporter -- Running feature from file:///Users/kayiin/Documents/A.%20Studi%20Independen/mini-project-fadillah/Web_Testing/src/test/resources/features/CreateBook.feature
12:03:08.110 [main] INFO  -- 
  _____   ___   ___   _____     ___   _____     _     ___   _____   ___   ___  
 |_   _| | __| / __| |_   _|   / __| |_   _|   /_\   | _ \ |_   _| | __| |   \ 
   | |   | _|  \__ \   | |     \__ \   | |    / _ \  |   /   | |   | _|  | |) |
   |_|   |___| |___/   |_|     |___/   |_|   /_/ \_\ |_|_\   |_|   |___| |___/ 

As a user, I cannot create a book with all empty inputs(create-book;as-a-user--i-cannot-create-a-book-with-all-empty-inputs)
--------------------------------------------------------------------------------
12:03:08.389 [main] INFO net.serenitybdd.core.webdriver.driverproviders.ChromeDriverProvider -- Starting Chrome driver instance with capabilities:
12:03:08.389 [main] INFO net.serenitybdd.core.webdriver.driverproviders.ChromeDriverProvider -- Capabilities {acceptInsecureCerts: false, browserName: chrome, goog:chromeOptions: {args: [remote-allow-origins=*], extensions: []}}
12:03:11.985 [main] DEBUG net.serenitybdd.core.photography.Darkroom -- Send negative for processing for /Users/kayiin/Documents/A. Studi Independen/mini-project-fadillah/Web_Testing/target/site/serenity/b764fc67c42d9b585735ae3f9c94480a604895bac5a58586acab8ec10419022b.png
12:03:11.985 [Darkroom Processing Line] DEBUG net.serenitybdd.core.photography.DarkroomProcessingLine -- Processing screenshot image in /var/screenshots/screenshot-10175322372938918347
12:03:11.985 [Darkroom Processing Line] DEBUG net.serenitybdd.core.photography.DarkroomProcessingLine -- Saving screenshot to /Users/kayiin/Documents/A. Studi Independen/mini-project-fadillah/Web_Testing/target/site/serenity/b764fc67c42d9b585735ae3f9c94480a604895bac5a58586acab8ec10419022b.png
12:03:11.986 [main] DEBUG net.thucydides.core.steps.StepInterceptor -- STARTING STEP: BookViewStep.onTheMainPage - I am on the main page
12:03:12.031 [main] DEBUG net.thucydides.core.steps.StepInterceptor -- STEP DONE: I am on the main page
  &amp#27;[32mGiven &amp#27;[0m&amp#27;[32mI am on the main page&amp#27;[0m                                     &amp#27;[90m# starter.stepdefinitions.BookViewStep.onTheMainPage()&amp#27;[0m
12:03:12.150 [main] DEBUG net.serenitybdd.core.photography.Darkroom -- Send negative for processing for /Users/kayiin/Documents/A. Studi Independen/mini-project-fadillah/Web_Testing/target/site/serenity/724d7a7887f59a6e45d6bee65a1a2f6c8265d7c5758ca52f68e521284fa51369.png
12:03:12.151 [Darkroom Processing Line] DEBUG net.serenitybdd.core.photography.DarkroomProcessingLine -- Processing screenshot image in /var/screenshots/screenshot-231153041333470015
12:03:12.151 [Darkroom Processing Line] DEBUG net.serenitybdd.core.photography.DarkroomProcessingLine -- Saving screenshot to /Users/kayiin/Documents/A. Studi Independen/mini-project-fadillah/Web_Testing/target/site/serenity/724d7a7887f59a6e45d6bee65a1a2f6c8265d7c5758ca52f68e521284fa51369.png
12:03:12.342 [main] DEBUG net.serenitybdd.core.photography.Darkroom -- Send negative for processing for /Users/kayiin/Documents/A. Studi Independen/mini-project-fadillah/Web_Testing/target/site/serenity/39c4359b874c895cb7b0be78f5ea19aad39f51624860a33dd3afada287d8b1dc.png
12:03:12.342 [Darkroom Processing Line] DEBUG net.serenitybdd.core.photography.DarkroomProcessingLine -- Processing screenshot image in /var/screenshots/screenshot-8741487257939202655
12:03:12.342 [Darkroom Processing Line] DEBUG net.serenitybdd.core.photography.DarkroomProcessingLine -- Saving screenshot to /Users/kayiin/Documents/A. Studi Independen/mini-project-fadillah/Web_Testing/target/site/serenity/39c4359b874c895cb7b0be78f5ea19aad39f51624860a33dd3afada287d8b1dc.png
12:03:12.343 [main] DEBUG net.thucydides.core.steps.StepInterceptor -- STARTING STEP: createBookStep.clickPlusButton - clickPlusButton
12:03:12.634 [main] DEBUG net.serenitybdd.core.photography.Darkroom -- Send negative for processing for /Users/kayiin/Documents/A. Studi Independen/mini-project-fadillah/Web_Testing/target/site/serenity/eaca7eee008b661a4e0a8e36c8af8804c7f97284a6ff8aba5d27912c8175cbca.png
12:03:12.634 [main] DEBUG net.thucydides.core.steps.StepInterceptor -- STEP DONE: clickPlusButton
  &amp#27;[32mWhen &amp#27;[0m&amp#27;[32mI click plus button&amp#27;[0m                                        &amp#27;[90m# starter.stepdefinitions.createBookStep.clickPlusButton()&amp#27;[0m
12:03:12.655 [main] DEBUG net.thucydides.core.steps.StepInterceptor -- STARTING STEP: createBookStep.clickSaveButton - clickSaveButton
12:03:12.938 [main] DEBUG net.serenitybdd.core.photography.Darkroom -- Send negative for processing for /Users/kayiin/Documents/A. Studi Independen/mini-project-fadillah/Web_Testing/target/site/serenity/fcaeacf92d250a7b8225d6c99e58f9f19f42594e5bb8036bfa28fc92805d620c.png
12:03:12.938 [Darkroom Processing Line] DEBUG net.serenitybdd.core.photography.DarkroomProcessingLine -- Processing screenshot image in /var/screenshots/screenshot-15307786554292567778
12:03:12.938 [Darkroom Processing Line] DEBUG net.serenitybdd.core.photography.DarkroomProcessingLine -- Saving screenshot to /Users/kayiin/Documents/A. Studi Independen/mini-project-fadillah/Web_Testing/target/site/serenity/fcaeacf92d250a7b8225d6c99e58f9f19f42594e5bb8036bfa28fc92805d620c.png
12:03:12.938 [main] DEBUG net.thucydides.core.steps.StepInterceptor -- STEP DONE: clickSaveButton
  &amp#27;[32mAnd &amp#27;[0m&amp#27;[32mI click save book button&amp#27;[0m                                    &amp#27;[90m# starter.stepdefinitions.createBookStep.clickSaveButton()&amp#27;[0m
12:03:12.956 [main] DEBUG net.thucydides.core.steps.StepInterceptor -- STARTING STEP: createBookStep.showsErrorCreateMessage - showsErrorCreateMessage
12:03:13.211 [main] DEBUG net.serenitybdd.core.photography.Darkroom -- Send negative for processing for /Users/kayiin/Documents/A. Studi Independen/mini-project-fadillah/Web_Testing/target/site/serenity/d17c6af10eb6c3949b16cba4707989e8a413e5d417262965434086e83397d769.png
12:03:13.212 [Darkroom Processing Line] DEBUG net.serenitybdd.core.photography.DarkroomProcessingLine -- Processing screenshot image in /var/screenshots/screenshot-10511817479613723760
12:03:13.212 [main] DEBUG net.thucydides.core.steps.StepInterceptor -- STEP DONE: showsErrorCreateMessage
12:03:13.212 [Darkroom Processing Line] DEBUG net.serenitybdd.core.photography.DarkroomProcessingLine -- Saving screenshot to /Users/kayiin/Documents/A. Studi Independen/mini-project-fadillah/Web_Testing/target/site/serenity/d17c6af10eb6c3949b16cba4707989e8a413e5d417262965434086e83397d769.png
12:03:13.221 [main] DEBUG net.thucydides.core.steps.StepInterceptor -- STARTING STEP: createBookStep.showsErrorCreateMessage - validateErrorCreateMessage
12:03:13.254 [main] DEBUG net.thucydides.core.steps.StepInterceptor -- STEP DONE: validateErrorCreateMessage
  &amp#27;[32mThen &amp#27;[0m&amp#27;[32msystems show error create message &amp#27;[0m&amp#27;[32m&amp#27;[1m"Book failed to create"&amp#27;[0m  &amp#27;[90m# starter.stepdefinitions.createBookStep.showsErrorCreateMessage(java.lang.String)&amp#27;[0m
12:03:13.366 [main] DEBUG net.serenitybdd.core.photography.Darkroom -- Send negative for processing for /Users/kayiin/Documents/A. Studi Independen/mini-project-fadillah/Web_Testing/target/site/serenity/fb3bbf8d8134672ab96071d525127fc6a341d392f2367c3127d678d49b3d1953.png
12:03:13.367 [Darkroom Processing Line] DEBUG net.serenitybdd.core.photography.DarkroomProcessingLine -- Processing screenshot image in /var/screenshots/screenshot-1425098705234080392
12:03:13.367 [Darkroom Processing Line] DEBUG net.serenitybdd.core.photography.DarkroomProcessingLine -- Saving screenshot to /Users/kayiin/Documents/A. Studi Independen/mini-project-fadillah/Web_Testing/target/site/serenity/fb3bbf8d8134672ab96071d525127fc6a341d392f2367c3127d678d49b3d1953.png
12:03:13.704 [main] DEBUG net.serenitybdd.core.photography.Darkroom -- Send negative for processing for /Users/kayiin/Documents/A. Studi Independen/mini-project-fadillah/Web_Testing/target/site/serenity/59b3b2aa31cdfcd50a42c58510cad353a92bd59d4f93b72b86251c0316a5c0cc.png
12:03:13.704 [Darkroom Processing Line] DEBUG net.serenitybdd.core.photography.DarkroomProcessingLine -- Processing screenshot image in /var/screenshots/screenshot-12727633112154434148
12:03:13.704 [Darkroom Processing Line] DEBUG net.serenitybdd.core.photography.DarkroomProcessingLine -- Saving screenshot to /Users/kayiin/Documents/A. Studi Independen/mini-project-fadillah/Web_Testing/target/site/serenity/59b3b2aa31cdfcd50a42c58510cad353a92bd59d4f93b72b86251c0316a5c0cc.png
12:03:13.704 [main] DEBUG net.thucydides.core.steps.StepInterceptor -- STARTING STEP: BookViewStep.onTheMainPage - I am on the main page
12:03:13.735 [main] DEBUG net.thucydides.core.steps.StepInterceptor -- STEP DONE: I am on the main page
  &amp#27;[32mAnd &amp#27;[0m&amp#27;[32mI am on the main page&amp#27;[0m                                       &amp#27;[90m# starter.stepdefinitions.BookViewStep.onTheMainPage()&amp#27;[0m
12:03:13.740 [main] INFO  -- 
  _____   ___   ___   _____     ___     _     ___   ___   ___   ___  
 |_   _| | __| / __| |_   _|   | _ \   /_\   / __| / __| | __| |   \ 
   | |   | _|  \__ \   | |     |  _/  / _ \  \__ \ \__ \ | _|  | |) |
   |_|   |___| |___/   |_|     |_|   /_/ \_\ |___/ |___/ |___| |___/ 

As a user, I cannot create a book with all empty inputs
----------------------------------------------------------------------
]]></system-out>
    <system-err><![CDATA[Mei 12, 2024 12:03:10 PM org.openqa.selenium.devtools.CdpVersionFinder findNearestMatch
WARNING: Unable to find an exact match for CDP version 124, returning the closest version; found: 122; Please update to a Selenium version that supports CDP version 124
]]></system-err>
  </testcase>
  <testcase name="As a user, I cannot create a book with empty title" classname="Create book" time="5.844">
    <system-out><![CDATA[
Scenario: As a user, I cannot create a book with empty title     &amp#27;[90m# src/test/resources/features/CreateBook.feature:23&amp#27;[0m
12:03:13.978 [main] DEBUG io.cucumber.core.plugin.SerenityReporter -- Running feature from file:///Users/kayiin/Documents/A.%20Studi%20Independen/mini-project-fadillah/Web_Testing/src/test/resources/features/CreateBook.feature
12:03:13.983 [main] INFO  -- 
  _____   ___   ___   _____     ___   _____     _     ___   _____   ___   ___  
 |_   _| | __| / __| |_   _|   / __| |_   _|   /_\   | _ \ |_   _| | __| |   \ 
   | |   | _|  \__ \   | |     \__ \   | |    / _ \  |   /   | |   | _|  | |) |
   |_|   |___| |___/   |_|     |___/   |_|   /_/ \_\ |_|_\   |_|   |___| |___/ 

As a user, I cannot create a book with empty title(create-book;as-a-user--i-cannot-create-a-book-with-empty-title)
--------------------------------------------------------------------------------
12:03:14.228 [main] INFO net.serenitybdd.core.webdriver.driverproviders.ChromeDriverProvider -- Starting Chrome driver instance with capabilities:
12:03:14.228 [main] INFO net.serenitybdd.core.webdriver.driverproviders.ChromeDriverProvider -- Capabilities {acceptInsecureCerts: false, browserName: chrome, goog:chromeOptions: {args: [remote-allow-origins=*], extensions: []}}
12:03:17.865 [main] DEBUG net.serenitybdd.core.photography.Darkroom -- Send negative for processing for /Users/kayiin/Documents/A. Studi Independen/mini-project-fadillah/Web_Testing/target/site/serenity/f304a000c8bae049e59f954c4f1570d1305ed04b65a5820aed6fa30a3ecda926.png
12:03:17.865 [Darkroom Processing Line] DEBUG net.serenitybdd.core.photography.DarkroomProcessingLine -- Processing screenshot image in /var/screenshots/screenshot-3670775643993791549
12:03:17.865 [Darkroom Processing Line] DEBUG net.serenitybdd.core.photography.DarkroomProcessingLine -- Saving screenshot to /Users/kayiin/Documents/A. Studi Independen/mini-project-fadillah/Web_Testing/target/site/serenity/f304a000c8bae049e59f954c4f1570d1305ed04b65a5820aed6fa30a3ecda926.png
12:03:17.865 [main] DEBUG net.thucydides.core.steps.StepInterceptor -- STARTING STEP: BookViewStep.onTheMainPage - I am on the main page
12:03:17.910 [main] DEBUG net.thucydides.core.steps.StepInterceptor -- STEP DONE: I am on the main page
  &amp#27;[32mGiven &amp#27;[0m&amp#27;[32mI am on the main page&amp#27;[0m                                    &amp#27;[90m# starter.stepdefinitions.BookViewStep.onTheMainPage()&amp#27;[0m
12:03:18.072 [main] DEBUG net.serenitybdd.core.photography.Darkroom -- Send negative for processing for /Users/kayiin/Documents/A. Studi Independen/mini-project-fadillah/Web_Testing/target/site/serenity/69e05fc29570bbb9bd212cb21a6fc66139bdef6ed9446321555b9d6f493fa463.png
12:03:18.073 [Darkroom Processing Line] DEBUG net.serenitybdd.core.photography.DarkroomProcessingLine -- Processing screenshot image in /var/screenshots/screenshot-7475940830570362418
12:03:18.073 [Darkroom Processing Line] DEBUG net.serenitybdd.core.photography.DarkroomProcessingLine -- Saving screenshot to /Users/kayiin/Documents/A. Studi Independen/mini-project-fadillah/Web_Testing/target/site/serenity/69e05fc29570bbb9bd212cb21a6fc66139bdef6ed9446321555b9d6f493fa463.png
12:03:18.106 [main] DEBUG net.thucydides.core.steps.StepInterceptor -- STARTING STEP: createBookStep.clickPlusButton - clickPlusButton
12:03:18.394 [main] DEBUG net.serenitybdd.core.photography.Darkroom -- Send negative for processing for /Users/kayiin/Documents/A. Studi Independen/mini-project-fadillah/Web_Testing/target/site/serenity/eaca7eee008b661a4e0a8e36c8af8804c7f97284a6ff8aba5d27912c8175cbca.png
12:03:18.394 [main] DEBUG net.thucydides.core.steps.StepInterceptor -- STEP DONE: clickPlusButton
  &amp#27;[32mWhen &amp#27;[0m&amp#27;[32mI click plus button&amp#27;[0m                                       &amp#27;[90m# starter.stepdefinitions.createBookStep.clickPlusButton()&amp#27;[0m
  &amp#27;[32mAnd &amp#27;[0m&amp#27;[32mI input valid author&amp#27;[0m                                       &amp#27;[90m# starter.stepdefinitions.editBookStep.inputValidAuthor()&amp#27;[0m
12:03:18.770 [main] DEBUG net.serenitybdd.core.photography.Darkroom -- Send negative for processing for /Users/kayiin/Documents/A. Studi Independen/mini-project-fadillah/Web_Testing/target/site/serenity/2ec30f80aa7279e6d4403fca2a80644b8140b07608e6c67b1a296a3cae0f6f15.png
12:03:18.771 [Darkroom Processing Line] DEBUG net.serenitybdd.core.photography.DarkroomProcessingLine -- Processing screenshot image in /var/screenshots/screenshot-11730518421084611585
12:03:18.771 [Darkroom Processing Line] DEBUG net.serenitybdd.core.photography.DarkroomProcessingLine -- Saving screenshot to /Users/kayiin/Documents/A. Studi Independen/mini-project-fadillah/Web_Testing/target/site/serenity/2ec30f80aa7279e6d4403fca2a80644b8140b07608e6c67b1a296a3cae0f6f15.png
  &amp#27;[32mAnd &amp#27;[0m&amp#27;[32mI input valid year&amp#27;[0m                                         &amp#27;[90m# starter.stepdefinitions.editBookStep.inputValidYear()&amp#27;[0m
12:03:19.004 [main] DEBUG net.serenitybdd.core.photography.Darkroom -- Send negative for processing for /Users/kayiin/Documents/A. Studi Independen/mini-project-fadillah/Web_Testing/target/site/serenity/152064e6a20ccefbe9522fc1ff093ca2bb17d27de6a9a685484377815d760b40.png
12:03:19.005 [Darkroom Processing Line] DEBUG net.serenitybdd.core.photography.DarkroomProcessingLine -- Processing screenshot image in /var/screenshots/screenshot-2441249864317933942
12:03:19.005 [Darkroom Processing Line] DEBUG net.serenitybdd.core.photography.DarkroomProcessingLine -- Saving screenshot to /Users/kayiin/Documents/A. Studi Independen/mini-project-fadillah/Web_Testing/target/site/serenity/152064e6a20ccefbe9522fc1ff093ca2bb17d27de6a9a685484377815d760b40.png
12:03:19.015 [main] DEBUG net.thucydides.core.steps.StepInterceptor -- STARTING STEP: createBookStep.clickSaveButton - clickSaveButton
12:03:19.315 [main] DEBUG net.serenitybdd.core.photography.Darkroom -- Send negative for processing for /Users/kayiin/Documents/A. Studi Independen/mini-project-fadillah/Web_Testing/target/site/serenity/b824e9e9b8c033a7ba96e15a1c8927b91e3654859bfd18d52afa7d814bfc4b17.png
12:03:19.316 [Darkroom Processing Line] DEBUG net.serenitybdd.core.photography.DarkroomProcessingLine -- Processing screenshot image in /var/screenshots/screenshot-32317454128725984
12:03:19.316 [main] DEBUG net.thucydides.core.steps.StepInterceptor -- STEP DONE: clickSaveButton
12:03:19.316 [Darkroom Processing Line] DEBUG net.serenitybdd.core.photography.DarkroomProcessingLine -- Saving screenshot to /Users/kayiin/Documents/A. Studi Independen/mini-project-fadillah/Web_Testing/target/site/serenity/b824e9e9b8c033a7ba96e15a1c8927b91e3654859bfd18d52afa7d814bfc4b17.png
  &amp#27;[32mAnd &amp#27;[0m&amp#27;[32mI click save book button&amp#27;[0m                                   &amp#27;[90m# starter.stepdefinitions.createBookStep.clickSaveButton()&amp#27;[0m
12:03:19.355 [main] DEBUG net.thucydides.core.steps.StepInterceptor -- STARTING STEP: createBookStep.showsErrorCreateMessage - showsErrorCreateMessage
12:03:19.558 [main] DEBUG net.serenitybdd.core.photography.Darkroom -- Send negative for processing for /Users/kayiin/Documents/A. Studi Independen/mini-project-fadillah/Web_Testing/target/site/serenity/04ccbc3152e1d50e5c788f6de58c531560d1297321b695416bc3ed70697af002.png
12:03:19.558 [main] DEBUG net.thucydides.core.steps.StepInterceptor -- STEP DONE: showsErrorCreateMessage
12:03:19.558 [Darkroom Processing Line] DEBUG net.serenitybdd.core.photography.DarkroomProcessingLine -- Processing screenshot image in /var/screenshots/screenshot-16725234917321959167
12:03:19.558 [Darkroom Processing Line] DEBUG net.serenitybdd.core.photography.DarkroomProcessingLine -- Saving screenshot to /Users/kayiin/Documents/A. Studi Independen/mini-project-fadillah/Web_Testing/target/site/serenity/04ccbc3152e1d50e5c788f6de58c531560d1297321b695416bc3ed70697af002.png
12:03:19.564 [main] DEBUG net.thucydides.core.steps.StepInterceptor -- STARTING STEP: createBookStep.showsErrorCreateMessage - validateErrorCreateMessage
12:03:19.595 [main] DEBUG net.thucydides.core.steps.StepInterceptor -- STEP DONE: validateErrorCreateMessage
  &amp#27;[32mThen &amp#27;[0m&amp#27;[32msystems show error create message &amp#27;[0m&amp#27;[32m&amp#27;[1m"Book failed to create"&amp#27;[0m &amp#27;[90m# starter.stepdefinitions.createBookStep.showsErrorCreateMessage(java.lang.String)&amp#27;[0m
12:03:19.598 [main] INFO  -- 
  _____   ___   ___   _____     ___     _     ___   ___   ___   ___  
 |_   _| | __| / __| |_   _|   | _ \   /_\   / __| / __| | __| |   \ 
   | |   | _|  \__ \   | |     |  _/  / _ \  \__ \ \__ \ | _|  | |) |
   |_|   |___| |___/   |_|     |_|   /_/ \_\ |___/ |___/ |___| |___/ 

As a user, I cannot create a book with empty title
----------------------------------------------------------------------
]]></system-out>
    <system-err><![CDATA[Mei 12, 2024 12:03:16 PM org.openqa.selenium.devtools.CdpVersionFinder findNearestMatch
WARNING: Unable to find an exact match for CDP version 124, returning the closest version; found: 122; Please update to a Selenium version that supports CDP version 124
]]></system-err>
  </testcase>
  <testcase name="As a user, I cannot create a book with empty author" classname="Create book" time="5.522">
    <system-out><![CDATA[
Scenario: As a user, I cannot create a book with empty author    &amp#27;[90m# src/test/resources/features/CreateBook.feature:29&amp#27;[0m
12:03:19.826 [main] DEBUG io.cucumber.core.plugin.SerenityReporter -- Running feature from file:///Users/kayiin/Documents/A.%20Studi%20Independen/mini-project-fadillah/Web_Testing/src/test/resources/features/CreateBook.feature
12:03:19.829 [main] INFO  -- 
  _____   ___   ___   _____     ___   _____     _     ___   _____   ___   ___  
 |_   _| | __| / __| |_   _|   / __| |_   _|   /_\   | _ \ |_   _| | __| |   \ 
   | |   | _|  \__ \   | |     \__ \   | |    / _ \  |   /   | |   | _|  | |) |
   |_|   |___| |___/   |_|     |___/   |_|   /_/ \_\ |_|_\   |_|   |___| |___/ 

As a user, I cannot create a book with empty author(create-book;as-a-user--i-cannot-create-a-book-with-empty-author)
--------------------------------------------------------------------------------
12:03:19.952 [main] INFO net.serenitybdd.core.webdriver.driverproviders.ChromeDriverProvider -- Starting Chrome driver instance with capabilities:
12:03:19.956 [main] INFO net.serenitybdd.core.webdriver.driverproviders.ChromeDriverProvider -- Capabilities {acceptInsecureCerts: false, browserName: chrome, goog:chromeOptions: {args: [remote-allow-origins=*], extensions: []}}
12:03:23.370 [main] DEBUG net.serenitybdd.core.photography.Darkroom -- Send negative for processing for /Users/kayiin/Documents/A. Studi Independen/mini-project-fadillah/Web_Testing/target/site/serenity/b10a3bcc61903733e94d86b755855f46d5b5e9a9a20385bb263ab0051bc05dce.png
12:03:23.370 [Darkroom Processing Line] DEBUG net.serenitybdd.core.photography.DarkroomProcessingLine -- Processing screenshot image in /var/screenshots/screenshot-8895482551621133622
12:03:23.371 [Darkroom Processing Line] DEBUG net.serenitybdd.core.photography.DarkroomProcessingLine -- Saving screenshot to /Users/kayiin/Documents/A. Studi Independen/mini-project-fadillah/Web_Testing/target/site/serenity/b10a3bcc61903733e94d86b755855f46d5b5e9a9a20385bb263ab0051bc05dce.png
12:03:23.371 [main] DEBUG net.thucydides.core.steps.StepInterceptor -- STARTING STEP: BookViewStep.onTheMainPage - I am on the main page
12:03:23.413 [main] DEBUG net.thucydides.core.steps.StepInterceptor -- STEP DONE: I am on the main page
  &amp#27;[32mGiven &amp#27;[0m&amp#27;[32mI am on the main page&amp#27;[0m                                    &amp#27;[90m# starter.stepdefinitions.BookViewStep.onTheMainPage()&amp#27;[0m
12:03:23.553 [main] DEBUG net.serenitybdd.core.photography.Darkroom -- Send negative for processing for /Users/kayiin/Documents/A. Studi Independen/mini-project-fadillah/Web_Testing/target/site/serenity/9aacd21df3f46d20be1ee58f4ad9c03f5bcaaa81bea581c2544178b0874440a1.png
12:03:23.554 [Darkroom Processing Line] DEBUG net.serenitybdd.core.photography.DarkroomProcessingLine -- Processing screenshot image in /var/screenshots/screenshot-3710434649733122716
12:03:23.554 [Darkroom Processing Line] DEBUG net.serenitybdd.core.photography.DarkroomProcessingLine -- Saving screenshot to /Users/kayiin/Documents/A. Studi Independen/mini-project-fadillah/Web_Testing/target/site/serenity/9aacd21df3f46d20be1ee58f4ad9c03f5bcaaa81bea581c2544178b0874440a1.png
12:03:23.588 [main] DEBUG net.thucydides.core.steps.StepInterceptor -- STARTING STEP: createBookStep.clickPlusButton - clickPlusButton
12:03:23.884 [main] DEBUG net.serenitybdd.core.photography.Darkroom -- Send negative for processing for /Users/kayiin/Documents/A. Studi Independen/mini-project-fadillah/Web_Testing/target/site/serenity/eaca7eee008b661a4e0a8e36c8af8804c7f97284a6ff8aba5d27912c8175cbca.png
12:03:23.884 [main] DEBUG net.thucydides.core.steps.StepInterceptor -- STEP DONE: clickPlusButton
  &amp#27;[32mWhen &amp#27;[0m&amp#27;[32mI click plus button&amp#27;[0m                                       &amp#27;[90m# starter.stepdefinitions.createBookStep.clickPlusButton()&amp#27;[0m
  &amp#27;[32mAnd &amp#27;[0m&amp#27;[32mI input valid title&amp#27;[0m                                        &amp#27;[90m# starter.stepdefinitions.editBookStep.inputValidTitle()&amp#27;[0m
12:03:24.261 [main] DEBUG net.serenitybdd.core.photography.Darkroom -- Send negative for processing for /Users/kayiin/Documents/A. Studi Independen/mini-project-fadillah/Web_Testing/target/site/serenity/43831c0dd852067167002a7764381801aa88e5a367ebbb865b28ac9561cbe864.png
  &amp#27;[32mAnd &amp#27;[0m&amp#27;[32mI input valid year&amp#27;[0m                                         &amp#27;[90m# starter.stepdefinitions.editBookStep.inputValidYear()&amp#27;[0m
12:03:24.536 [main] DEBUG net.serenitybdd.core.photography.Darkroom -- Send negative for processing for /Users/kayiin/Documents/A. Studi Independen/mini-project-fadillah/Web_Testing/target/site/serenity/1981f7f15e6549feb58da9d76e2d40b345804a1104dd2d537f28c00541914b80.png
12:03:24.537 [Darkroom Processing Line] DEBUG net.serenitybdd.core.photography.DarkroomProcessingLine -- Processing screenshot image in /var/screenshots/screenshot-2178841247622678705
12:03:24.537 [Darkroom Processing Line] DEBUG net.serenitybdd.core.photography.DarkroomProcessingLine -- Saving screenshot to /Users/kayiin/Documents/A. Studi Independen/mini-project-fadillah/Web_Testing/target/site/serenity/1981f7f15e6549feb58da9d76e2d40b345804a1104dd2d537f28c00541914b80.png
12:03:24.546 [main] DEBUG net.thucydides.core.steps.StepInterceptor -- STARTING STEP: createBookStep.clickSaveButton - clickSaveButton
12:03:24.805 [main] DEBUG net.serenitybdd.core.photography.Darkroom -- Send negative for processing for /Users/kayiin/Documents/A. Studi Independen/mini-project-fadillah/Web_Testing/target/site/serenity/32f9c4cb74e2f07cc668f584c973dbd5af8f995975ec47f389120bb89acc9d0f.png
12:03:24.806 [main] DEBUG net.thucydides.core.steps.StepInterceptor -- STEP DONE: clickSaveButton
  &amp#27;[32mAnd &amp#27;[0m&amp#27;[32mI click save book button&amp#27;[0m                                   &amp#27;[90m# starter.stepdefinitions.createBookStep.clickSaveButton()&amp#27;[0m
12:03:24.806 [Darkroom Processing Line] DEBUG net.serenitybdd.core.photography.DarkroomProcessingLine -- Processing screenshot image in /var/screenshots/screenshot-1370100859073741488
12:03:24.806 [Darkroom Processing Line] DEBUG net.serenitybdd.core.photography.DarkroomProcessingLine -- Saving screenshot to /Users/kayiin/Documents/A. Studi Independen/mini-project-fadillah/Web_Testing/target/site/serenity/32f9c4cb74e2f07cc668f584c973dbd5af8f995975ec47f389120bb89acc9d0f.png
12:03:24.833 [main] DEBUG net.thucydides.core.steps.StepInterceptor -- STARTING STEP: createBookStep.showsErrorCreateMessage - showsErrorCreateMessage
12:03:25.051 [main] DEBUG net.serenitybdd.core.photography.Darkroom -- Send negative for processing for /Users/kayiin/Documents/A. Studi Independen/mini-project-fadillah/Web_Testing/target/site/serenity/f542069d4cf9eff0e0dee77766f1a3f2e3ec1202dfe0b8634033f7b089707810.png
12:03:25.052 [main] DEBUG net.thucydides.core.steps.StepInterceptor -- STEP DONE: showsErrorCreateMessage
12:03:25.053 [Darkroom Processing Line] DEBUG net.serenitybdd.core.photography.DarkroomProcessingLine -- Processing screenshot image in /var/screenshots/screenshot-7186896671658553898
12:03:25.053 [Darkroom Processing Line] DEBUG net.serenitybdd.core.photography.DarkroomProcessingLine -- Saving screenshot to /Users/kayiin/Documents/A. Studi Independen/mini-project-fadillah/Web_Testing/target/site/serenity/f542069d4cf9eff0e0dee77766f1a3f2e3ec1202dfe0b8634033f7b089707810.png
12:03:25.058 [main] DEBUG net.thucydides.core.steps.StepInterceptor -- STARTING STEP: createBookStep.showsErrorCreateMessage - validateErrorCreateMessage
12:03:25.091 [main] DEBUG net.thucydides.core.steps.StepInterceptor -- STEP DONE: validateErrorCreateMessage
  &amp#27;[32mThen &amp#27;[0m&amp#27;[32msystems show error create message &amp#27;[0m&amp#27;[32m&amp#27;[1m"Book failed to create"&amp#27;[0m &amp#27;[90m# starter.stepdefinitions.createBookStep.showsErrorCreateMessage(java.lang.String)&amp#27;[0m
12:03:25.097 [main] INFO  -- 
  _____   ___   ___   _____     ___     _     ___   ___   ___   ___  
 |_   _| | __| / __| |_   _|   | _ \   /_\   / __| / __| | __| |   \ 
   | |   | _|  \__ \   | |     |  _/  / _ \  \__ \ \__ \ | _|  | |) |
   |_|   |___| |___/   |_|     |_|   /_/ \_\ |___/ |___/ |___| |___/ 

As a user, I cannot create a book with empty author
----------------------------------------------------------------------
]]></system-out>
    <system-err><![CDATA[Mei 12, 2024 12:03:22 PM org.openqa.selenium.devtools.CdpVersionFinder findNearestMatch
WARNING: Unable to find an exact match for CDP version 124, returning the closest version; found: 122; Please update to a Selenium version that supports CDP version 124
]]></system-err>
  </testcase>
  <testcase name="As a user, I cannot create a book with empty year" classname="Create book" time="5.681">
    <system-out><![CDATA[
Scenario: As a user, I cannot create a book with empty year      &amp#27;[90m# src/test/resources/features/CreateBook.feature:35&amp#27;[0m
12:03:25.342 [main] DEBUG io.cucumber.core.plugin.SerenityReporter -- Running feature from file:///Users/kayiin/Documents/A.%20Studi%20Independen/mini-project-fadillah/Web_Testing/src/test/resources/features/CreateBook.feature
12:03:25.346 [main] INFO  -- 
  _____   ___   ___   _____     ___   _____     _     ___   _____   ___   ___  
 |_   _| | __| / __| |_   _|   / __| |_   _|   /_\   | _ \ |_   _| | __| |   \ 
   | |   | _|  \__ \   | |     \__ \   | |    / _ \  |   /   | |   | _|  | |) |
   |_|   |___| |___/   |_|     |___/   |_|   /_/ \_\ |_|_\   |_|   |___| |___/ 

As a user, I cannot create a book with empty year(create-book;as-a-user--i-cannot-create-a-book-with-empty-year)
--------------------------------------------------------------------------------
12:03:25.511 [main] INFO net.serenitybdd.core.webdriver.driverproviders.ChromeDriverProvider -- Starting Chrome driver instance with capabilities:
12:03:25.511 [main] INFO net.serenitybdd.core.webdriver.driverproviders.ChromeDriverProvider -- Capabilities {acceptInsecureCerts: false, browserName: chrome, goog:chromeOptions: {args: [remote-allow-origins=*], extensions: []}}
12:03:29.123 [main] DEBUG net.serenitybdd.core.photography.Darkroom -- Send negative for processing for /Users/kayiin/Documents/A. Studi Independen/mini-project-fadillah/Web_Testing/target/site/serenity/1277a6956240205d0d811268d9395521c55ff60462b7a30b3d46c2f805a14b64.png
12:03:29.123 [Darkroom Processing Line] DEBUG net.serenitybdd.core.photography.DarkroomProcessingLine -- Processing screenshot image in /var/screenshots/screenshot-3122745953546861349
12:03:29.124 [Darkroom Processing Line] DEBUG net.serenitybdd.core.photography.DarkroomProcessingLine -- Saving screenshot to /Users/kayiin/Documents/A. Studi Independen/mini-project-fadillah/Web_Testing/target/site/serenity/1277a6956240205d0d811268d9395521c55ff60462b7a30b3d46c2f805a14b64.png
12:03:29.124 [main] DEBUG net.thucydides.core.steps.StepInterceptor -- STARTING STEP: BookViewStep.onTheMainPage - I am on the main page
12:03:29.323 [main] DEBUG net.serenitybdd.core.photography.Darkroom -- Send negative for processing for /Users/kayiin/Documents/A. Studi Independen/mini-project-fadillah/Web_Testing/target/site/serenity/9b481eb90e38d91ec83c6ab0636f9b39df0cae29d6c9efe13b10e565482bdf18.png
12:03:29.323 [main] DEBUG net.thucydides.core.steps.StepInterceptor -- STEP DONE: I am on the main page
12:03:29.323 [Darkroom Processing Line] DEBUG net.serenitybdd.core.photography.DarkroomProcessingLine -- Processing screenshot image in /var/screenshots/screenshot-5618819276895582732
12:03:29.323 [Darkroom Processing Line] DEBUG net.serenitybdd.core.photography.DarkroomProcessingLine -- Saving screenshot to /Users/kayiin/Documents/A. Studi Independen/mini-project-fadillah/Web_Testing/target/site/serenity/9b481eb90e38d91ec83c6ab0636f9b39df0cae29d6c9efe13b10e565482bdf18.png
  &amp#27;[32mGiven &amp#27;[0m&amp#27;[32mI am on the main page&amp#27;[0m                                    &amp#27;[90m# starter.stepdefinitions.BookViewStep.onTheMainPage()&amp#27;[0m
12:03:29.356 [main] DEBUG net.thucydides.core.steps.StepInterceptor -- STARTING STEP: createBookStep.clickPlusButton - clickPlusButton
12:03:29.617 [main] DEBUG net.serenitybdd.core.photography.Darkroom -- Send negative for processing for /Users/kayiin/Documents/A. Studi Independen/mini-project-fadillah/Web_Testing/target/site/serenity/eaca7eee008b661a4e0a8e36c8af8804c7f97284a6ff8aba5d27912c8175cbca.png
12:03:29.618 [main] DEBUG net.thucydides.core.steps.StepInterceptor -- STEP DONE: clickPlusButton
  &amp#27;[32mWhen &amp#27;[0m&amp#27;[32mI click plus button&amp#27;[0m                                       &amp#27;[90m# starter.stepdefinitions.createBookStep.clickPlusButton()&amp#27;[0m
  &amp#27;[32mAnd &amp#27;[0m&amp#27;[32mI input valid title&amp#27;[0m                                        &amp#27;[90m# starter.stepdefinitions.editBookStep.inputValidTitle()&amp#27;[0m
12:03:29.984 [main] DEBUG net.serenitybdd.core.photography.Darkroom -- Send negative for processing for /Users/kayiin/Documents/A. Studi Independen/mini-project-fadillah/Web_Testing/target/site/serenity/43831c0dd852067167002a7764381801aa88e5a367ebbb865b28ac9561cbe864.png
  &amp#27;[32mAnd &amp#27;[0m&amp#27;[32mI input valid author&amp#27;[0m                                       &amp#27;[90m# starter.stepdefinitions.editBookStep.inputValidAuthor()&amp#27;[0m
12:03:30.225 [main] DEBUG net.serenitybdd.core.photography.Darkroom -- Send negative for processing for /Users/kayiin/Documents/A. Studi Independen/mini-project-fadillah/Web_Testing/target/site/serenity/6901594107cb5dc34b50e023981f9ac5e91c7f72f2e34795d7c49f081f7fe6d5.png
12:03:30.240 [main] DEBUG net.thucydides.core.steps.StepInterceptor -- STARTING STEP: createBookStep.clickSaveButton - clickSaveButton
12:03:30.499 [main] DEBUG net.serenitybdd.core.photography.Darkroom -- Send negative for processing for /Users/kayiin/Documents/A. Studi Independen/mini-project-fadillah/Web_Testing/target/site/serenity/3ea200a97f2aa47403d50ac90c618a56252034e8480ef46da49cc7112c1c9c4a.png
12:03:30.499 [Darkroom Processing Line] DEBUG net.serenitybdd.core.photography.DarkroomProcessingLine -- Processing screenshot image in /var/screenshots/screenshot-16199413475331645334
12:03:30.499 [Darkroom Processing Line] DEBUG net.serenitybdd.core.photography.DarkroomProcessingLine -- Saving screenshot to /Users/kayiin/Documents/A. Studi Independen/mini-project-fadillah/Web_Testing/target/site/serenity/3ea200a97f2aa47403d50ac90c618a56252034e8480ef46da49cc7112c1c9c4a.png
12:03:30.499 [main] DEBUG net.thucydides.core.steps.StepInterceptor -- STEP DONE: clickSaveButton
  &amp#27;[32mAnd &amp#27;[0m&amp#27;[32mI click save book button&amp#27;[0m                                   &amp#27;[90m# starter.stepdefinitions.createBookStep.clickSaveButton()&amp#27;[0m
12:03:30.517 [main] DEBUG net.thucydides.core.steps.StepInterceptor -- STARTING STEP: createBookStep.showsErrorCreateMessage - showsErrorCreateMessage
12:03:30.725 [main] DEBUG net.serenitybdd.core.photography.Darkroom -- Send negative for processing for /Users/kayiin/Documents/A. Studi Independen/mini-project-fadillah/Web_Testing/target/site/serenity/0680957eeeb668c9f61213e761e0609592c170252024d716b50750959151afaf.png
12:03:30.725 [Darkroom Processing Line] DEBUG net.serenitybdd.core.photography.DarkroomProcessingLine -- Processing screenshot image in /var/screenshots/screenshot-4470596032964483614
12:03:30.725 [main] DEBUG net.thucydides.core.steps.StepInterceptor -- STEP DONE: showsErrorCreateMessage
12:03:30.725 [Darkroom Processing Line] DEBUG net.serenitybdd.core.photography.DarkroomProcessingLine -- Saving screenshot to /Users/kayiin/Documents/A. Studi Independen/mini-project-fadillah/Web_Testing/target/site/serenity/0680957eeeb668c9f61213e761e0609592c170252024d716b50750959151afaf.png
12:03:30.732 [main] DEBUG net.thucydides.core.steps.StepInterceptor -- STARTING STEP: createBookStep.showsErrorCreateMessage - validateErrorCreateMessage
12:03:30.762 [main] DEBUG net.thucydides.core.steps.StepInterceptor -- STEP DONE: validateErrorCreateMessage
  &amp#27;[32mThen &amp#27;[0m&amp#27;[32msystems show error create message &amp#27;[0m&amp#27;[32m&amp#27;[1m"Book failed to create"&amp#27;[0m &amp#27;[90m# starter.stepdefinitions.createBookStep.showsErrorCreateMessage(java.lang.String)&amp#27;[0m
12:03:30.772 [main] INFO  -- 
  _____   ___   ___   _____     ___     _     ___   ___   ___   ___  
 |_   _| | __| / __| |_   _|   | _ \   /_\   / __| / __| | __| |   \ 
   | |   | _|  \__ \   | |     |  _/  / _ \  \__ \ \__ \ | _|  | |) |
   |_|   |___| |___/   |_|     |_|   /_/ \_\ |___/ |___/ |___| |___/ 

As a user, I cannot create a book with empty year
----------------------------------------------------------------------
]]></system-out>
    <system-err><![CDATA[Mei 12, 2024 12:03:27 PM org.openqa.selenium.devtools.CdpVersionFinder findNearestMatch
WARNING: Unable to find an exact match for CDP version 124, returning the closest version; found: 122; Please update to a Selenium version that supports CDP version 124
]]></system-err>
  </testcase>
  <testcase name="As a user, I cannot create a book with invalid year" classname="Create book" time="7.361">
    <failure type="org.opentest4j.AssertionFailedError"><![CDATA[org.opentest4j.AssertionFailedError: expected: <true> but was: <false>
]]></failure>
    <system-out><![CDATA[
Scenario: As a user, I cannot create a book with invalid year    &amp#27;[90m# src/test/resources/features/CreateBook.feature:41&amp#27;[0m
12:03:31.042 [main] DEBUG io.cucumber.core.plugin.SerenityReporter -- Running feature from file:///Users/kayiin/Documents/A.%20Studi%20Independen/mini-project-fadillah/Web_Testing/src/test/resources/features/CreateBook.feature
12:03:31.045 [main] INFO  -- 
  _____   ___   ___   _____     ___   _____     _     ___   _____   ___   ___  
 |_   _| | __| / __| |_   _|   / __| |_   _|   /_\   | _ \ |_   _| | __| |   \ 
   | |   | _|  \__ \   | |     \__ \   | |    / _ \  |   /   | |   | _|  | |) |
   |_|   |___| |___/   |_|     |___/   |_|   /_/ \_\ |_|_\   |_|   |___| |___/ 

As a user, I cannot create a book with invalid year(create-book;as-a-user--i-cannot-create-a-book-with-invalid-year)
--------------------------------------------------------------------------------
12:03:31.178 [main] INFO net.serenitybdd.core.webdriver.driverproviders.ChromeDriverProvider -- Starting Chrome driver instance with capabilities:
12:03:31.179 [main] INFO net.serenitybdd.core.webdriver.driverproviders.ChromeDriverProvider -- Capabilities {acceptInsecureCerts: false, browserName: chrome, goog:chromeOptions: {args: [remote-allow-origins=*], extensions: []}}
12:03:34.848 [main] DEBUG net.serenitybdd.core.photography.Darkroom -- Send negative for processing for /Users/kayiin/Documents/A. Studi Independen/mini-project-fadillah/Web_Testing/target/site/serenity/11e61c90880e40985ebda9ac2d1b089eadf0bc0779afb8e9291b8a53562f0d22.png
12:03:34.849 [Darkroom Processing Line] DEBUG net.serenitybdd.core.photography.DarkroomProcessingLine -- Processing screenshot image in /var/screenshots/screenshot-3339042797737086266
12:03:34.849 [Darkroom Processing Line] DEBUG net.serenitybdd.core.photography.DarkroomProcessingLine -- Saving screenshot to /Users/kayiin/Documents/A. Studi Independen/mini-project-fadillah/Web_Testing/target/site/serenity/11e61c90880e40985ebda9ac2d1b089eadf0bc0779afb8e9291b8a53562f0d22.png
12:03:34.849 [main] DEBUG net.thucydides.core.steps.StepInterceptor -- STARTING STEP: BookViewStep.onTheMainPage - I am on the main page
12:03:35.043 [main] DEBUG net.serenitybdd.core.photography.Darkroom -- Send negative for processing for /Users/kayiin/Documents/A. Studi Independen/mini-project-fadillah/Web_Testing/target/site/serenity/027067e0062b8006ff18fd0270c3a226d38e7c391471f492bad365071eb22bd8.png
12:03:35.044 [main] DEBUG net.thucydides.core.steps.StepInterceptor -- STEP DONE: I am on the main page
12:03:35.043 [Darkroom Processing Line] DEBUG net.serenitybdd.core.photography.DarkroomProcessingLine -- Processing screenshot image in /var/screenshots/screenshot-10250681355051661601
12:03:35.044 [Darkroom Processing Line] DEBUG net.serenitybdd.core.photography.DarkroomProcessingLine -- Saving screenshot to /Users/kayiin/Documents/A. Studi Independen/mini-project-fadillah/Web_Testing/target/site/serenity/027067e0062b8006ff18fd0270c3a226d38e7c391471f492bad365071eb22bd8.png
  &amp#27;[32mGiven &amp#27;[0m&amp#27;[32mI am on the main page&amp#27;[0m                                    &amp#27;[90m# starter.stepdefinitions.BookViewStep.onTheMainPage()&amp#27;[0m
12:03:35.089 [main] DEBUG net.thucydides.core.steps.StepInterceptor -- STARTING STEP: createBookStep.clickPlusButton - clickPlusButton
12:03:35.577 [main] DEBUG net.serenitybdd.core.photography.Darkroom -- Send negative for processing for /Users/kayiin/Documents/A. Studi Independen/mini-project-fadillah/Web_Testing/target/site/serenity/29036e77fa33016b8fa1224f0b9ec9716ebbae22daaa87d3244a067aa3331007.png
12:03:35.578 [main] DEBUG net.thucydides.core.steps.StepInterceptor -- STEP DONE: clickPlusButton
12:03:35.578 [Darkroom Processing Line] DEBUG net.serenitybdd.core.photography.DarkroomProcessingLine -- Processing screenshot image in /var/screenshots/screenshot-5594362525551474891
12:03:35.578 [Darkroom Processing Line] DEBUG net.serenitybdd.core.photography.DarkroomProcessingLine -- Saving screenshot to /Users/kayiin/Documents/A. Studi Independen/mini-project-fadillah/Web_Testing/target/site/serenity/29036e77fa33016b8fa1224f0b9ec9716ebbae22daaa87d3244a067aa3331007.png
  &amp#27;[32mWhen &amp#27;[0m&amp#27;[32mI click plus button&amp#27;[0m                                       &amp#27;[90m# starter.stepdefinitions.createBookStep.clickPlusButton()&amp#27;[0m
  &amp#27;[32mAnd &amp#27;[0m&amp#27;[32mI input valid title&amp#27;[0m                                        &amp#27;[90m# starter.stepdefinitions.editBookStep.inputValidTitle()&amp#27;[0m
12:03:36.012 [main] DEBUG net.serenitybdd.core.photography.Darkroom -- Send negative for processing for /Users/kayiin/Documents/A. Studi Independen/mini-project-fadillah/Web_Testing/target/site/serenity/28ec1ce8b5c002c2f0f45b16820eb1224d80eb4ac39c29b20d231a9b537a38f1.png
12:03:36.019 [Darkroom Processing Line] DEBUG net.serenitybdd.core.photography.DarkroomProcessingLine -- Processing screenshot image in /var/screenshots/screenshot-14545717889341993389
12:03:36.019 [Darkroom Processing Line] DEBUG net.serenitybdd.core.photography.DarkroomProcessingLine -- Saving screenshot to /Users/kayiin/Documents/A. Studi Independen/mini-project-fadillah/Web_Testing/target/site/serenity/28ec1ce8b5c002c2f0f45b16820eb1224d80eb4ac39c29b20d231a9b537a38f1.png
  &amp#27;[32mAnd &amp#27;[0m&amp#27;[32mI input valid author&amp#27;[0m                                       &amp#27;[90m# starter.stepdefinitions.editBookStep.inputValidAuthor()&amp#27;[0m
12:03:36.271 [main] DEBUG net.serenitybdd.core.photography.Darkroom -- Send negative for processing for /Users/kayiin/Documents/A. Studi Independen/mini-project-fadillah/Web_Testing/target/site/serenity/e8d8b831b71f37190da9add914acbf2f56d2724c139554276d0ba932fdea5a77.png
12:03:36.271 [Darkroom Processing Line] DEBUG net.serenitybdd.core.photography.DarkroomProcessingLine -- Processing screenshot image in /var/screenshots/screenshot-13146284874439051391
12:03:36.271 [Darkroom Processing Line] DEBUG net.serenitybdd.core.photography.DarkroomProcessingLine -- Saving screenshot to /Users/kayiin/Documents/A. Studi Independen/mini-project-fadillah/Web_Testing/target/site/serenity/e8d8b831b71f37190da9add914acbf2f56d2724c139554276d0ba932fdea5a77.png
  &amp#27;[32mAnd &amp#27;[0m&amp#27;[32mI input invalid year&amp#27;[0m                                       &amp#27;[90m# starter.stepdefinitions.editBookStep.inputInvalidYear()&amp#27;[0m
[...]
   |_|   |___| |___/   |_|     |_|   /_/ \_\ |___/ |___/ |___| |___/ 

As a user, I can edit a book with valid inputs
----------------------------------------------------------------------
]]></system-out>
    <system-err><![CDATA[Mei 12, 2024 12:03:41 PM org.openqa.selenium.devtools.CdpVersionFinder findNearestMatch
WARNING: Unable to find an exact match for CDP version 124, returning the closest version; found: 122; Please update to a Selenium version that supports CDP version 124
]]></system-err>
  </testcase>
  <testcase name="As a user, I cannot edit a book with invalid year" classname="Edit Book" time="7.468">
    <failure type="org.opentest4j.AssertionFailedError"><![CDATA[org.opentest4j.AssertionFailedError: expected: <true> but was: <false>
]]></failure>
    <system-out><![CDATA[
Scenario: As a user, I cannot edit a book with invalid year &amp#27;[90m# src/test/resources/features/EditBook.feature:17&amp#27;[0m
12:03:45.610 [main] DEBUG io.cucumber.core.plugin.SerenityReporter -- Running feature from file:///Users/kayiin/Documents/A.%20Studi%20Independen/mini-project-fadillah/Web_Testing/src/test/resources/features/EditBook.feature
12:03:45.613 [main] INFO  -- 
  _____   ___   ___   _____     ___   _____     _     ___   _____   ___   ___  
 |_   _| | __| / __| |_   _|   / __| |_   _|   /_\   | _ \ |_   _| | __| |   \ 
   | |   | _|  \__ \   | |     \__ \   | |    / _ \  |   /   | |   | _|  | |) |
   |_|   |___| |___/   |_|     |___/   |_|   /_/ \_\ |_|_\   |_|   |___| |___/ 

As a user, I cannot edit a book with invalid year(edit-book;as-a-user--i-cannot-edit-a-book-with-invalid-year)
--------------------------------------------------------------------------------
12:03:45.747 [main] INFO net.serenitybdd.core.webdriver.driverproviders.ChromeDriverProvider -- Starting Chrome driver instance with capabilities:
12:03:45.748 [main] INFO net.serenitybdd.core.webdriver.driverproviders.ChromeDriverProvider -- Capabilities {acceptInsecureCerts: false, browserName: chrome, goog:chromeOptions: {args: [remote-allow-origins=*], extensions: []}}
12:03:49.236 [main] DEBUG net.serenitybdd.core.photography.Darkroom -- Send negative for processing for /Users/kayiin/Documents/A. Studi Independen/mini-project-fadillah/Web_Testing/target/site/serenity/01e5980bff55042d478d51875e5d656b357389c446721d6cb10d8c6c874ee5f1.png
12:03:49.236 [Darkroom Processing Line] DEBUG net.serenitybdd.core.photography.DarkroomProcessingLine -- Processing screenshot image in /var/screenshots/screenshot-5705820545852211309
12:03:49.236 [Darkroom Processing Line] DEBUG net.serenitybdd.core.photography.DarkroomProcessingLine -- Saving screenshot to /Users/kayiin/Documents/A. Studi Independen/mini-project-fadillah/Web_Testing/target/site/serenity/01e5980bff55042d478d51875e5d656b357389c446721d6cb10d8c6c874ee5f1.png
12:03:49.236 [main] DEBUG net.thucydides.core.steps.StepInterceptor -- STARTING STEP: BookViewStep.onTheMainPage - I am on the main page
12:03:49.279 [main] DEBUG net.thucydides.core.steps.StepInterceptor -- STEP DONE: I am on the main page
  &amp#27;[32mGiven &amp#27;[0m&amp#27;[32mI am on the main page&amp#27;[0m                               &amp#27;[90m# starter.stepdefinitions.BookViewStep.onTheMainPage()&amp#27;[0m
12:03:49.418 [main] DEBUG net.serenitybdd.core.photography.Darkroom -- Send negative for processing for /Users/kayiin/Documents/A. Studi Independen/mini-project-fadillah/Web_Testing/target/site/serenity/f1f559a289fd9dd8ec860397a0ba6dde9b148cf3a6c022579f8233ce914cb19c.png
12:03:49.418 [Darkroom Processing Line] DEBUG net.serenitybdd.core.photography.DarkroomProcessingLine -- Processing screenshot image in /var/screenshots/screenshot-7448981257968073893
12:03:49.418 [Darkroom Processing Line] DEBUG net.serenitybdd.core.photography.DarkroomProcessingLine -- Saving screenshot to /Users/kayiin/Documents/A. Studi Independen/mini-project-fadillah/Web_Testing/target/site/serenity/f1f559a289fd9dd8ec860397a0ba6dde9b148cf3a6c022579f8233ce914cb19c.png
12:03:49.455 [main] DEBUG net.thucydides.core.steps.StepInterceptor -- STARTING STEP: editBookStep.clickEditIcon - I click edit icon
12:03:50.323 [main] DEBUG net.serenitybdd.core.photography.Darkroom -- Send negative for processing for /Users/kayiin/Documents/A. Studi Independen/mini-project-fadillah/Web_Testing/target/site/serenity/e4955069c357dab1f19f7f1546b620c6b6fa08fc6d1b071d61faec479b8fe2a7.png
12:03:50.324 [main] DEBUG net.thucydides.core.steps.StepInterceptor -- STEP DONE: I click edit icon
12:03:50.324 [Darkroom Processing Line] DEBUG net.serenitybdd.core.photography.DarkroomProcessingLine -- Processing screenshot image in /var/screenshots/screenshot-3808502888441032239
12:03:50.324 [Darkroom Processing Line] DEBUG net.serenitybdd.core.photography.DarkroomProcessingLine -- Saving screenshot to /Users/kayiin/Documents/A. Studi Independen/mini-project-fadillah/Web_Testing/target/site/serenity/e4955069c357dab1f19f7f1546b620c6b6fa08fc6d1b071d61faec479b8fe2a7.png
  &amp#27;[32mWhen &amp#27;[0m&amp#27;[32mI click edit icon&amp#27;[0m                                    &amp#27;[90m# starter.stepdefinitions.editBookStep.clickEditIcon()&amp#27;[0m
12:03:50.633 [main] DEBUG net.serenitybdd.core.photography.Darkroom -- Send negative for processing for /Users/kayiin/Documents/A. Studi Independen/mini-project-fadillah/Web_Testing/target/site/serenity/2d03ce353edde3c3098c503afb854d235a6faf985385c7c01dd299b882e17d33.png
12:03:50.634 [Darkroom Processing Line] DEBUG net.serenitybdd.core.photography.DarkroomProcessingLine -- Processing screenshot image in /var/screenshots/screenshot-2785783563112470632
12:03:50.634 [Darkroom Processing Line] DEBUG net.serenitybdd.core.photography.DarkroomProcessingLine -- Saving screenshot to /Users/kayiin/Documents/A. Studi Independen/mini-project-fadillah/Web_Testing/target/site/serenity/2d03ce353edde3c3098c503afb854d235a6faf985385c7c01dd299b882e17d33.png
  &amp#27;[32mAnd &amp#27;[0m&amp#27;[32mI input valid title&amp#27;[0m                                   &amp#27;[90m# starter.stepdefinitions.editBookStep.inputValidTitle()&amp#27;[0m
12:03:50.972 [main] DEBUG net.serenitybdd.core.photography.Darkroom -- Send negative for processing for /Users/kayiin/Documents/A. Studi Independen/mini-project-fadillah/Web_Testing/target/site/serenity/20e5bdb567ea66600a7765a87d9fd07b61f206c5d7cf578cfa8049cd3b798e11.png
12:03:50.972 [Darkroom Processing Line] DEBUG net.serenitybdd.core.photography.DarkroomProcessingLine -- Processing screenshot image in /var/screenshots/screenshot-9748994690674363240
12:03:50.972 [Darkroom Processing Line] DEBUG net.serenitybdd.core.photography.DarkroomProcessingLine -- Saving screenshot to /Users/kayiin/Documents/A. Studi Independen/mini-project-fadillah/Web_Testing/target/site/serenity/20e5bdb567ea66600a7765a87d9fd07b61f206c5d7cf578cfa8049cd3b798e11.png
  &amp#27;[32mAnd &amp#27;[0m&amp#27;[32mI input valid author&amp#27;[0m                                  &amp#27;[90m# starter.stepdefinitions.editBookStep.inputValidAuthor()&amp#27;[0m
12:03:51.208 [main] DEBUG net.serenitybdd.core.photography.Darkroom -- Send negative for processing for /Users/kayiin/Documents/A. Studi Independen/mini-project-fadillah/Web_Testing/target/site/serenity/f9247750356c17550ca8819a03281a489521f59ea9d5bb9ba012f50829a21758.png
12:03:51.208 [Darkroom Processing Line] DEBUG net.serenitybdd.core.photography.DarkroomProcessingLine -- Processing screenshot image in /var/screenshots/screenshot-12303749353007644143
12:03:51.208 [Darkroom Processing Line] DEBUG net.serenitybdd.core.photography.DarkroomProcessingLine -- Saving screenshot to /Users/kayiin/Documents/A. Studi Independen/mini-project-fadillah/Web_Testing/target/site/serenity/f9247750356c17550ca8819a03281a489521f59ea9d5bb9ba012f50829a21758.png
  &amp#27;[32mAnd &amp#27;[0m&amp#27;[32mI input invalid year&amp#27;[0m                                  &amp#27;[90m# starter.stepdefinitions.editBookStep.inputInvalidYear()&amp#27;[0m
12:03:51.427 [main] DEBUG net.serenitybdd.core.photography.Darkroom -- Send negative for processing for /Users/kayiin/Documents/A. Studi Independen/mini-project-fadillah/Web_Testing/target/site/serenity/01702858ab48837e904ad9f2be9aa8a8578a2598e2bf874953415ce027b5ded7.png
12:03:51.427 [Darkroom Processing Line] DEBUG net.serenitybdd.core.photography.DarkroomProcessingLine -- Processing screenshot image in /var/screenshots/screenshot-14967229027846466191
12:03:51.427 [Darkroom Processing Line] DEBUG net.serenitybdd.core.photography.DarkroomProcessingLine -- Saving screenshot to /Users/kayiin/Documents/A. Studi Independen/mini-project-fadillah/Web_Testing/target/site/serenity/01702858ab48837e904ad9f2be9aa8a8578a2598e2bf874953415ce027b5ded7.png
  &amp#27;[32mAnd &amp#27;[0m&amp#27;[32mI click edit book button&amp#27;[0m                              &amp#27;[90m# starter.stepdefinitions.editBookStep.clickEditBookButton()&amp#27;[0m
12:03:51.656 [main] DEBUG net.serenitybdd.core.photography.Darkroom -- Send negative for processing for /Users/kayiin/Documents/A. Studi Independen/mini-project-fadillah/Web_Testing/target/site/serenity/ff959ade77528685eb470cdbdf993e9b0b10ab67ed9a92cfd6167adc8cc5c91a.png
12:03:51.657 [Darkroom Processing Line] DEBUG net.serenitybdd.core.photography.DarkroomProcessingLine -- Processing screenshot image in /var/screenshots/screenshot-15421495434783763663
12:03:51.657 [Darkroom Processing Line] DEBUG net.serenitybdd.core.photography.DarkroomProcessingLine -- Saving screenshot to /Users/kayiin/Documents/A. Studi Independen/mini-project-fadillah/Web_Testing/target/site/serenity/ff959ade77528685eb470cdbdf993e9b0b10ab67ed9a92cfd6167adc8cc5c91a.png
  &amp#27;[31mThen &amp#27;[0m&amp#27;[31msystems show error message &amp#27;[0m&amp#27;[31m&amp#27;[1m"Book edit failed"&amp#27;[0m        &amp#27;[90m# starter.stepdefinitions.editBookStep.errorMessageEditBook(java.lang.String)&amp#27;[0m
      &amp#27;[31morg.opentest4j.AssertionFailedError: expected: <true> but was: <false>
	at org.junit.jupiter.api.AssertionFailureBuilder.build(AssertionFailureBuilder.java:151)
	at org.junit.jupiter.api.AssertionFailureBuilder.buildAndThrow(AssertionFailureBuilder.java:132)
	at org.junit.jupiter.api.AssertTrue.failNotTrue(AssertTrue.java:63)
	at org.junit.jupiter.api.AssertTrue.assertTrue(AssertTrue.java:36)
	at org.junit.jupiter.api.AssertTrue.assertTrue(AssertTrue.java:31)
	at org.junit.jupiter.api.Assertions.assertTrue(Assertions.java:180)
	at web.serenity.starter@1.0-SNAPSHOT/starter.stepdefinitions.editBookStep.errorMessageEditBook(editBookStep.java:54)
	at ✽.systems show error message "Book edit failed"(file:///Users/kayiin/Documents/A.%20Studi%20Independen/mini-project-fadillah/Web_Testing/src/test/resources/features/EditBook.feature:23)
&amp#27;[0m
12:03:52.807 [main] DEBUG net.serenitybdd.core.photography.Darkroom -- Send negative for processing for /Users/kayiin/Documents/A. Studi Independen/mini-project-fadillah/Web_Testing/target/site/serenity/820ed33011ee3e7ef30fc0deeb3e6739de2364eab6e6d71c5a1eebdaf4f3172b.png
12:03:52.807 [Darkroom Processing Line] DEBUG net.serenitybdd.core.photography.DarkroomProcessingLine -- Processing screenshot image in /var/screenshots/screenshot-7933592068268061652
12:03:52.807 [Darkroom Processing Line] DEBUG net.serenitybdd.core.photography.DarkroomProcessingLine -- Saving screenshot to /Users/kayiin/Documents/A. Studi Independen/mini-project-fadillah/Web_Testing/target/site/serenity/820ed33011ee3e7ef30fc0deeb3e6739de2364eab6e6d71c5a1eebdaf4f3172b.png
12:03:52.833 [main] ERROR  -- 
  _____   ___   ___   _____     ___     _     ___   _      ___   ___  
 |_   _| | __| / __| |_   _|   | __|   /_\   |_ _| | |    | __| |   \ 
   | |   | _|  \__ \   | |     | _|   / _ \   | |  | |__  | _|  | |) |
   |_|   |___| |___/   |_|     |_|   /_/ \_\ |___| |____| |___| |___/ 

As a user, I cannot edit a book with invalid year
-----------------------------------------------------------------------
12:03:52.834 [main] DEBUG  -- RELATED ISSUES: 
12:03:52.834 [main] ERROR  --     Test failed at step: Then systems show error message "Book edit failed"
12:03:52.834 [main] ERROR  --     expected: <true> but was: <false>
]]></system-out>
    <system-err><![CDATA[Mei 12, 2024 12:03:48 PM org.openqa.selenium.devtools.CdpVersionFinder findNearestMatch
WARNING: Unable to find an exact match for CDP version 124, returning the closest version; found: 122; Please update to a Selenium version that supports CDP version 124
]]></system-err>
  </testcase>
  <testcase name="As a user, I can delete a book" classname="Edit Book" time="7.13">
    <system-out><![CDATA[
Scenario: As a user, I can delete a book                        &amp#27;[90m# src/test/resources/features/EditBook.feature:25&amp#27;[0m
12:03:53.081 [main] DEBUG io.cucumber.core.plugin.SerenityReporter -- Running feature from file:///Users/kayiin/Documents/A.%20Studi%20Independen/mini-project-fadillah/Web_Testing/src/test/resources/features/EditBook.feature
12:03:53.084 [main] INFO  -- 
  _____   ___   ___   _____     ___   _____     _     ___   _____   ___   ___  
 |_   _| | __| / __| |_   _|   / __| |_   _|   /_\   | _ \ |_   _| | __| |   \ 
   | |   | _|  \__ \   | |     \__ \   | |    / _ \  |   /   | |   | _|  | |) |
   |_|   |___| |___/   |_|     |___/   |_|   /_/ \_\ |_|_\   |_|   |___| |___/ 

As a user, I can delete a book(edit-book;as-a-user--i-can-delete-a-book)
--------------------------------------------------------------------------------
12:03:53.213 [main] INFO net.serenitybdd.core.webdriver.driverproviders.ChromeDriverProvider -- Starting Chrome driver instance with capabilities:
12:03:53.213 [main] INFO net.serenitybdd.core.webdriver.driverproviders.ChromeDriverProvider -- Capabilities {acceptInsecureCerts: false, browserName: chrome, goog:chromeOptions: {args: [remote-allow-origins=*], extensions: []}}
12:03:58.032 [main] DEBUG net.serenitybdd.core.photography.Darkroom -- Send negative for processing for /Users/kayiin/Documents/A. Studi Independen/mini-project-fadillah/Web_Testing/target/site/serenity/823330aaaa26732ea662d86e7a3367775a599f5bd168eb9b5b2b8f8fa59fba30.png
12:03:58.032 [Darkroom Processing Line] DEBUG net.serenitybdd.core.photography.DarkroomProcessingLine -- Processing screenshot image in /var/screenshots/screenshot-8928609564487020608
12:03:58.032 [Darkroom Processing Line] DEBUG net.serenitybdd.core.photography.DarkroomProcessingLine -- Saving screenshot to /Users/kayiin/Documents/A. Studi Independen/mini-project-fadillah/Web_Testing/target/site/serenity/823330aaaa26732ea662d86e7a3367775a599f5bd168eb9b5b2b8f8fa59fba30.png
12:03:58.033 [main] DEBUG net.thucydides.core.steps.StepInterceptor -- STARTING STEP: BookViewStep.onTheMainPage - I am on the main page
12:03:58.254 [main] DEBUG net.serenitybdd.core.photography.Darkroom -- Send negative for processing for /Users/kayiin/Documents/A. Studi Independen/mini-project-fadillah/Web_Testing/target/site/serenity/be6a43327dc115a8f199b96b05c1089840e7866f766828b4f366bac08a664f05.png
12:03:58.254 [main] DEBUG net.thucydides.core.steps.StepInterceptor -- STEP DONE: I am on the main page
  &amp#27;[32mGiven &amp#27;[0m&amp#27;[32mI am on the main page&amp#27;[0m                                   &amp#27;[90m# starter.stepdefinitions.BookViewStep.onTheMainPage()&amp#27;[0m
12:03:58.500 [main] DEBUG net.serenitybdd.core.photography.Darkroom -- Send negative for processing for /Users/kayiin/Documents/A. Studi Independen/mini-project-fadillah/Web_Testing/target/site/serenity/851a471624cb4fb3582597cf25a2d2f37815f2bce032718b1e9608d8756d1b5a.png
12:03:58.500 [Darkroom Processing Line] DEBUG net.serenitybdd.core.photography.DarkroomProcessingLine -- Processing screenshot image in /var/screenshots/screenshot-6778565266482853562
12:03:58.500 [Darkroom Processing Line] DEBUG net.serenitybdd.core.photography.DarkroomProcessingLine -- Saving screenshot to /Users/kayiin/Documents/A. Studi Independen/mini-project-fadillah/Web_Testing/target/site/serenity/851a471624cb4fb3582597cf25a2d2f37815f2bce032718b1e9608d8756d1b5a.png
12:03:58.500 [main] DEBUG net.thucydides.core.steps.StepInterceptor -- STARTING STEP: editBookStep.clickDeleteIcon - I click delete icon
12:03:59.120 [main] DEBUG net.serenitybdd.core.photography.Darkroom -- Send negative for processing for /Users/kayiin/Documents/A. Studi Independen/mini-project-fadillah/Web_Testing/target/site/serenity/9c66d25dd1ac6234dd421239805ee1c2820636736e17d4387e1094c2083b0916.png
12:03:59.120 [main] DEBUG net.thucydides.core.steps.StepInterceptor -- STEP DONE: I click delete icon
12:03:59.120 [Darkroom Processing Line] DEBUG net.serenitybdd.core.photography.DarkroomProcessingLine -- Processing screenshot image in /var/screenshots/screenshot-1944916486230001502
12:03:59.120 [Darkroom Processing Line] DEBUG net.serenitybdd.core.photography.DarkroomProcessingLine -- Saving screenshot to /Users/kayiin/Documents/A. Studi Independen/mini-project-fadillah/Web_Testing/target/site/serenity/9c66d25dd1ac6234dd421239805ee1c2820636736e17d4387e1094c2083b0916.png
  &amp#27;[32mWhen &amp#27;[0m&amp#27;[32mI click delete icon&amp#27;[0m                                      &amp#27;[90m# starter.stepdefinitions.editBookStep.clickDeleteIcon()&amp#27;[0m
  &amp#27;[32mAnd &amp#27;[0m&amp#27;[32mI click yes button&amp#27;[0m                                        &amp#27;[90m# starter.stepdefinitions.editBookStep.clickYesButton()&amp#27;[0m
12:03:59.372 [main] DEBUG net.serenitybdd.core.photography.Darkroom -- Send negative for processing for /Users/kayiin/Documents/A. Studi Independen/mini-project-fadillah/Web_Testing/target/site/serenity/21d5824a15358636c135070b93a100b48da7a4e85ef0f996d0af7f88d82f73dc.png
12:03:59.372 [Darkroom Processing Line] DEBUG net.serenitybdd.core.photography.DarkroomProcessingLine -- Processing screenshot image in /var/screenshots/screenshot-4366100636463109860
12:03:59.372 [Darkroom Processing Line] DEBUG net.serenitybdd.core.photography.DarkroomProcessingLine -- Saving screenshot to /Users/kayiin/Documents/A. Studi Independen/mini-project-fadillah/Web_Testing/target/site/serenity/21d5824a15358636c135070b93a100b48da7a4e85ef0f996d0af7f88d82f73dc.png
  &amp#27;[32mThen &amp#27;[0m&amp#27;[32msystem shows success message &amp#27;[0m&amp#27;[32m&amp#27;[1m"book deleted successfully"&amp#27;[0m &amp#27;[90m# starter.stepdefinitions.editBookStep.showsSuccessMessage(java.lang.String)&amp#27;[0m
12:03:59.966 [main] DEBUG net.serenitybdd.core.photography.Darkroom -- Send negative for processing for /Users/kayiin/Documents/A. Studi Independen/mini-project-fadillah/Web_Testing/target/site/serenity/66582b1caef03fae5bccd22ad630910f91538b162c40450cd6a4e12d97fd5b62.png
12:03:59.966 [Darkroom Processing Line] DEBUG net.serenitybdd.core.photography.DarkroomProcessingLine -- Processing screenshot image in /var/screenshots/screenshot-5725942591623930967
12:03:59.966 [Darkroom Processing Line] DEBUG net.serenitybdd.core.photography.DarkroomProcessingLine -- Saving screenshot to /Users/kayiin/Documents/A. Studi Independen/mini-project-fadillah/Web_Testing/target/site/serenity/66582b1caef03fae5bccd22ad630910f91538b162c40450cd6a4e12d97fd5b62.png
12:03:59.967 [main] INFO  -- 
  _____   ___   ___   _____     ___     _     ___   ___   ___   ___  
 |_   _| | __| / __| |_   _|   | _ \   /_\   / __| / __| | __| |   \ 
   | |   | _|  \__ \   | |     |  _/  / _ \  \__ \ \__ \ | _|  | |) |
   |_|   |___| |___/   |_|     |_|   /_/ \_\ |___/ |___/ |___| |___/ 

As a user, I can delete a book
----------------------------------------------------------------------
]]></system-out>
    <system-err><![CDATA[Mei 12, 2024 12:03:55 PM org.openqa.selenium.devtools.CdpVersionFinder findNearestMatch
WARNING: Unable to find an exact match for CDP version 124, returning the closest version; found: 122; Please update to a Selenium version that supports CDP version 124
]]></system-err>
  </testcase>
</testsuite>