<?xml version="1.0" encoding="UTF-8"?>
<testsuite xmlns:xsi="http://www.w3.org/2001/XMLSchema-instance" xsi:noNamespaceSchemaLocation="https://maven.apache.org/surefire/maven-failsafe-plugin/xsd/failsafe-test-report.xsd" name="starter.CucumberTestSuite" time="32.872" tests="31" errors="0" skipped="0" failures="3">
  <properties>
[...]
</properties>
  <testcase name="As a user, I can login with valid credentials" classname="Login" time="18.592"/>
  <testcase name="As a user, I cannot login with invalid email" classname="Login" time="0.67">
    <failure message="1 expectation failed.&#10;Expected status code &lt;400&gt; but was &lt;200&gt;.&#10;" type="java.lang.AssertionError"><![CDATA[java.lang.AssertionError: 
1 expectation failed.
Expected status code <400> but was <200>.

]]></failure>
    <system-out><![CDATA[
Scenario: As a user, I cannot login with invalid email         &amp#27;[90m# src/test/resources/features/api/Authentication/Login.feature:12&amp#27;[0m
23:14:20.462 [main] DEBUG io.cucumber.core.plugin.SerenityReporter -- Running feature from file:///Users/kayiin/Documents/A.%20Studi%20Independen/mini-project-fadillah/API_Testing/src/test/resources/features/api/Authentication/Login.feature
23:14:20.467 [main] INFO  -- 
  _____   ___   ___   _____     ___   _____     _     ___   _____   ___   ___  
 |_   _| | __| / __| |_   _|   / __| |_   _|   /_\   | _ \ |_   _| | __| |   \ 
   | |   | _|  \__ \   | |     \__ \   | |    / _ \  |   /   | |   | _|  | |) |
   |_|   |___| |___/   |_|     |___/   |_|   /_/ \_\ |_|_\   |_|   |___| |___/ 

As a user, I cannot login with invalid email(login;as-a-user--i-cannot-login-with-invalid-email)
--------------------------------------------------------------------------------
  &amp#27;[32mGiven &amp#27;[0m&amp#27;[32mI set API endpoint for login&amp#27;[0m                           &amp#27;[90m# starter.stepdefinitions.authentication.LoginStep.setAPIEndpointForLogin()&amp#27;[0m
23:14:20.492 [main] DEBUG net.thucydides.core.steps.StepInterceptor -- STARTING STEP: LoginStep.loginWithInvalidEmail - I login with invalid email
23:14:20.709 [main] DEBUG net.thucydides.core.steps.StepInterceptor -- STEP DONE: I login with invalid email
  &amp#27;[32mWhen &amp#27;[0m&amp#27;[32mI login with invalid email&amp#27;[0m                              &amp#27;[90m# starter.stepdefinitions.authentication.LoginStep.loginWithInvalidEmail()&amp#27;[0m
23:14:20.857 [main] DEBUG net.thucydides.core.steps.StepInterceptor -- STARTING STEP: createProductsStep.receiveStatuscode400 - I receive status code 400
  &amp#27;[31mThen &amp#27;[0m&amp#27;[31mI receive status code 400&amp#27;[0m                               &amp#27;[90m# starter.stepdefinitions.products.createProductsStep.receiveStatuscode400()&amp#27;[0m
      &amp#27;[31mjava.lang.AssertionError: 1 expectation failed.
Expected status code <400> but was <200>.

	at java.base/jdk.internal.reflect.DirectConstructorHandleAccessor.newInstance(DirectConstructorHandleAccessor.java:67)
	at java.base/java.lang.reflect.Constructor.newInstanceWithCaller(Constructor.java:500)
	at java.base/java.lang.reflect.Constructor.newInstance(Constructor.java:484)
	at org.codehaus.groovy.reflection.CachedConstructor.invoke(CachedConstructor.java:73)
	at org.codehaus.groovy.runtime.callsite.ConstructorSite$ConstructorSiteNoUnwrapNoCoerce.callConstructor(ConstructorSite.java:108)
	at org.codehaus.groovy.runtime.callsite.CallSiteArray.defaultCallConstructor(CallSiteArray.java:57)
	at org.codehaus.groovy.runtime.callsite.AbstractCallSite.callConstructor(AbstractCallSite.java:263)
	at org.codehaus.groovy.runtime.callsite.AbstractCallSite.callConstructor(AbstractCallSite.java:277)
	at io.restassured.internal.ResponseSpecificationImpl$HamcrestAssertionClosure.validate(ResponseSpecificationImpl.groovy:512)
	at io.restassured.internal.ResponseSpecificationImpl$HamcrestAssertionClosure$validate$1.call(Unknown Source)
	at io.restassured.internal.ResponseSpecificationImpl.validateResponseIfRequired(ResponseSpecificationImpl.groovy:696)
	at io.restassured.internal.ResponseSpecificationImpl.this$2$validateResponseIfRequired(ResponseSpecificationImpl.groovy)
	at java.base/jdk.internal.reflect.DirectMethodHandleAccessor.invoke(DirectMethodHandleAccessor.java:104)
	at java.base/java.lang.reflect.Method.invoke(Method.java:578)
	at org.codehaus.groovy.runtime.callsite.PlainObjectMetaMethodSite.doInvoke(PlainObjectMetaMethodSite.java:43)
	at org.codehaus.groovy.runtime.callsite.PogoMetaMethodSite$PogoCachedMethodSiteNoUnwrapNoCoerce.invoke(PogoMetaMethodSite.java:198)
	at org.codehaus.groovy.runtime.callsite.PogoMetaMethodSite.callCurrent(PogoMetaMethodSite.java:62)
	at org.codehaus.groovy.runtime.callsite.AbstractCallSite.callCurrent(AbstractCallSite.java:185)
	at io.restassured.internal.ResponseSpecificationImpl.statusCode(ResponseSpecificationImpl.groovy:135)
	at io.restassured.specification.ResponseSpecification$statusCode$0.callCurrent(Unknown Source)
	at io.restassured.internal.ResponseSpecificationImpl.statusCode(ResponseSpecificationImpl.groovy:143)
	at io.restassured.internal.ValidatableResponseOptionsImpl.statusCode(ValidatableResponseOptionsImpl.java:89)
	at starter.products.createProducts.lambda$receiveStatusCode400$1(createProducts.java:61)
	at net.serenitybdd.rest.SerenityRest.restAssuredThat(SerenityRest.java:626)
	at starter.products.createProducts.receiveStatusCode400(createProducts.java:61)
	at starter.products.createProducts$ByteBuddy$PK67KvAN.receiveStatusCode400$accessor$LJ1pafun(Unknown Source)
	at java.base/jdk.internal.reflect.DirectMethodHandleAccessor.invoke(DirectMethodHandleAccessor.java:104)
	at java.base/java.lang.reflect.Method.invoke(Method.java:578)
	at net.thucydides.core.steps.StepInterceptor.invokeMethod(StepInterceptor.java:524)
	at net.thucydides.core.steps.StepInterceptor.executeTestStepMethod(StepInterceptor.java:504)
	at net.thucydides.core.steps.StepInterceptor.runTestStep(StepInterceptor.java:476)
	at net.thucydides.core.steps.StepInterceptor.runOrSkipMethod(StepInterceptor.java:218)
	at net.thucydides.core.steps.StepInterceptor.testStepResult(StepInterceptor.java:205)
	at net.thucydides.core.steps.StepInterceptor.intercept(StepInterceptor.java:93)
	at net.thucydides.core.steps.ProxyConfiguration$InterceptorDispatcher.intercept(ProxyConfiguration.java:51)
	at starter.products.createProducts$ByteBuddy$PK67KvAN.receiveStatusCode400(Unknown Source)
	at starter.stepdefinitions.products.createProductsStep.receiveStatuscode400(createProductsStep.java:30)
	at ✽.I receive status code 400(file:///Users/kayiin/Documents/A.%20Studi%20Independen/mini-project-fadillah/API_Testing/src/test/resources/features/api/Authentication/Login.feature:15)
&amp#27;[0m
  &amp#27;[36mAnd &amp#27;[0m&amp#27;[36mI receive error message invalid email &amp#27;[0m&amp#27;[36m&amp#27;[1m"record not found"&amp#27;[0m &amp#27;[90m# starter.stepdefinitions.authentication.LoginStep.receiveErrorMessageInvalidEmail(java.lang.String)&amp#27;[0m
]]></system-out>
  </testcase>
  <testcase name="As a user, I cannot login with invalid password" classname="Login" time="0.335"/>
  <testcase name="As a user, I cannot login with empty inputs" classname="Login" time="0.525"/>
  <testcase name="As a user, I cannot login with unregistered email" classname="Login" time="1.142"/>
  <testcase name="As a user, I can register with valid inputs" classname="Register" time="0.236"/>
  <testcase name="As a user, I cannot register with invalid email" classname="Register" time="0.265">
    <failure message="1 expectation failed.&#10;JSON path error doesn&apos;t match.&#10;Expected: ERROR: invalid email&#10;  Actual: ERROR: duplicate key value violates unique constraint \&quot;users_email_key\&quot; (SQLSTATE 23505)&#10;" type="java.lang.AssertionError">java.lang.AssertionError: 
1 expectation failed.
JSON path error doesn't match.
Expected: ERROR: invalid email
  Actual: ERROR: duplicate key value violates unique constraint \"users_email_key\" (SQLSTATE 23505)

</failure>
    <system-out><![CDATA[
Scenario: As a user, I cannot register with invalid email &amp#27;[90m# src/test/resources/features/api/Authentication/Register.feature:12&amp#27;[0m
23:14:23.605 [main] DEBUG io.cucumber.core.plugin.SerenityReporter -- Running feature from file:///Users/kayiin/Documents/A.%20Studi%20Independen/mini-project-fadillah/API_Testing/src/test/resources/features/api/Authentication/Register.feature
23:14:23.610 [main] INFO  -- 
  _____   ___   ___   _____     ___   _____     _     ___   _____   ___   ___  
 |_   _| | __| / __| |_   _|   / __| |_   _|   /_\   | _ \ |_   _| | __| |   \ 
   | |   | _|  \__ \   | |     \__ \   | |    / _ \  |   /   | |   | _|  | |) |
   |_|   |___| |___/   |_|     |___/   |_|   /_/ \_\ |_|_\   |_|   |___| |___/ 

As a user, I cannot register with invalid email(register;as-a-user--i-cannot-register-with-invalid-email)
--------------------------------------------------------------------------------
  &amp#27;[32mGiven &amp#27;[0m&amp#27;[32mI set API endpoint for register&amp#27;[0m                   &amp#27;[90m# starter.stepdefinitions.authentication.registerStep.setAPIEndpointForRegister()&amp#27;[0m
23:14:23.628 [main] DEBUG net.thucydides.core.steps.StepInterceptor -- STARTING STEP: registerStep.registerWithInvalidEmail - I send request to register with invalid email
23:14:23.772 [main] DEBUG net.thucydides.core.steps.StepInterceptor -- STEP DONE: I send request to register with invalid email
  &amp#27;[32mWhen &amp#27;[0m&amp#27;[32mI send request to register with invalid email&amp#27;[0m      &amp#27;[90m# starter.stepdefinitions.authentication.registerStep.registerWithInvalidEmail()&amp#27;[0m
23:14:23.785 [main] DEBUG net.thucydides.core.steps.StepInterceptor -- STARTING STEP: createProductsStep.receiveStatuscode400 - I receive status code 400
23:14:23.786 [main] DEBUG net.thucydides.core.steps.StepInterceptor -- STEP DONE: I receive status code 400
  &amp#27;[32mThen &amp#27;[0m&amp#27;[32mI receive status code 400&amp#27;[0m                          &amp#27;[90m# starter.stepdefinitions.products.createProductsStep.receiveStatuscode400()&amp#27;[0m
23:14:23.791 [main] DEBUG net.thucydides.core.steps.StepInterceptor -- STARTING STEP: registerStep.errorMessageInvalidEmail - I receive error message 'ERROR: invalid email'
  &amp#27;[31mAnd &amp#27;[0m&amp#27;[31mI receive error message &amp#27;[0m&amp#27;[31m&amp#27;[1m"ERROR: invalid email"&amp#27;[0m      &amp#27;[90m# starter.stepdefinitions.authentication.registerStep.errorMessageInvalidEmail(java.lang.String)&amp#27;[0m
      &amp#27;[31mjava.lang.AssertionError: 1 expectation failed.
JSON path error doesn't match.
Expected: ERROR: invalid email
  Actual: ERROR: duplicate key value violates unique constraint \"users_email_key\" (SQLSTATE 23505)

	at java.base/jdk.internal.reflect.DirectConstructorHandleAccessor.newInstance(DirectConstructorHandleAccessor.java:67)
	at java.base/java.lang.reflect.Constructor.newInstanceWithCaller(Constructor.java:500)
	at java.base/java.lang.reflect.Constructor.newInstance(Constructor.java:484)
	at org.codehaus.groovy.reflection.CachedConstructor.invoke(CachedConstructor.java:73)
	at org.codehaus.groovy.runtime.callsite.ConstructorSite$ConstructorSiteNoUnwrapNoCoerce.callConstructor(ConstructorSite.java:108)
	at org.codehaus.groovy.runtime.callsite.AbstractCallSite.callConstructor(AbstractCallSite.java:277)
	at io.restassured.internal.ResponseSpecificationImpl$HamcrestAssertionClosure.validate(ResponseSpecificationImpl.groovy:512)
	at io.restassured.internal.ResponseSpecificationImpl$HamcrestAssertionClosure$validate$1.call(Unknown Source)
	at io.restassured.internal.ResponseSpecificationImpl.validateResponseIfRequired(ResponseSpecificationImpl.groovy:696)
	at io.restassured.internal.ResponseSpecificationImpl.this$2$validateResponseIfRequired(ResponseSpecificationImpl.groovy)
	at java.base/jdk.internal.reflect.DirectMethodHandleAccessor.invoke(DirectMethodHandleAccessor.java:104)
	at java.base/java.lang.reflect.Method.invoke(Method.java:578)
	at org.codehaus.groovy.runtime.callsite.PlainObjectMetaMethodSite.doInvoke(PlainObjectMetaMethodSite.java:43)
	at org.codehaus.groovy.runtime.callsite.PogoMetaMethodSite$PogoCachedMethodSiteNoUnwrapNoCoerce.invoke(PogoMetaMethodSite.java:198)
	at org.codehaus.groovy.runtime.callsite.PogoMetaMethodSite.callCurrent(PogoMetaMethodSite.java:62)
	at org.codehaus.groovy.runtime.callsite.AbstractCallSite.callCurrent(AbstractCallSite.java:185)
	at io.restassured.internal.ResponseSpecificationImpl.body(ResponseSpecificationImpl.groovy:270)
	at io.restassured.specification.ResponseSpecification$body$1.callCurrent(Unknown Source)
	at org.codehaus.groovy.runtime.callsite.CallSiteArray.defaultCallCurrent(CallSiteArray.java:49)
	at io.restassured.specification.ResponseSpecification$body$1.callCurrent(Unknown Source)
	at io.restassured.internal.ResponseSpecificationImpl.body(ResponseSpecificationImpl.groovy:117)
	at io.restassured.internal.ValidatableResponseOptionsImpl.body(ValidatableResponseOptionsImpl.java:244)
	at starter.authentication.register.lambda$errorMessageInvalidEmail$2(register.java:67)
	at net.serenitybdd.rest.SerenityRest.restAssuredThat(SerenityRest.java:626)
	at starter.authentication.register.errorMessageInvalidEmail(register.java:66)
	at starter.authentication.register$ByteBuddy$WywDbz2Q.errorMessageInvalidEmail$accessor$XovIznER(Unknown Source)
	at java.base/jdk.internal.reflect.DirectMethodHandleAccessor.invoke(DirectMethodHandleAccessor.java:104)
	at java.base/java.lang.reflect.Method.invoke(Method.java:578)
	at net.thucydides.core.steps.StepInterceptor.invokeMethod(StepInterceptor.java:524)
	at net.thucydides.core.steps.StepInterceptor.executeTestStepMethod(StepInterceptor.java:504)
	at net.thucydides.core.steps.StepInterceptor.runTestStep(StepInterceptor.java:476)
	at net.thucydides.core.steps.StepInterceptor.runOrSkipMethod(StepInterceptor.java:218)
	at net.thucydides.core.steps.StepInterceptor.testStepResult(StepInterceptor.java:205)
	at net.thucydides.core.steps.StepInterceptor.intercept(StepInterceptor.java:93)
	at net.thucydides.core.steps.ProxyConfiguration$InterceptorDispatcher.intercept(ProxyConfiguration.java:51)
	at starter.authentication.register$ByteBuddy$WywDbz2Q.errorMessageInvalidEmail(Unknown Source)
	at starter.stepdefinitions.authentication.registerStep.errorMessageInvalidEmail(registerStep.java:35)
	at ✽.I receive error message "ERROR: invalid email"(file:///Users/kayiin/Documents/A.%20Studi%20Independen/mini-project-fadillah/API_Testing/src/test/resources/features/api/Authentication/Register.feature:16)
&amp#27;[0m
]]></system-out>
  </testcase>
  <testcase name="As a user, I can register with empty inputs" classname="Register" time="0.229"/>
  <testcase name="As a user, i can get all user" classname="Get All User" time="0.311"/>
  <testcase name="As a user I can create a new category" classname="Create Category" time="0.217"/>
  <testcase name="As a user I cannot create a new category with empty inputs" classname="Create Category" time="0.191"/>
  <testcase name="As a user, i can delete a category" classname="Delete Category" time="0.521"/>
  <testcase name="As a user I can create a new category" classname="Get Category" time="0.338"/>
  <testcase name="As a user, I can get a category by id" classname="Get Category By Id" time="0.18"/>
  <testcase name="As a user, I cannot get a category by unexisted id" classname="Get Category By Id" time="0.195"/>
  <testcase name="As a user, I can create order with valid inputs" classname="Create Order" time="0.211"/>
  <testcase name="As a user, I cannot create order with invalid ID" classname="Create Order" time="0.231"/>
  <testcase name="As a user, I cannot create order with no quantity" classname="Create Order" time="0.259">
    <failure message="1 expectation failed.&#10;Expected status code &lt;400&gt; but was &lt;200&gt;.&#10;" type="java.lang.AssertionError"><![CDATA[java.lang.AssertionError: 
1 expectation failed.
Expected status code <400> but was <200>.

]]></failure>
    <system-out><![CDATA[
Scenario: As a user, I cannot create order with no quantity &amp#27;[90m# src/test/resources/features/api/Order/CreateOrder.feature:18&amp#27;[0m
23:14:26.526 [main] DEBUG io.cucumber.core.plugin.SerenityReporter -- Running feature from file:///Users/kayiin/Documents/A.%20Studi%20Independen/mini-project-fadillah/API_Testing/src/test/resources/features/api/Order/CreateOrder.feature
23:14:26.531 [main] INFO  -- 
  _____   ___   ___   _____     ___   _____     _     ___   _____   ___   ___  
 |_   _| | __| / __| |_   _|   / __| |_   _|   /_\   | _ \ |_   _| | __| |   \ 
   | |   | _|  \__ \   | |     \__ \   | |    / _ \  |   /   | |   | _|  | |) |
   |_|   |___| |___/   |_|     |___/   |_|   /_/ \_\ |_|_\   |_|   |___| |___/ 

As a user, I cannot create order with no quantity(create-order;as-a-user--i-cannot-create-order-with-no-quantity)
--------------------------------------------------------------------------------
  &amp#27;[32mGiven &amp#27;[0m&amp#27;[32mI set API endpoint for all order&amp#27;[0m                    &amp#27;[90m# starter.stepdefinitions.order.createOrderStep.setAPIEndpointForAllOrder()&amp#27;[0m
23:14:26.555 [main] DEBUG net.thucydides.core.steps.StepInterceptor -- STARTING STEP: createOrderStep.createOrderWithNoQuantity - I send request to create order with no quantity
23:14:26.714 [main] DEBUG net.thucydides.core.steps.StepInterceptor -- STEP DONE: I send request to create order with no quantity
  &amp#27;[32mWhen &amp#27;[0m&amp#27;[32mI send request to create order with no quantity&amp#27;[0m      &amp#27;[90m# starter.stepdefinitions.order.createOrderStep.createOrderWithNoQuantity()&amp#27;[0m
23:14:26.728 [main] DEBUG net.thucydides.core.steps.StepInterceptor -- STARTING STEP: createProductsStep.receiveStatuscode400 - I receive status code 400
  &amp#27;[31mThen &amp#27;[0m&amp#27;[31mI receive status code 400&amp#27;[0m                            &amp#27;[90m# starter.stepdefinitions.products.createProductsStep.receiveStatuscode400()&amp#27;[0m
      &amp#27;[31mjava.lang.AssertionError: 1 expectation failed.
Expected status code <400> but was <200>.

	at java.base/jdk.internal.reflect.DirectConstructorHandleAccessor.newInstance(DirectConstructorHandleAccessor.java:67)
	at java.base/java.lang.reflect.Constructor.newInstanceWithCaller(Constructor.java:500)
	at java.base/java.lang.reflect.Constructor.newInstance(Constructor.java:484)
	at org.codehaus.groovy.reflection.CachedConstructor.invoke(CachedConstructor.java:73)
	at org.codehaus.groovy.runtime.callsite.ConstructorSite$ConstructorSiteNoUnwrapNoCoerce.callConstructor(ConstructorSite.java:108)
	at org.codehaus.groovy.runtime.callsite.AbstractCallSite.callConstructor(AbstractCallSite.java:277)
	at io.restassured.internal.ResponseSpecificationImpl$HamcrestAssertionClosure.validate(ResponseSpecificationImpl.groovy:512)
	at io.restassured.internal.ResponseSpecificationImpl$HamcrestAssertionClosure$validate$1.call(Unknown Source)
	at io.restassured.internal.ResponseSpecificationImpl.validateResponseIfRequired(ResponseSpecificationImpl.groovy:696)
	at io.restassured.internal.ResponseSpecificationImpl.this$2$validateResponseIfRequired(ResponseSpecificationImpl.groovy)
	at java.base/jdk.internal.reflect.DirectMethodHandleAccessor.invoke(DirectMethodHandleAccessor.java:104)
	at java.base/java.lang.reflect.Method.invoke(Method.java:578)
	at org.codehaus.groovy.runtime.callsite.PlainObjectMetaMethodSite.doInvoke(PlainObjectMetaMethodSite.java:43)
	at org.codehaus.groovy.runtime.callsite.PogoMetaMethodSite$PogoCachedMethodSiteNoUnwrapNoCoerce.invoke(PogoMetaMethodSite.java:198)
	at org.codehaus.groovy.runtime.callsite.PogoMetaMethodSite.callCurrent(PogoMetaMethodSite.java:62)
	at org.codehaus.groovy.runtime.callsite.AbstractCallSite.callCurrent(AbstractCallSite.java:185)
	at io.restassured.internal.ResponseSpecificationImpl.statusCode(ResponseSpecificationImpl.groovy:135)
	at io.restassured.specification.ResponseSpecification$statusCode$0.callCurrent(Unknown Source)
	at io.restassured.internal.ResponseSpecificationImpl.statusCode(ResponseSpecificationImpl.groovy:143)
	at io.restassured.internal.ValidatableResponseOptionsImpl.statusCode(ValidatableResponseOptionsImpl.java:89)
	at starter.products.createProducts.lambda$receiveStatusCode400$1(createProducts.java:61)
	at net.serenitybdd.rest.SerenityRest.restAssuredThat(SerenityRest.java:626)
	at starter.products.createProducts.receiveStatusCode400(createProducts.java:61)
	at starter.products.createProducts$ByteBuddy$PK67KvAN.receiveStatusCode400$accessor$LJ1pafun(Unknown Source)
	at java.base/jdk.internal.reflect.DirectMethodHandleAccessor.invoke(DirectMethodHandleAccessor.java:104)
	at java.base/java.lang.reflect.Method.invoke(Method.java:578)
	at net.thucydides.core.steps.StepInterceptor.invokeMethod(StepInterceptor.java:524)
	at net.thucydides.core.steps.StepInterceptor.executeTestStepMethod(StepInterceptor.java:504)
	at net.thucydides.core.steps.StepInterceptor.runTestStep(StepInterceptor.java:476)
	at net.thucydides.core.steps.StepInterceptor.runOrSkipMethod(StepInterceptor.java:218)
	at net.thucydides.core.steps.StepInterceptor.testStepResult(StepInterceptor.java:205)
	at net.thucydides.core.steps.StepInterceptor.intercept(StepInterceptor.java:93)
	at net.thucydides.core.steps.ProxyConfiguration$InterceptorDispatcher.intercept(ProxyConfiguration.java:51)
	at starter.products.createProducts$ByteBuddy$PK67KvAN.receiveStatusCode400(Unknown Source)
	at starter.stepdefinitions.products.createProductsStep.receiveStatuscode400(createProductsStep.java:30)
	at ✽.I receive status code 400(file:///Users/kayiin/Documents/A.%20Studi%20Independen/mini-project-fadillah/API_Testing/src/test/resources/features/api/Order/CreateOrder.feature:21)
&amp#27;[0m
]]></system-out>
  </testcase>
  <testcase name="As a user, I can get all order" classname="Get All Order" time="0.711"/>
  <testcase name="As a user, i can assign rating for a product" classname="Assign Rating" time="0.379"/>
  <testcase name="As a user, i cannot assign rating for unexisted product" classname="Assign Rating" time="0.313"/>
  <testcase name="As a user, i can get a product rating" classname="Assign Rating" time="0.218"/>
  <testcase name="As a user I can post a comment" classname="Comment" time="0.203"/>
  <testcase name="As a user I can get a comment" classname="Comment" time="0.208"/>
  <testcase name="As a user, I can create a product with valid inputs" classname="Create Product" time="0.209"/>
  <testcase name="As a user, I cannot create a product with empty inputs" classname="Create Product" time="0.194"/>
  <testcase name="As a user, I cannot create a product with invalid price" classname="Create Product" time="0.224"/>
  <testcase name="As a user, I can delete a product" classname="Delete Product" time="0.2"/>
  <testcase name="As a user, I want to get all products" classname="Get all products" time="1.779"/>
  <testcase name="As a user, I can get product by ID" classname="Get Product By ID" time="0.153"/>
  <testcase name="As a user, I cannot get product by unexisted ID" classname="Get Product By ID" time="0.18"/>
</testsuite>