<?xml version="1.0" encoding="UTF-8" standalone="no"?><testsuite errors="0" failures="0" name="Login" skipped="0" tests="5" time="5.73" timestamp="2024-05-12 11:53:39"><testcase name="As a user, I can login with valid credentials"/><testcase name="As a user, I cannot login with invalid email"/><testcase name="As a user, I cannot login with invalid password"/><testcase name="As a user, I cannot login with empty inputs"/><testcase name="As a user, I cannot login with unregistered email"/></testsuite>