<?xml version="1.0" encoding="UTF-8" standalone="no"?><testsuite errors="0" failures="1" name="Create Order" skipped="0" tests="3" time="0.11" timestamp="2024-05-12 08:28:47"><testcase name="As a user, I can create order with valid inputs"/><testcase name="As a user, I cannot create order with invalid ID"/><testcase name="As a user, I cannot create order with no quantity"><failure message="1 expectation failed.&#10;Expected status code &lt;400&gt; but was &lt;200&gt;.&#10;" type="java.lang.AssertionError">1 expectation failed.
Expected status code &lt;400&gt; but was &lt;200&gt;.
</failure><system-err>1 expectation failed.
Expected status code &lt;400&gt; but was &lt;200&gt;.

io.restassured.internal.ResponseSpecificationImpl.validateResponseIfRequired(ResponseSpecificationImpl.groovy:696)
io.restassured.internal.ResponseSpecificationImpl.this$2$validateResponseIfRequired(ResponseSpecificationImpl.groovy)
io.restassured.internal.ResponseSpecificationImpl.statusCode(ResponseSpecificationImpl.groovy:135)
io.restassured.internal.ResponseSpecificationImpl.statusCode(ResponseSpecificationImpl.groovy:143)
io.restassured.internal.ValidatableResponseOptionsImpl.statusCode(ValidatableResponseOptionsImpl.java:89)
starter.products.createProducts.lambda$receiveStatusCode400$1(createProducts.java:61)
net.serenitybdd.rest.SerenityRest.restAssuredThat(SerenityRest.java:626)
starter.products.createProducts.receiveStatusCode400(createProducts.java:61)
starter.stepdefinitions.products.createProductsStep.receiveStatuscode400(createProductsStep.java:30)
</system-err></testcase></testsuite>